Using pre-set license
Built from '2023.1/staging' branch; Version is '2023.1.7f1 (4f4e359ec3fc) revision 5197365'; Using compiler version '192829333'; Build Type 'Release'
OS: 'Windows 11  (10.0.22631) 64bit Education' Language: 'en' Physical Memory: 16053 MB
BatchMode: 1, IsHumanControllingUs: 0, StartBugReporterOnCrash: 0, Is64bit: 1, IsPro: 1

COMMAND LINE ARGUMENTS:
C:\Program Files\Unity 2023.1.7f1\Editor\Unity.exe
-adb2
-batchMode
-noUpm
-name
AssetImportWorker15
-projectPath
C:/Users/jasm076/Documents/GitHub/Muck
-logFile
Logs/AssetImportWorker15.log
-srvPort
57128
Successfully changed project path to: C:/Users/jasm076/Documents/GitHub/Muck
C:/Users/jasm076/Documents/GitHub/Muck
[UnityMemory] Configuration Parameters - Can be set up in boot.config
    "memorysetup-bucket-allocator-granularity=16"
    "memorysetup-bucket-allocator-bucket-count=8"
    "memorysetup-bucket-allocator-block-size=33554432"
    "memorysetup-bucket-allocator-block-count=8"
    "memorysetup-main-allocator-block-size=16777216"
    "memorysetup-thread-allocator-block-size=16777216"
    "memorysetup-gfx-main-allocator-block-size=16777216"
    "memorysetup-gfx-thread-allocator-block-size=16777216"
    "memorysetup-cache-allocator-block-size=4194304"
    "memorysetup-typetree-allocator-block-size=2097152"
    "memorysetup-profiler-bucket-allocator-granularity=16"
    "memorysetup-profiler-bucket-allocator-bucket-count=8"
    "memorysetup-profiler-bucket-allocator-block-size=33554432"
    "memorysetup-profiler-bucket-allocator-block-count=8"
    "memorysetup-profiler-allocator-block-size=16777216"
    "memorysetup-profiler-editor-allocator-block-size=1048576"
    "memorysetup-temp-allocator-size-main=16777216"
    "memorysetup-job-temp-allocator-block-size=2097152"
    "memorysetup-job-temp-allocator-block-size-background=1048576"
    "memorysetup-job-temp-allocator-reduction-small-platforms=262144"
    "memorysetup-allocator-temp-initial-block-size-main=262144"
    "memorysetup-allocator-temp-initial-block-size-worker=262144"
    "memorysetup-temp-allocator-size-background-worker=32768"
    "memorysetup-temp-allocator-size-job-worker=262144"
    "memorysetup-temp-allocator-size-preload-manager=33554432"
    "memorysetup-temp-allocator-size-nav-mesh-worker=65536"
    "memorysetup-temp-allocator-size-audio-worker=65536"
    "memorysetup-temp-allocator-size-cloud-worker=32768"
    "memorysetup-temp-allocator-size-gi-baking-worker=262144"
    "memorysetup-temp-allocator-size-gfx=262144"
Player connection [20608] Host "[IP] 10.10.22.141 [Port] 0 [Flags] 2 [Guid] 728247617 [EditorId] 728247617 [Version] 1048832 [Id] WindowsEditor(7,OA-CTC-A234-11) [Debug] 1 [PackageName] WindowsEditor [ProjectName] Editor" joined multi-casting on [225.0.0.222:54997]...

Player connection [20608] Host "[IP] 10.10.22.141 [Port] 0 [Flags] 2 [Guid] 728247617 [EditorId] 728247617 [Version] 1048832 [Id] WindowsEditor(7,OA-CTC-A234-11) [Debug] 1 [PackageName] WindowsEditor [ProjectName] Editor" joined alternative multi-casting on [225.0.0.222:34997]...

Library Redirect Path: Library/Refreshing native plugins compatible for Editor in 1051.30 ms, found 3 plugins.
Preloading 0 native plugins for Editor in 0.00 ms.
Initialize engine version: 2023.1.7f1 (4f4e359ec3fc)
[Subsystems] Discovering subsystems at path C:/Program Files/Unity 2023.1.7f1/Editor/Data/Resources/UnitySubsystems
[Subsystems] Discovering subsystems at path C:/Users/jasm076/Documents/GitHub/Muck/Assets
GfxDevice: creating device client; threaded=0; jobified=0
Direct3D:
    Version:  Direct3D 11.0 [level 11.1]
    Renderer: NVIDIA GeForce RTX 3060 (ID=0x2504)
    Vendor:   NVIDIA
    VRAM:     12129 MB
    Driver:   31.0.15.3130
Initialize mono
Mono path[0] = 'C:/Program Files/Unity 2023.1.7f1/Editor/Data/Managed'
Mono path[1] = 'C:/Program Files/Unity 2023.1.7f1/Editor/Data/MonoBleedingEdge/lib/mono/unityjit-win32'
Mono config path = 'C:/Program Files/Unity 2023.1.7f1/Editor/Data/MonoBleedingEdge/etc'
Using monoOptions --debugger-agent=transport=dt_socket,embedding=1,server=y,suspend=n,address=127.0.0.1:56468
Begin MonoManager ReloadAssembly
C:\build\output\Unity-Technologies\mono\mono\metadata\icall.c:1842:
C:\build\output\Unity-Technologies\mono\mono\metadata\icall.c:1842:
C:\build\output\Unity-Technologies\mono\mono\metadata\icall.c:1842:
C:\build\output\Unity-Technologies\mono\mono\metadata\icall.c:1842:
C:\build\output\Unity-Technologies\mono\mono\metadata\icall.c:1842:
C:\build\output\Unity-Technologies\mono\mono\metadata\icall.c:1842:
C:\build\output\Unity-Technologies\mono\mono\metadata\icall.c:1842:
C:\build\output\Unity-Technologies\mono\mono\metadata\icall.c:1842:
C:\build\output\Unity-Technologies\mono\mono\metadata\icall.c:1842:
C:\build\output\Unity-Technologies\mono\mono\metadata\icall.c:1842:
Registering precompiled unity dll's ...
Register platform support module: C:/Program Files/Unity 2023.1.7f1/Editor/Data/PlaybackEngines/WebGLSupport/UnityEditor.WebGL.Extensions.dll
Register platform support module: C:/Program Files/Unity 2023.1.7f1/Editor/Data/PlaybackEngines/WindowsStandaloneSupport/UnityEditor.WindowsStandalone.Extensions.dll
Register platform support module: C:/Program Files/Unity 2023.1.7f1/Editor/Data/PlaybackEngines/MetroSupport/UnityEditor.UWP.Extensions.dll
Register platform support module: C:/Program Files/Unity 2023.1.7f1/Editor/Data/PlaybackEngines/AndroidPlayer/UnityEditor.Android.Extensions.dll
Registered in 0.006117 seconds.
- Loaded All Assemblies, in  0.288 seconds
Native extension for Android target not found
Native extension for UWP target not found
Native extension for WindowsStandalone target not found
Native extension for WebGL target not found
Mono: successfully reloaded assembly
C:\build\output\Unity-Technologies\mono\mono\metadata\icall.c:1842:
C:\build\output\Unity-Technologies\mono\mono\metadata\icall.c:1842:
- Finished resetting the current domain, in  0.232 seconds
Domain Reload Profiling: 518ms
	BeginReloadAssembly (86ms)
		ExecutionOrderSort (0ms)
		DisableScriptedObjects (0ms)
		BackupInstance (0ms)
		ReleaseScriptingObjects (0ms)
		CreateAndSetChildDomain (1ms)
	RebuildCommonClasses (24ms)
	RebuildNativeTypeToScriptingClass (7ms)
	initialDomainReloadingComplete (42ms)
	LoadAllAssembliesAndSetupDomain (127ms)
		LoadAssemblies (83ms)
		RebuildTransferFunctionScriptingTraits (0ms)
		AnalyzeDomain (123ms)
			TypeCache.Refresh (122ms)
				TypeCache.ScanAssembly (111ms)
			ScanForSourceGeneratedMonoScriptInfo (0ms)
			ResolveRequiredComponents (0ms)
	FinalizeReload (232ms)
		ReleaseScriptCaches (0ms)
		RebuildScriptCaches (0ms)
		SetupLoadedEditorAssemblies (201ms)
			LogAssemblyErrors (0ms)
			InitializePlatformSupportModulesInManaged (68ms)
			SetLoadedEditorAssemblies (2ms)
			BeforeProcessingInitializeOnLoad (5ms)
			ProcessInitializeOnLoadAttributes (87ms)
			ProcessInitializeOnLoadMethodAttributes (40ms)
			AfterProcessingInitializeOnLoad (0ms)
			EditorAssembliesLoaded (0ms)
		ExecutionOrderSort2 (0ms)
		AwakeInstancesAfterBackupRestoration (0ms)
========================================================================
Worker process is ready to serve import requests
Import Worker Mode flag is 0x00
Begin MonoManager ReloadAssembly
C:\build\output\Unity-Technologies\mono\mono\metadata\icall.c:1842:
C:\build\output\Unity-Technologies\mono\mono\metadata\icall.c:1842:
C:\build\output\Unity-Technologies\mono\mono\metadata\icall.c:1842:
C:\build\output\Unity-Technologies\mono\mono\metadata\icall.c:1842:
C:\build\output\Unity-Technologies\mono\mono\metadata\icall.c:1842:
C:\build\output\Unity-Technologies\mono\mono\metadata\icall.c:1842:
C:\build\output\Unity-Technologies\mono\mono\metadata\icall.c:1842:
C:\build\output\Unity-Technologies\mono\mono\metadata\icall.c:1842:
C:\build\output\Unity-Technologies\mono\mono\metadata\icall.c:1842:
C:\build\output\Unity-Technologies\mono\mono\metadata\icall.c:1842:
C:\build\output\Unity-Technologies\mono\mono\metadata\icall.c:1842:
C:\build\output\Unity-Technologies\mono\mono\metadata\icall.c:1842:
- Loaded All Assemblies, in  3.398 seconds
Refreshing native plugins compatible for Editor in 2.14 ms, found 3 plugins.
Native extension for Android target not found
Native extension for UWP target not found
Native extension for WindowsStandalone target not found
Native extension for WebGL target not found
Mono: successfully reloaded assembly
- Finished resetting the current domain, in  0.517 seconds
Domain Reload Profiling: 3914ms
	BeginReloadAssembly (187ms)
		ExecutionOrderSort (0ms)
		DisableScriptedObjects (4ms)
		BackupInstance (0ms)
		ReleaseScriptingObjects (0ms)
		CreateAndSetChildDomain (22ms)
	RebuildCommonClasses (22ms)
	RebuildNativeTypeToScriptingClass (7ms)
	initialDomainReloadingComplete (25ms)
	LoadAllAssembliesAndSetupDomain (3156ms)
		LoadAssemblies (3029ms)
		RebuildTransferFunctionScriptingTraits (0ms)
		AnalyzeDomain (189ms)
			TypeCache.Refresh (178ms)
				TypeCache.ScanAssembly (167ms)
			ScanForSourceGeneratedMonoScriptInfo (7ms)
			ResolveRequiredComponents (4ms)
	FinalizeReload (517ms)
		ReleaseScriptCaches (0ms)
		RebuildScriptCaches (0ms)
		SetupLoadedEditorAssemblies (291ms)
			LogAssemblyErrors (0ms)
			InitializePlatformSupportModulesInManaged (25ms)
			SetLoadedEditorAssemblies (3ms)
			BeforeProcessingInitializeOnLoad (45ms)
			ProcessInitializeOnLoadAttributes (195ms)
			ProcessInitializeOnLoadMethodAttributes (19ms)
			AfterProcessingInitializeOnLoad (4ms)
			EditorAssembliesLoaded (0ms)
		ExecutionOrderSort2 (0ms)
		AwakeInstancesAfterBackupRestoration (7ms)
Launched and connected shader compiler UnityShaderCompiler.exe after 0.03 seconds
Refreshing native plugins compatible for Editor in 1.93 ms, found 3 plugins.
Preloading 0 native plugins for Editor in 0.00 ms.
Unloading 2002 Unused Serialized files (Serialized files now loaded: 0)
Unloading 46 unused Assets / (1.0 MB). Loaded Objects now: 2534.
Memory consumption went from 118.8 MB to 117.8 MB.
Total: 3.324600 ms (FindLiveObjects: 0.106100 ms CreateObjectMapping: 0.038900 ms MarkObjects: 2.975600 ms  DeleteObjects: 0.203300 ms)

AssetImportParameters requested are different than current active one (requested -> active):
  custom:container-demuxer-ogg: 62fdf1f143b41e24485cea50d1cbac27 -> 
  custom:framework-win-MediaFoundation: 216162199b28c13a410421893ffa2e32 -> 
  custom:video-decoder-webm-vp8: 9c59270c3fd7afecdb556c50c9e8de78 -> 
  custom:audio-encoder-webm-vorbis: bf7c407c2cedff20999df2af8eb42d56 -> 
  custom:video-decoder-ogg-theora: a1e56fd34408186e4bbccfd4996cb3dc -> 
  custom:container-muxer-webm: aa71ff27fc2769a1b78a27578f13a17b -> 
  custom:AudioImporter_EditorPlatform: d09bf68614088b80899f8185d706f6e7 -> 
  custom:audio-decoder-ogg-vorbis: bf7c407c2cedff20999df2af8eb42d56 -> 
  custom:video-codec-MediaFoundation-h265: 746d11721c4dcdbdad8f713fa42b33f4 -> 
  custom:CustomObjectIndexerAttribute: 756ad292c208cfabdd7b50bc23989ffe -> 
  custom:container-demuxer-webm: 4f35f7cbe854078d1ac9338744f61a02 -> 
  custom:video-encoder-webm-vp8: eb34c28f22e8b96e1ab97ce403110664 -> 
========================================================================
Received Import Request.
  Time since last request: 4365.105631 seconds.
  path: Packages/com.unity.timeline/Editor/StyleSheets/Extensions/common.uss
  artifactKey: Guid(ada555936059fa149bb48537842ee230) Importer(815301076,1909f56bfc062723c751e8b465ee728b)
Start importing Packages/com.unity.timeline/Editor/StyleSheets/Extensions/common.uss using Guid(ada555936059fa149bb48537842ee230) Importer(815301076,1909f56bfc062723c751e8b465ee728b)  -> (artifact id: 'f3ae13a754fe88ef714b645e2523039b') in 0.018562 seconds
Number of updated asset objects reloaded before import = 0
Number of asset objects unloaded after import = 1
========================================================================
Received Import Request.
  Time since last request: 2.479615 seconds.
  path: Packages/com.unity.ide.rider/Rider/Editor/com.unity.ide.rider.asmdef
  artifactKey: Guid(d528c8c98d269ca44a06cd9624a03945) Importer(815301076,1909f56bfc062723c751e8b465ee728b)
Start importing Packages/com.unity.ide.rider/Rider/Editor/com.unity.ide.rider.asmdef using Guid(d528c8c98d269ca44a06cd9624a03945) Importer(815301076,1909f56bfc062723c751e8b465ee728b)  -> (artifact id: '0b113d2b98a0b9e9ea3b05937c64d080') in 0.000504 seconds
Number of updated asset objects reloaded before import = 0
Number of asset objects unloaded after import = 0
========================================================================
Received Import Request.
  Time since last request: 0.003850 seconds.
  path: Packages/com.unity.ide.visualstudio/Editor/com.unity.ide.visualstudio.asmdef
  artifactKey: Guid(b93f844d45cfcc44fa2b0eed5c9ec6bb) Importer(815301076,1909f56bfc062723c751e8b465ee728b)
Start importing Packages/com.unity.ide.visualstudio/Editor/com.unity.ide.visualstudio.asmdef using Guid(b93f844d45cfcc44fa2b0eed5c9ec6bb) Importer(815301076,1909f56bfc062723c751e8b465ee728b)  -> (artifact id: '312c2b42100f25afa11cf050bad9a0b6') in 0.000411 seconds
Number of updated asset objects reloaded before import = 0
Number of asset objects unloaded after import = 0
========================================================================
Received Import Request.
  Time since last request: 0.006846 seconds.
  path: Assets/BOXOPHOBIC/Skybox Cubemap Extended/Core/Functions/Compute Rotation Y.asset
  artifactKey: Guid(693b7d13a80c93a4e8b791a9cd5e5ab2) Importer(815301076,1909f56bfc062723c751e8b465ee728b)
Start importing Assets/BOXOPHOBIC/Skybox Cubemap Extended/Core/Functions/Compute Rotation Y.asset using Guid(693b7d13a80c93a4e8b791a9cd5e5ab2) Importer(815301076,1909f56bfc062723c751e8b465ee728b)  -> (artifact id: 'aef60cb08bb7c02725229af72ecf8838') in 0.000774 seconds
Number of updated asset objects reloaded before import = 0
Number of asset objects unloaded after import = 1
========================================================================
Received Import Request.
  Time since last request: 0.003341 seconds.
  path: Packages/com.unity.collab-proxy/Editor/PlasticSCM/Assets/Images/d_iconplasticnotifyincoming.png
  artifactKey: Guid(f31d2c855644aad4cb2030bce12859f6) Importer(815301076,1909f56bfc062723c751e8b465ee728b)
Start importing Packages/com.unity.collab-proxy/Editor/PlasticSCM/Assets/Images/d_iconplasticnotifyincoming.png using Guid(f31d2c855644aad4cb2030bce12859f6) Importer(815301076,1909f56bfc062723c751e8b465ee728b)  -> (artifact id: 'd53ad4e5c668443338b6ba17bc82fdd0') in 0.036671 seconds
Number of updated asset objects reloaded before import = 0
Number of asset objects unloaded after import = 2
========================================================================
Received Import Request.
  Time since last request: 1.409383 seconds.
  path: Packages/com.unity.textmeshpro/Editor Resources/Gizmos/TMP - Text Component Icon.psd
  artifactKey: Guid(2fd6421f253b4ef1a19526541f9ffc0c) Importer(815301076,1909f56bfc062723c751e8b465ee728b)
Start importing Packages/com.unity.textmeshpro/Editor Resources/Gizmos/TMP - Text Component Icon.psd using Guid(2fd6421f253b4ef1a19526541f9ffc0c) Importer(815301076,1909f56bfc062723c751e8b465ee728b)  -> (artifact id: '6821e085cd083f234bb5a6072debcafa') in 0.026538 seconds
Number of updated asset objects reloaded before import = 0
Number of asset objects unloaded after import = 2
========================================================================
Received Import Request.
  Time since last request: 22.073322 seconds.
  path: Assets/PrefabInstance/House_Looter.prefab
  artifactKey: Guid(144406ffc7879ce4796bbd8324ef3658) Importer(815301076,1909f56bfc062723c751e8b465ee728b)
Start importing Assets/PrefabInstance/House_Looter.prefab using Guid(144406ffc7879ce4796bbd8324ef3658) Importer(815301076,1909f56bfc062723c751e8b465ee728b)  -> (artifact id: '1c21b6eedfc49bc39cf25a4e0b8ec44c') in 0.471550 seconds
Number of updated asset objects reloaded before import = 0
Number of asset objects unloaded after import = 336
========================================================================
Received Import Request.
  Time since last request: 10.635620 seconds.
  path: Assets/Texture2D/AxeTexture_color_Adamantite.png
  artifactKey: Guid(cf74a67d78029494e9e478a63077e428) Importer(815301076,1909f56bfc062723c751e8b465ee728b)
Start importing Assets/Texture2D/AxeTexture_color_Adamantite.png using Guid(cf74a67d78029494e9e478a63077e428) Importer(815301076,1909f56bfc062723c751e8b465ee728b)  -> (artifact id: 'a68873e57d217c5e94ee675ff550ebb4') in 0.040438 seconds
Number of updated asset objects reloaded before import = 0
Number of asset objects unloaded after import = 2
========================================================================
Received Import Request.
  Time since last request: 0.000015 seconds.
  path: Assets/Texture2D/Bow_icon.png
  artifactKey: Guid(3ebe698aa69729d47a8f691d314996cf) Importer(815301076,1909f56bfc062723c751e8b465ee728b)
Start importing Assets/Texture2D/Bow_icon.png using Guid(3ebe698aa69729d47a8f691d314996cf) Importer(815301076,1909f56bfc062723c751e8b465ee728b)  -> (artifact id: '12a3fe1c08746034df079137163e2362') in 0.043474 seconds
Number of updated asset objects reloaded before import = 0
Number of asset objects unloaded after import = 3
========================================================================
Received Import Request.
  Time since last request: 2.063013 seconds.
  path: Assets/Scripts/Assembly-CSharp/ConsistentRandom.cs
  artifactKey: Guid(cb15979dfd878e5408f06c804622b7a8) Importer(815301076,1909f56bfc062723c751e8b465ee728b)
Start importing Assets/Scripts/Assembly-CSharp/ConsistentRandom.cs using Guid(cb15979dfd878e5408f06c804622b7a8) Importer(815301076,1909f56bfc062723c751e8b465ee728b)  -> (artifact id: 'aaca0f32757562f66658615d20aa5f81') in 0.000526 seconds
Number of updated asset objects reloaded before import = 0
Number of asset objects unloaded after import = 0
========================================================================
Received Import Request.
  Time since last request: 8.396035 seconds.
  path: Packages/com.unity.ai.navigation/Editor/ConversionSystem/converter_widget_item.uxml
  artifactKey: Guid(d6de7697d63d64fabbfb31425d93541e) Importer(815301076,1909f56bfc062723c751e8b465ee728b)
Start importing Packages/com.unity.ai.navigation/Editor/ConversionSystem/converter_widget_item.uxml using Guid(d6de7697d63d64fabbfb31425d93541e) Importer(815301076,1909f56bfc062723c751e8b465ee728b)  -> (artifact id: '36ac61d2dc5832ffeb96bcc4b64af82e') in 0.003039 seconds
Number of updated asset objects reloaded before import = 0
Number of asset objects unloaded after import = 2
========================================================================
Received Import Request.
  Time since last request: 0.007733 seconds.
  path: Assets/PrefabInstance/ItemObject.prefab
  artifactKey: Guid(aac8cabb25ff3ea42a5696bd1c067218) Importer(815301076,1909f56bfc062723c751e8b465ee728b)
Start importing Assets/PrefabInstance/ItemObject.prefab using Guid(aac8cabb25ff3ea42a5696bd1c067218) Importer(815301076,1909f56bfc062723c751e8b465ee728b)  -> (artifact id: 'be68f5b6955b2860be0f0366bd8cb271') in 0.069650 seconds
Number of updated asset objects reloaded before import = 0
Number of asset objects unloaded after import = 21
========================================================================
Received Import Request.
  Time since last request: 3.741387 seconds.
  path: Assets/Scripts/Assembly-CSharp/ItemFuel.cs
  artifactKey: Guid(93df25debf75952479e117a770cb669f) Importer(815301076,1909f56bfc062723c751e8b465ee728b)
Start importing Assets/Scripts/Assembly-CSharp/ItemFuel.cs using Guid(93df25debf75952479e117a770cb669f) Importer(815301076,1909f56bfc062723c751e8b465ee728b)  -> (artifact id: 'd9db14564dd2106c7c308a2f30431e34') in 0.000552 seconds
Number of updated asset objects reloaded before import = 0
Number of asset objects unloaded after import = 0
========================================================================
Received Import Request.
  Time since last request: 11.898474 seconds.
  path: Assets/PrefabInstance/MobHp.prefab
  artifactKey: Guid(db0cf9d736fd17d4eba3613f598b9a2b) Importer(815301076,1909f56bfc062723c751e8b465ee728b)
Start importing Assets/PrefabInstance/MobHp.prefab using Guid(db0cf9d736fd17d4eba3613f598b9a2b) Importer(815301076,1909f56bfc062723c751e8b465ee728b)  -> (artifact id: 'bea6e44fbf40be13fc262d58be5f1064') in 0.022046 seconds
Number of updated asset objects reloaded before import = 0
Number of asset objects unloaded after import = 23
========================================================================
Received Import Request.
  Time since last request: 2.524162 seconds.
  path: Assets/Scripts/Assembly-CSharp/MobType.cs
  artifactKey: Guid(2029922c5e325cc4db743a61ea1dfe82) Importer(815301076,1909f56bfc062723c751e8b465ee728b)
Start importing Assets/Scripts/Assembly-CSharp/MobType.cs using Guid(2029922c5e325cc4db743a61ea1dfe82) Importer(815301076,1909f56bfc062723c751e8b465ee728b)  -> (artifact id: 'e7a79b78e23abbbf65071085866e8df9') in 0.000584 seconds
Number of updated asset objects reloaded before import = 0
Number of asset objects unloaded after import = 0
========================================================================
Received Import Request.
  Time since last request: 87.219093 seconds.
  path: Assets/Material/Circle.mat
  artifactKey: Guid(2e5a2aa7ea3459146ba1908f3ff720fc) Importer(815301076,1909f56bfc062723c751e8b465ee728b)
Start importing Assets/Material/Circle.mat using Guid(2e5a2aa7ea3459146ba1908f3ff720fc) Importer(815301076,1909f56bfc062723c751e8b465ee728b)  -> (artifact id: '95afa5b7549072113aacb347324790b8') in 0.027563 seconds
Number of updated asset objects reloaded before import = 0
Number of asset objects unloaded after import = 2
========================================================================
Received Import Request.
  Time since last request: 0.000083 seconds.
  path: Assets/Texture2D/Claws.png
  artifactKey: Guid(d3400bfb3b26c9143a07ac673a81e1a3) Importer(815301076,1909f56bfc062723c751e8b465ee728b)
Start importing Assets/Texture2D/Claws.png using Guid(d3400bfb3b26c9143a07ac673a81e1a3) Importer(815301076,1909f56bfc062723c751e8b465ee728b)  -> (artifact id: '8e47282c787239fad3a8df17549a1431') in 0.015972 seconds
Number of updated asset objects reloaded before import = 0
Number of asset objects unloaded after import = 3
========================================================================
Received Import Request.
  Time since last request: 0.000017 seconds.
  path: Assets/AnimatorController/ChestInteract.controller
  artifactKey: Guid(bbef3e8f95950b84c8610d90cf27e1c6) Importer(815301076,1909f56bfc062723c751e8b465ee728b)
Start importing Assets/AnimatorController/ChestInteract.controller using Guid(bbef3e8f95950b84c8610d90cf27e1c6) Importer(815301076,1909f56bfc062723c751e8b465ee728b)  -> (artifact id: 'a4858c0da2b80ab5242f2dea0cf3e944') in 0.011804 seconds
Number of updated asset objects reloaded before import = 0
Number of asset objects unloaded after import = 14
========================================================================
Received Import Request.
  Time since last request: 0.000018 seconds.
  path: Assets/Texture2D/Claws_0.png
  artifactKey: Guid(e83a990c1e4dee248804fbad90858de9) Importer(815301076,1909f56bfc062723c751e8b465ee728b)
Start importing Assets/Texture2D/Claws_0.png using Guid(e83a990c1e4dee248804fbad90858de9) Importer(815301076,1909f56bfc062723c751e8b465ee728b)  -> (artifact id: '09b08e07f567af25e44f91492ebe182a') in 0.013447 seconds
Number of updated asset objects reloaded before import = 0
Number of asset objects unloaded after import = 2
========================================================================
Received Import Request.
  Time since last request: 2.748483 seconds.
  path: Assets/Scripts/Assembly-CSharp/ClientSend.cs
  artifactKey: Guid(1c4616f7a30400746ae47d8fb3db7a62) Importer(815301076,1909f56bfc062723c751e8b465ee728b)
Start importing Assets/Scripts/Assembly-CSharp/ClientSend.cs using Guid(1c4616f7a30400746ae47d8fb3db7a62) Importer(815301076,1909f56bfc062723c751e8b465ee728b)  -> (artifact id: 'dd207b341dd9ff1aa0d3a1a80c74f6bb') in 0.000595 seconds
Number of updated asset objects reloaded before import = 0
Number of asset objects unloaded after import = 0
========================================================================
Received Import Request.
  Time since last request: 76.308466 seconds.
  path: Assets/Material/Boat.mat
  artifactKey: Guid(4db477e8255361840ad172e1d3bc6d1a) Importer(815301076,1909f56bfc062723c751e8b465ee728b)
Start importing Assets/Material/Boat.mat using Guid(4db477e8255361840ad172e1d3bc6d1a) Importer(815301076,1909f56bfc062723c751e8b465ee728b)  -> (artifact id: '3f4222fb52bdbb29a1db49e4613b065c') in 0.142013 seconds
Number of updated asset objects reloaded before import = 0
Number of asset objects unloaded after import = 4
========================================================================
Received Import Request.
  Time since last request: 0.000029 seconds.
  path: Assets/Texture2D/BoatTexture_displace.png
  artifactKey: Guid(0599e76180351e842b5c03f6ef7fe610) Importer(815301076,1909f56bfc062723c751e8b465ee728b)
Start importing Assets/Texture2D/BoatTexture_displace.png using Guid(0599e76180351e842b5c03f6ef7fe610) Importer(815301076,1909f56bfc062723c751e8b465ee728b)  -> (artifact id: 'e0c1672b998f89cc2be943bc6221b2e2') in 0.042065 seconds
Number of updated asset objects reloaded before import = 0
Number of asset objects unloaded after import = 2
========================================================================
Received Import Request.
  Time since last request: 0.000023 seconds.
  path: Assets/Texture2D/BoatTexture.png
  artifactKey: Guid(a6211bd5da25e1f4b87a357a14961cfd) Importer(815301076,1909f56bfc062723c751e8b465ee728b)
Start importing Assets/Texture2D/BoatTexture.png using Guid(a6211bd5da25e1f4b87a357a14961cfd) Importer(815301076,1909f56bfc062723c751e8b465ee728b)  -> (artifact id: '6a55dd62d1f215bd6722ad6c1a155ad4') in 0.036270 seconds
Number of updated asset objects reloaded before import = 0
Number of asset objects unloaded after import = 2
========================================================================
Received Import Request.
  Time since last request: 0.000014 seconds.
  path: Assets/Material/BoatHole.mat
  artifactKey: Guid(8da8e0803427e0f41867fcabb76bdd54) Importer(815301076,1909f56bfc062723c751e8b465ee728b)
Start importing Assets/Material/BoatHole.mat using Guid(8da8e0803427e0f41867fcabb76bdd54) Importer(815301076,1909f56bfc062723c751e8b465ee728b)  -> (artifact id: '7c2ad0f25a79bb53e5da2ab0d308900f') in 0.028981 seconds
Number of updated asset objects reloaded before import = 0
Number of asset objects unloaded after import = 2
========================================================================
Received Import Request.
  Time since last request: 0.000013 seconds.
  path: Assets/Texture2D/Boat.png
  artifactKey: Guid(72c324ecef75dee44a75b19d1020d8ee) Importer(815301076,1909f56bfc062723c751e8b465ee728b)
Start importing Assets/Texture2D/Boat.png using Guid(72c324ecef75dee44a75b19d1020d8ee) Importer(815301076,1909f56bfc062723c751e8b465ee728b)  -> (artifact id: 'eb43a12ab71af9b751b3ef5d27b09aee') in 0.014168 seconds
Number of updated asset objects reloaded before import = 0
Number of asset objects unloaded after import = 2
========================================================================
Received Import Request.
  Time since last request: 0.000145 seconds.
  path: Assets/ScriptableObject/Items/Boat Map.asset
  artifactKey: Guid(141885deca1e5954a8c50efe9e993be4) Importer(815301076,1909f56bfc062723c751e8b465ee728b)
Start importing Assets/ScriptableObject/Items/Boat Map.asset using Guid(141885deca1e5954a8c50efe9e993be4) Importer(815301076,1909f56bfc062723c751e8b465ee728b)  -> (artifact id: 'bf98b4442a244544ee28cea434c61df5') in 0.008492 seconds
Number of updated asset objects reloaded before import = 0
Number of asset objects unloaded after import = 79
========================================================================
Received Import Request.
  Time since last request: 0.000013 seconds.
  path: Assets/Texture2D/BoatHole.png
  artifactKey: Guid(855f3ffc6756f82419d48cacd2373125) Importer(815301076,1909f56bfc062723c751e8b465ee728b)
Start importing Assets/Texture2D/BoatHole.png using Guid(855f3ffc6756f82419d48cacd2373125) Importer(815301076,1909f56bfc062723c751e8b465ee728b)  -> (artifact id: '849bae82c61920e69166038c2db33115') in 0.023976 seconds
Number of updated asset objects reloaded before import = 0
Number of asset objects unloaded after import = 2
========================================================================
Received Import Request.
  Time since last request: 0.000033 seconds.
  path: Assets/Texture2D/BoatTexture_normal.png
  artifactKey: Guid(1a3cb4f900414994d92028ccc1a3f318) Importer(815301076,1909f56bfc062723c751e8b465ee728b)
Start importing Assets/Texture2D/BoatTexture_normal.png using Guid(1a3cb4f900414994d92028ccc1a3f318) Importer(815301076,1909f56bfc062723c751e8b465ee728b)  -> (artifact id: '31c41edec62c0b84486409ddc32187f5') in 0.040971 seconds
Number of updated asset objects reloaded before import = 0
Number of asset objects unloaded after import = 2
========================================================================
Received Import Request.
  Time since last request: 0.944088 seconds.
  path: Assets/Scripts/Assembly-CSharp/Boat.cs
  artifactKey: Guid(19b589fcafd4b304fbc25a68c6997371) Importer(815301076,1909f56bfc062723c751e8b465ee728b)
Start importing Assets/Scripts/Assembly-CSharp/Boat.cs using Guid(19b589fcafd4b304fbc25a68c6997371) Importer(815301076,1909f56bfc062723c751e8b465ee728b)  -> (artifact id: 'd856ec203a0d0aaa41c7364d1248b229') in 0.000578 seconds
Number of updated asset objects reloaded before import = 0
Number of asset objects unloaded after import = 0
========================================================================
Received Prepare
Begin MonoManager ReloadAssembly
C:\build\output\Unity-Technologies\mono\mono\metadata\icall.c:1842:
C:\build\output\Unity-Technologies\mono\mono\metadata\icall.c:1842:
C:\build\output\Unity-Technologies\mono\mono\metadata\icall.c:1842:
C:\build\output\Unity-Technologies\mono\mono\metadata\icall.c:1842:
C:\build\output\Unity-Technologies\mono\mono\metadata\icall.c:1842:
C:\build\output\Unity-Technologies\mono\mono\metadata\icall.c:1842:
C:\build\output\Unity-Technologies\mono\mono\metadata\icall.c:1842:
C:\build\output\Unity-Technologies\mono\mono\metadata\icall.c:1842:
C:\build\output\Unity-Technologies\mono\mono\metadata\icall.c:1842:
C:\build\output\Unity-Technologies\mono\mono\metadata\icall.c:1842:
C:\build\output\Unity-Technologies\mono\mono\metadata\icall.c:1842:
C:\build\output\Unity-Technologies\mono\mono\metadata\icall.c:1842:
- Loaded All Assemblies, in  0.433 seconds
Refreshing native plugins compatible for Editor in 2.41 ms, found 3 plugins.
Native extension for Android target not found
Native extension for UWP target not found
Native extension for WindowsStandalone target not found
Native extension for WebGL target not found
Mono: successfully reloaded assembly
- Finished resetting the current domain, in  0.428 seconds
Domain Reload Profiling: 859ms
	BeginReloadAssembly (130ms)
		ExecutionOrderSort (0ms)
		DisableScriptedObjects (3ms)
		BackupInstance (0ms)
		ReleaseScriptingObjects (0ms)
		CreateAndSetChildDomain (33ms)
	RebuildCommonClasses (22ms)
	RebuildNativeTypeToScriptingClass (8ms)
	initialDomainReloadingComplete (17ms)
	LoadAllAssembliesAndSetupDomain (255ms)
		LoadAssemblies (174ms)
		RebuildTransferFunctionScriptingTraits (0ms)
		AnalyzeDomain (147ms)
			TypeCache.Refresh (141ms)
				TypeCache.ScanAssembly (134ms)
			ScanForSourceGeneratedMonoScriptInfo (0ms)
			ResolveRequiredComponents (5ms)
	FinalizeReload (428ms)
		ReleaseScriptCaches (0ms)
		RebuildScriptCaches (0ms)
		SetupLoadedEditorAssemblies (199ms)
			LogAssemblyErrors (0ms)
			InitializePlatformSupportModulesInManaged (15ms)
			SetLoadedEditorAssemblies (2ms)
			BeforeProcessingInitializeOnLoad (38ms)
			ProcessInitializeOnLoadAttributes (130ms)
			ProcessInitializeOnLoadMethodAttributes (13ms)
			AfterProcessingInitializeOnLoad (2ms)
			EditorAssembliesLoaded (0ms)
		ExecutionOrderSort2 (0ms)
		AwakeInstancesAfterBackupRestoration (5ms)
Refreshing native plugins compatible for Editor in 2.81 ms, found 3 plugins.
Preloading 0 native plugins for Editor in 0.00 ms.
Unloading 1946 Unused Serialized files (Serialized files now loaded: 0)
Unloading 40 unused Assets / (1.0 MB). Loaded Objects now: 2585.
Memory consumption went from 106.9 MB to 105.9 MB.
Total: 4.293000 ms (FindLiveObjects: 0.176500 ms CreateObjectMapping: 0.086400 ms MarkObjects: 3.795000 ms  DeleteObjects: 0.233500 ms)

Prepare: number of updated asset objects reloaded= 0
AssetImportParameters requested are different than current active one (requested -> active):
  custom:container-demuxer-ogg: 62fdf1f143b41e24485cea50d1cbac27 -> 
  custom:framework-win-MediaFoundation: 216162199b28c13a410421893ffa2e32 -> 
  custom:video-decoder-webm-vp8: 9c59270c3fd7afecdb556c50c9e8de78 -> 
  custom:audio-encoder-webm-vorbis: bf7c407c2cedff20999df2af8eb42d56 -> 
  custom:video-decoder-ogg-theora: a1e56fd34408186e4bbccfd4996cb3dc -> 
  custom:container-muxer-webm: aa71ff27fc2769a1b78a27578f13a17b -> 
  custom:AudioImporter_EditorPlatform: d09bf68614088b80899f8185d706f6e7 -> 
  custom:audio-decoder-ogg-vorbis: bf7c407c2cedff20999df2af8eb42d56 -> 
  custom:video-codec-MediaFoundation-h265: 746d11721c4dcdbdad8f713fa42b33f4 -> 
  custom:CustomObjectIndexerAttribute: 756ad292c208cfabdd7b50bc23989ffe -> 
  custom:container-demuxer-webm: 4f35f7cbe854078d1ac9338744f61a02 -> 
  custom:video-encoder-webm-vp8: eb34c28f22e8b96e1ab97ce403110664 -> 
========================================================================
Received Import Request.
  Time since last request: 326.935419 seconds.
  path: Assets/Scene/NavMeshData
  artifactKey: Guid(c3fdce12f9cca254ab702bf6db7fba75) Importer(815301076,1909f56bfc062723c751e8b465ee728b)
Start importing Assets/Scene/NavMeshData using Guid(c3fdce12f9cca254ab702bf6db7fba75) Importer(815301076,1909f56bfc062723c751e8b465ee728b)  -> (artifact id: '17273e25baeeec419cdaa9d0a8b4ec0a') in 0.006115 seconds
Number of updated asset objects reloaded before import = 0
Number of asset objects unloaded after import = 0
========================================================================
Received Import Request.
  Time since last request: 0.180855 seconds.
  path: Assets/Scene/NavMeshData/NavMesh-GenerateNavmesh.asset
  artifactKey: Guid(86921844ae2c36241bca12b57b5ad5b2) Importer(815301076,1909f56bfc062723c751e8b465ee728b)
Start importing Assets/Scene/NavMeshData/NavMesh-GenerateNavmesh.asset using Guid(86921844ae2c36241bca12b57b5ad5b2) Importer(815301076,1909f56bfc062723c751e8b465ee728b)  -> (artifact id: '385eda58ec9706d0864d14b2c4ba4267') in 0.027539 seconds
Number of updated asset objects reloaded before import = 0
Number of asset objects unloaded after import = 1
========================================================================
Received Prepare
Begin MonoManager ReloadAssembly
C:\build\output\Unity-Technologies\mono\mono\metadata\icall.c:1842:
C:\build\output\Unity-Technologies\mono\mono\metadata\icall.c:1842:
C:\build\output\Unity-Technologies\mono\mono\metadata\icall.c:1842:
C:\build\output\Unity-Technologies\mono\mono\metadata\icall.c:1842:
C:\build\output\Unity-Technologies\mono\mono\metadata\icall.c:1842:
C:\build\output\Unity-Technologies\mono\mono\metadata\icall.c:1842:
C:\build\output\Unity-Technologies\mono\mono\metadata\icall.c:1842:
C:\build\output\Unity-Technologies\mono\mono\metadata\icall.c:1842:
C:\build\output\Unity-Technologies\mono\mono\metadata\icall.c:1842:
C:\build\output\Unity-Technologies\mono\mono\metadata\icall.c:1842:
C:\build\output\Unity-Technologies\mono\mono\metadata\icall.c:1842:
C:\build\output\Unity-Technologies\mono\mono\metadata\icall.c:1842:
- Loaded All Assemblies, in  3.009 seconds
Refreshing native plugins compatible for Editor in 2.74 ms, found 3 plugins.
Native extension for Android target not found
Native extension for UWP target not found
Native extension for WindowsStandalone target not found
Native extension for WebGL target not found
Mono: successfully reloaded assembly
- Finished resetting the current domain, in  9.010 seconds
Domain Reload Profiling: 12018ms
	BeginReloadAssembly (147ms)
		ExecutionOrderSort (0ms)
		DisableScriptedObjects (5ms)
		BackupInstance (0ms)
		ReleaseScriptingObjects (0ms)
		CreateAndSetChildDomain (39ms)
	RebuildCommonClasses (24ms)
	RebuildNativeTypeToScriptingClass (9ms)
	initialDomainReloadingComplete (21ms)
	LoadAllAssembliesAndSetupDomain (2805ms)
		LoadAssemblies (2222ms)
		RebuildTransferFunctionScriptingTraits (0ms)
		AnalyzeDomain (655ms)
			TypeCache.Refresh (649ms)
				TypeCache.ScanAssembly (583ms)
			ScanForSourceGeneratedMonoScriptInfo (0ms)
			ResolveRequiredComponents (6ms)
	FinalizeReload (9011ms)
		ReleaseScriptCaches (0ms)
		RebuildScriptCaches (0ms)
		SetupLoadedEditorAssemblies (268ms)
			LogAssemblyErrors (0ms)
			InitializePlatformSupportModulesInManaged (20ms)
			SetLoadedEditorAssemblies (3ms)
			BeforeProcessingInitializeOnLoad (49ms)
			ProcessInitializeOnLoadAttributes (176ms)
			ProcessInitializeOnLoadMethodAttributes (17ms)
			AfterProcessingInitializeOnLoad (2ms)
			EditorAssembliesLoaded (0ms)
		ExecutionOrderSort2 (0ms)
		AwakeInstancesAfterBackupRestoration (5ms)
Refreshing native plugins compatible for Editor in 3.35 ms, found 3 plugins.
Preloading 0 native plugins for Editor in 0.00 ms.
Unloading 1946 Unused Serialized files (Serialized files now loaded: 0)
Unloading 40 unused Assets / (1.0 MB). Loaded Objects now: 2586.
Memory consumption went from 106.9 MB to 105.9 MB.
Total: 3.892900 ms (FindLiveObjects: 0.218900 ms CreateObjectMapping: 0.083600 ms MarkObjects: 3.344200 ms  DeleteObjects: 0.245000 ms)

Prepare: number of updated asset objects reloaded= 0
AssetImportParameters requested are different than current active one (requested -> active):
  custom:container-demuxer-ogg: 62fdf1f143b41e24485cea50d1cbac27 -> 
  custom:framework-win-MediaFoundation: 216162199b28c13a410421893ffa2e32 -> 
  custom:video-decoder-webm-vp8: 9c59270c3fd7afecdb556c50c9e8de78 -> 
  custom:audio-encoder-webm-vorbis: bf7c407c2cedff20999df2af8eb42d56 -> 
  custom:video-decoder-ogg-theora: a1e56fd34408186e4bbccfd4996cb3dc -> 
  custom:container-muxer-webm: aa71ff27fc2769a1b78a27578f13a17b -> 
  custom:AudioImporter_EditorPlatform: d09bf68614088b80899f8185d706f6e7 -> 
  custom:audio-decoder-ogg-vorbis: bf7c407c2cedff20999df2af8eb42d56 -> 
  custom:video-codec-MediaFoundation-h265: 746d11721c4dcdbdad8f713fa42b33f4 -> 
  custom:CustomObjectIndexerAttribute: 756ad292c208cfabdd7b50bc23989ffe -> 
  custom:container-demuxer-webm: 4f35f7cbe854078d1ac9338744f61a02 -> 
  custom:video-encoder-webm-vp8: eb34c28f22e8b96e1ab97ce403110664 -> 
