Using pre-set license
Built from '2023.1/staging' branch; Version is '2023.1.7f1 (4f4e359ec3fc) revision 5197365'; Using compiler version '192829333'; Build Type 'Release'
OS: 'Windows 11  (10.0.22631) 64bit Education' Language: 'en' Physical Memory: 16053 MB
BatchMode: 1, IsHumanControllingUs: 0, StartBugReporterOnCrash: 0, Is64bit: 1, IsPro: 1

COMMAND LINE ARGUMENTS:
C:\Program Files\Unity 2023.1.7f1\Editor\Unity.exe
-adb2
-batchMode
-noUpm
-name
AssetImportWorker1
-projectPath
C:/Users/jasm076/Documents/GitHub/Muck
-logFile
Logs/AssetImportWorker1.log
-srvPort
61367
Successfully changed project path to: C:/Users/jasm076/Documents/GitHub/Muck
C:/Users/jasm076/Documents/GitHub/Muck
[UnityMemory] Configuration Parameters - Can be set up in boot.config
    "memorysetup-bucket-allocator-granularity=16"
    "memorysetup-bucket-allocator-bucket-count=8"
    "memorysetup-bucket-allocator-block-size=33554432"
    "memorysetup-bucket-allocator-block-count=8"
    "memorysetup-main-allocator-block-size=16777216"
    "memorysetup-thread-allocator-block-size=16777216"
    "memorysetup-gfx-main-allocator-block-size=16777216"
    "memorysetup-gfx-thread-allocator-block-size=16777216"
    "memorysetup-cache-allocator-block-size=4194304"
    "memorysetup-typetree-allocator-block-size=2097152"
    "memorysetup-profiler-bucket-allocator-granularity=16"
    "memorysetup-profiler-bucket-allocator-bucket-count=8"
    "memorysetup-profiler-bucket-allocator-block-size=33554432"
    "memorysetup-profiler-bucket-allocator-block-count=8"
    "memorysetup-profiler-allocator-block-size=16777216"
    "memorysetup-profiler-editor-allocator-block-size=1048576"
    "memorysetup-temp-allocator-size-main=16777216"
    "memorysetup-job-temp-allocator-block-size=2097152"
    "memorysetup-job-temp-allocator-block-size-background=1048576"
    "memorysetup-job-temp-allocator-reduction-small-platforms=262144"
    "memorysetup-allocator-temp-initial-block-size-main=262144"
    "memorysetup-allocator-temp-initial-block-size-worker=262144"
    "memorysetup-temp-allocator-size-background-worker=32768"
    "memorysetup-temp-allocator-size-job-worker=262144"
    "memorysetup-temp-allocator-size-preload-manager=33554432"
    "memorysetup-temp-allocator-size-nav-mesh-worker=65536"
    "memorysetup-temp-allocator-size-audio-worker=65536"
    "memorysetup-temp-allocator-size-cloud-worker=32768"
    "memorysetup-temp-allocator-size-gi-baking-worker=262144"
    "memorysetup-temp-allocator-size-gfx=262144"
Player connection [4812] Host "[IP] 10.10.22.141 [Port] 0 [Flags] 2 [Guid] 3556938450 [EditorId] 3556938450 [Version] 1048832 [Id] WindowsEditor(7,OA-CTC-A234-11) [Debug] 1 [PackageName] WindowsEditor [ProjectName] Editor" joined multi-casting on [225.0.0.222:54997]...

Player connection [4812] Host "[IP] 10.10.22.141 [Port] 0 [Flags] 2 [Guid] 3556938450 [EditorId] 3556938450 [Version] 1048832 [Id] WindowsEditor(7,OA-CTC-A234-11) [Debug] 1 [PackageName] WindowsEditor [ProjectName] Editor" joined alternative multi-casting on [225.0.0.222:34997]...

Library Redirect Path: Library/Refreshing native plugins compatible for Editor in 4.96 ms, found 3 plugins.
Preloading 0 native plugins for Editor in 0.00 ms.
Initialize engine version: 2023.1.7f1 (4f4e359ec3fc)
[Subsystems] Discovering subsystems at path C:/Program Files/Unity 2023.1.7f1/Editor/Data/Resources/UnitySubsystems
[Subsystems] Discovering subsystems at path C:/Users/jasm076/Documents/GitHub/Muck/Assets
GfxDevice: creating device client; threaded=0; jobified=0
Direct3D:
    Version:  Direct3D 11.0 [level 11.1]
    Renderer: NVIDIA GeForce RTX 3060 (ID=0x2504)
    Vendor:   NVIDIA
    VRAM:     12129 MB
    Driver:   31.0.15.3130
Initialize mono
Mono path[0] = 'C:/Program Files/Unity 2023.1.7f1/Editor/Data/Managed'
Mono path[1] = 'C:/Program Files/Unity 2023.1.7f1/Editor/Data/MonoBleedingEdge/lib/mono/unityjit-win32'
Mono config path = 'C:/Program Files/Unity 2023.1.7f1/Editor/Data/MonoBleedingEdge/etc'
Using monoOptions --debugger-agent=transport=dt_socket,embedding=1,server=y,suspend=n,address=127.0.0.1:56996
Begin MonoManager ReloadAssembly
C:\build\output\Unity-Technologies\mono\mono\metadata\icall.c:1842:
C:\build\output\Unity-Technologies\mono\mono\metadata\icall.c:1842:
C:\build\output\Unity-Technologies\mono\mono\metadata\icall.c:1842:
C:\build\output\Unity-Technologies\mono\mono\metadata\icall.c:1842:
C:\build\output\Unity-Technologies\mono\mono\metadata\icall.c:1842:
C:\build\output\Unity-Technologies\mono\mono\metadata\icall.c:1842:
C:\build\output\Unity-Technologies\mono\mono\metadata\icall.c:1842:
C:\build\output\Unity-Technologies\mono\mono\metadata\icall.c:1842:
C:\build\output\Unity-Technologies\mono\mono\metadata\icall.c:1842:
C:\build\output\Unity-Technologies\mono\mono\metadata\icall.c:1842:
Registering precompiled unity dll's ...
Register platform support module: C:/Program Files/Unity 2023.1.7f1/Editor/Data/PlaybackEngines/WebGLSupport/UnityEditor.WebGL.Extensions.dll
Register platform support module: C:/Program Files/Unity 2023.1.7f1/Editor/Data/PlaybackEngines/WindowsStandaloneSupport/UnityEditor.WindowsStandalone.Extensions.dll
Register platform support module: C:/Program Files/Unity 2023.1.7f1/Editor/Data/PlaybackEngines/MetroSupport/UnityEditor.UWP.Extensions.dll
Register platform support module: C:/Program Files/Unity 2023.1.7f1/Editor/Data/PlaybackEngines/AndroidPlayer/UnityEditor.Android.Extensions.dll
Registered in 0.006598 seconds.
- Loaded All Assemblies, in  0.427 seconds
Native extension for Android target not found
Native extension for UWP target not found
Native extension for WindowsStandalone target not found
Native extension for WebGL target not found
Mono: successfully reloaded assembly
C:\build\output\Unity-Technologies\mono\mono\metadata\icall.c:1842:
C:\build\output\Unity-Technologies\mono\mono\metadata\icall.c:1842:
- Finished resetting the current domain, in  0.260 seconds
Domain Reload Profiling: 685ms
	BeginReloadAssembly (147ms)
		ExecutionOrderSort (0ms)
		DisableScriptedObjects (0ms)
		BackupInstance (0ms)
		ReleaseScriptingObjects (0ms)
		CreateAndSetChildDomain (0ms)
	RebuildCommonClasses (39ms)
	RebuildNativeTypeToScriptingClass (9ms)
	initialDomainReloadingComplete (55ms)
	LoadAllAssembliesAndSetupDomain (175ms)
		LoadAssemblies (148ms)
		RebuildTransferFunctionScriptingTraits (0ms)
		AnalyzeDomain (167ms)
			TypeCache.Refresh (166ms)
				TypeCache.ScanAssembly (155ms)
			ScanForSourceGeneratedMonoScriptInfo (0ms)
			ResolveRequiredComponents (0ms)
	FinalizeReload (260ms)
		ReleaseScriptCaches (0ms)
		RebuildScriptCaches (0ms)
		SetupLoadedEditorAssemblies (223ms)
			LogAssemblyErrors (0ms)
			InitializePlatformSupportModulesInManaged (79ms)
			SetLoadedEditorAssemblies (2ms)
			BeforeProcessingInitializeOnLoad (5ms)
			ProcessInitializeOnLoadAttributes (93ms)
			ProcessInitializeOnLoadMethodAttributes (43ms)
			AfterProcessingInitializeOnLoad (0ms)
			EditorAssembliesLoaded (0ms)
		ExecutionOrderSort2 (0ms)
		AwakeInstancesAfterBackupRestoration (0ms)
========================================================================
Worker process is ready to serve import requests
Import Worker Mode flag is 0x00
Begin MonoManager ReloadAssembly
C:\build\output\Unity-Technologies\mono\mono\metadata\icall.c:1842:
C:\build\output\Unity-Technologies\mono\mono\metadata\icall.c:1842:
C:\build\output\Unity-Technologies\mono\mono\metadata\icall.c:1842:
C:\build\output\Unity-Technologies\mono\mono\metadata\icall.c:1842:
C:\build\output\Unity-Technologies\mono\mono\metadata\icall.c:1842:
C:\build\output\Unity-Technologies\mono\mono\metadata\icall.c:1842:
C:\build\output\Unity-Technologies\mono\mono\metadata\icall.c:1842:
C:\build\output\Unity-Technologies\mono\mono\metadata\icall.c:1842:
C:\build\output\Unity-Technologies\mono\mono\metadata\icall.c:1842:
C:\build\output\Unity-Technologies\mono\mono\metadata\icall.c:1842:
C:\build\output\Unity-Technologies\mono\mono\metadata\icall.c:1842:
C:\build\output\Unity-Technologies\mono\mono\metadata\icall.c:1842:
- Loaded All Assemblies, in  0.565 seconds
Refreshing native plugins compatible for Editor in 3.08 ms, found 3 plugins.
Native extension for Android target not found
Native extension for UWP target not found
Native extension for WindowsStandalone target not found
Native extension for WebGL target not found
Mono: successfully reloaded assembly
- Finished resetting the current domain, in  0.380 seconds
Domain Reload Profiling: 944ms
	BeginReloadAssembly (196ms)
		ExecutionOrderSort (0ms)
		DisableScriptedObjects (4ms)
		BackupInstance (0ms)
		ReleaseScriptingObjects (0ms)
		CreateAndSetChildDomain (24ms)
	RebuildCommonClasses (23ms)
	RebuildNativeTypeToScriptingClass (7ms)
	initialDomainReloadingComplete (27ms)
	LoadAllAssembliesAndSetupDomain (311ms)
		LoadAssemblies (202ms)
		RebuildTransferFunctionScriptingTraits (0ms)
		AnalyzeDomain (174ms)
			TypeCache.Refresh (163ms)
				TypeCache.ScanAssembly (153ms)
			ScanForSourceGeneratedMonoScriptInfo (7ms)
			ResolveRequiredComponents (4ms)
	FinalizeReload (380ms)
		ReleaseScriptCaches (0ms)
		RebuildScriptCaches (0ms)
		SetupLoadedEditorAssemblies (227ms)
			LogAssemblyErrors (0ms)
			InitializePlatformSupportModulesInManaged (17ms)
			SetLoadedEditorAssemblies (2ms)
			BeforeProcessingInitializeOnLoad (40ms)
			ProcessInitializeOnLoadAttributes (151ms)
			ProcessInitializeOnLoadMethodAttributes (15ms)
			AfterProcessingInitializeOnLoad (3ms)
			EditorAssembliesLoaded (0ms)
		ExecutionOrderSort2 (0ms)
		AwakeInstancesAfterBackupRestoration (5ms)
Launched and connected shader compiler UnityShaderCompiler.exe after 0.01 seconds
Refreshing native plugins compatible for Editor in 3.31 ms, found 3 plugins.
Preloading 0 native plugins for Editor in 0.00 ms.
Unloading 2002 Unused Serialized files (Serialized files now loaded: 0)
Unloading 46 unused Assets / (1.0 MB). Loaded Objects now: 2531.
Memory consumption went from 118.3 MB to 117.3 MB.
Total: 5.407800 ms (FindLiveObjects: 0.221500 ms CreateObjectMapping: 0.142100 ms MarkObjects: 4.711800 ms  DeleteObjects: 0.330500 ms)

AssetImportParameters requested are different than current active one (requested -> active):
  custom:container-demuxer-ogg: 62fdf1f143b41e24485cea50d1cbac27 -> 
  custom:framework-win-MediaFoundation: 216162199b28c13a410421893ffa2e32 -> 
  custom:scripting/monoscript/fileName/VSCodeDiscovery.cs: d83b4aff57b85f583bfc60cfbb7e527e -> 
  custom:video-decoder-webm-vp8: 9c59270c3fd7afecdb556c50c9e8de78 -> 
  custom:audio-encoder-webm-vorbis: bf7c407c2cedff20999df2af8eb42d56 -> 
  custom:video-decoder-ogg-theora: a1e56fd34408186e4bbccfd4996cb3dc -> 
  custom:scripting/monoscript/fileName/GUIDGenerator.cs: 6dd6e35608006bcfade7642e5de04c6b -> 
  custom:scripting/monoscript/fileName/AssemblyNameProvider.cs: 7145090b977b4a4af2c7ee452bb803ed -> 5210529ddc67cdb852122f447527c528
  custom:scripting/monoscript/fileName/VSCodeScriptEditor.cs: 976f19e81f1a1748ecd5ce0eeab6e373 -> 
  custom:container-muxer-webm: aa71ff27fc2769a1b78a27578f13a17b -> 
  custom:AudioImporter_EditorPlatform: d09bf68614088b80899f8185d706f6e7 -> 
  custom:audio-decoder-ogg-vorbis: bf7c407c2cedff20999df2af8eb42d56 -> 
  custom:video-codec-MediaFoundation-h265: 746d11721c4dcdbdad8f713fa42b33f4 -> 
  custom:scripting/monoscript/fileName/FileIO.cs: e12d7b1846fe00e4e229609939e0062b -> 
  custom:scripting/monoscript/fileName/ProjectGeneration.cs: 7c3150a04cd2de8ef9bdd48a0f99701a -> 9a60ae906ea060222f7967033c27f7ed
  custom:CustomObjectIndexerAttribute: 756ad292c208cfabdd7b50bc23989ffe -> 
  custom:container-demuxer-webm: 4f35f7cbe854078d1ac9338744f61a02 -> 
  custom:video-encoder-webm-vp8: eb34c28f22e8b96e1ab97ce403110664 -> 
========================================================================
Received Import Request.
  Time since last request: 4744.857084 seconds.
  path: Assets/Shader
  artifactKey: Guid(beedd2b9bcf5d864990a4b2fe5edc594) Importer(815301076,1909f56bfc062723c751e8b465ee728b)
Start importing Assets/Shader using Guid(beedd2b9bcf5d864990a4b2fe5edc594) Importer(815301076,1909f56bfc062723c751e8b465ee728b)  -> (artifact id: '6f7153f45ec762969a3d5d171c09c206') in 0.003189 seconds
Number of updated asset objects reloaded before import = 0
Number of asset objects unloaded after import = 0
========================================================================
Received Import Request.
  Time since last request: 68.064561 seconds.
  path: Assets/Mesh/2.asset
  artifactKey: Guid(0766b57c48c1be547bdbacf008f4b2bf) Importer(815301076,1909f56bfc062723c751e8b465ee728b)
Start importing Assets/Mesh/2.asset using Guid(0766b57c48c1be547bdbacf008f4b2bf) Importer(815301076,1909f56bfc062723c751e8b465ee728b)  -> (artifact id: '90a4c89a5991fd6724d057336f12730c') in 0.271543 seconds
Number of updated asset objects reloaded before import = 0
Number of asset objects unloaded after import = 2
========================================================================
Received Import Request.
  Time since last request: 0.000037 seconds.
  path: Assets/Mesh/Cube.003_0.asset
  artifactKey: Guid(acb655a4723d56e428b53f4b2e753019) Importer(815301076,1909f56bfc062723c751e8b465ee728b)
Start importing Assets/Mesh/Cube.003_0.asset using Guid(acb655a4723d56e428b53f4b2e753019) Importer(815301076,1909f56bfc062723c751e8b465ee728b)  -> (artifact id: 'b0e1dba55069a45ed48a547ba24b35a1') in 0.021489 seconds
Number of updated asset objects reloaded before import = 0
Number of asset objects unloaded after import = 2
========================================================================
Received Import Request.
  Time since last request: 0.000205 seconds.
  path: Assets/Mesh/Cube_16.asset
  artifactKey: Guid(da0f2deff8b1eff469af8645a98a191d) Importer(815301076,1909f56bfc062723c751e8b465ee728b)
Start importing Assets/Mesh/Cube_16.asset using Guid(da0f2deff8b1eff469af8645a98a191d) Importer(815301076,1909f56bfc062723c751e8b465ee728b)  -> (artifact id: '144b58d27b9b14be597aaaa1096ec88e') in 0.016231 seconds
Number of updated asset objects reloaded before import = 0
Number of asset objects unloaded after import = 2
========================================================================
Received Import Request.
  Time since last request: 0.000013 seconds.
  path: Assets/Mesh/Cube_5.asset
  artifactKey: Guid(ba903e4d05e4f8d4d80569763149ccb8) Importer(815301076,1909f56bfc062723c751e8b465ee728b)
Start importing Assets/Mesh/Cube_5.asset using Guid(ba903e4d05e4f8d4d80569763149ccb8) Importer(815301076,1909f56bfc062723c751e8b465ee728b)  -> (artifact id: '219c18c1256dfe212bc43ad3c58b067f') in 0.017237 seconds
Number of updated asset objects reloaded before import = 0
Number of asset objects unloaded after import = 2
========================================================================
Received Import Request.
  Time since last request: 0.000015 seconds.
  path: Assets/Mesh/Cube_23.asset
  artifactKey: Guid(2d8244b85142b6447bc10aa1ec5195e0) Importer(815301076,1909f56bfc062723c751e8b465ee728b)
Start importing Assets/Mesh/Cube_23.asset using Guid(2d8244b85142b6447bc10aa1ec5195e0) Importer(815301076,1909f56bfc062723c751e8b465ee728b)  -> (artifact id: 'f22518072909eb15f067f942428b7c0b') in 0.011676 seconds
Number of updated asset objects reloaded before import = 0
Number of asset objects unloaded after import = 2
========================================================================
Received Import Request.
  Time since last request: 0.000015 seconds.
  path: Assets/Mesh/Cog0.asset
  artifactKey: Guid(135ebdacc8597ea4ca69228b1f8c0776) Importer(815301076,1909f56bfc062723c751e8b465ee728b)
Start importing Assets/Mesh/Cog0.asset using Guid(135ebdacc8597ea4ca69228b1f8c0776) Importer(815301076,1909f56bfc062723c751e8b465ee728b)  -> (artifact id: '58987be708333a0bb2ef5fa1789af18e') in 0.005973 seconds
Number of updated asset objects reloaded before import = 0
Number of asset objects unloaded after import = 2
========================================================================
Received Import Request.
  Time since last request: 0.000030 seconds.
  path: Assets/Mesh/Cube_0.asset
  artifactKey: Guid(fc774fb83beb2de44aa41278f536ebe6) Importer(815301076,1909f56bfc062723c751e8b465ee728b)
Start importing Assets/Mesh/Cube_0.asset using Guid(fc774fb83beb2de44aa41278f536ebe6) Importer(815301076,1909f56bfc062723c751e8b465ee728b)  -> (artifact id: '8ff55a11ae2a1e1268d66cd3ff44a908') in 0.017986 seconds
Number of updated asset objects reloaded before import = 0
Number of asset objects unloaded after import = 2
========================================================================
Received Import Request.
  Time since last request: 0.000017 seconds.
  path: Assets/Mesh/Cube.001_12.asset
  artifactKey: Guid(e2f64857013821a43a8e7284f743c3f5) Importer(815301076,1909f56bfc062723c751e8b465ee728b)
Start importing Assets/Mesh/Cube.001_12.asset using Guid(e2f64857013821a43a8e7284f743c3f5) Importer(815301076,1909f56bfc062723c751e8b465ee728b)  -> (artifact id: 'b3309420f2d9fd93ab5991242669eb02') in 0.016692 seconds
Number of updated asset objects reloaded before import = 0
Number of asset objects unloaded after import = 2
========================================================================
Received Import Request.
  Time since last request: 0.000014 seconds.
  path: Assets/Mesh/Cube.001_3.asset
  artifactKey: Guid(38086fbf12ce99744a0a6d75555c70dd) Importer(815301076,1909f56bfc062723c751e8b465ee728b)
Start importing Assets/Mesh/Cube.001_3.asset using Guid(38086fbf12ce99744a0a6d75555c70dd) Importer(815301076,1909f56bfc062723c751e8b465ee728b)  -> (artifact id: '4acc619d10b80a9261681bd6277571b2') in 0.024275 seconds
Number of updated asset objects reloaded before import = 0
Number of asset objects unloaded after import = 2
========================================================================
Received Import Request.
  Time since last request: 0.000014 seconds.
  path: Assets/Mesh/Crystal_0.asset
  artifactKey: Guid(b5bbc6393d4ca544cbe23a84098120f8) Importer(815301076,1909f56bfc062723c751e8b465ee728b)
Start importing Assets/Mesh/Crystal_0.asset using Guid(b5bbc6393d4ca544cbe23a84098120f8) Importer(815301076,1909f56bfc062723c751e8b465ee728b)  -> (artifact id: 'b1f65d12102c481dadfbb8831a80121b') in 0.016979 seconds
Number of updated asset objects reloaded before import = 0
Number of asset objects unloaded after import = 2
========================================================================
Received Import Request.
  Time since last request: 0.000016 seconds.
  path: Assets/Mesh/Bone.asset
  artifactKey: Guid(a8483968cdc669d4b8779c6f39e640ef) Importer(815301076,1909f56bfc062723c751e8b465ee728b)
Start importing Assets/Mesh/Bone.asset using Guid(a8483968cdc669d4b8779c6f39e640ef) Importer(815301076,1909f56bfc062723c751e8b465ee728b)  -> (artifact id: '496714469af2f1f9183e8828d04be4e1') in 0.015217 seconds
Number of updated asset objects reloaded before import = 0
Number of asset objects unloaded after import = 2
========================================================================
Received Import Request.
  Time since last request: 0.000017 seconds.
  path: Assets/Mesh/Cube.002.asset
  artifactKey: Guid(93e5cb4568522d142bd117b78c5d59d3) Importer(815301076,1909f56bfc062723c751e8b465ee728b)
Start importing Assets/Mesh/Cube.002.asset using Guid(93e5cb4568522d142bd117b78c5d59d3) Importer(815301076,1909f56bfc062723c751e8b465ee728b)  -> (artifact id: 'e49bf0806b686b882403436266c94ae5') in 0.014382 seconds
Number of updated asset objects reloaded before import = 0
Number of asset objects unloaded after import = 2
========================================================================
Received Import Request.
  Time since last request: 0.000013 seconds.
  path: Assets/Mesh/Bone_0.asset
  artifactKey: Guid(969064cbd26a3b647b0f18364398f577) Importer(815301076,1909f56bfc062723c751e8b465ee728b)
Start importing Assets/Mesh/Bone_0.asset using Guid(969064cbd26a3b647b0f18364398f577) Importer(815301076,1909f56bfc062723c751e8b465ee728b)  -> (artifact id: '2f638ad5f5d74771b5927650da68e2a1') in 0.012586 seconds
Number of updated asset objects reloaded before import = 0
Number of asset objects unloaded after import = 2
========================================================================
Received Import Request.
  Time since last request: 0.000015 seconds.
  path: Assets/Mesh/Cube_9.asset
  artifactKey: Guid(28ac2ad97b58e954da366a8c000190af) Importer(815301076,1909f56bfc062723c751e8b465ee728b)
Start importing Assets/Mesh/Cube_9.asset using Guid(28ac2ad97b58e954da366a8c000190af) Importer(815301076,1909f56bfc062723c751e8b465ee728b)  -> (artifact id: '5eda6d2f304498947a33468b10262f2a') in 0.015429 seconds
Number of updated asset objects reloaded before import = 0
Number of asset objects unloaded after import = 2
========================================================================
Received Import Request.
  Time since last request: 0.000028 seconds.
  path: Assets/Mesh/Cube_10.asset
  artifactKey: Guid(90cc96742cfec054ba7a419568c3bdfd) Importer(815301076,1909f56bfc062723c751e8b465ee728b)
Start importing Assets/Mesh/Cube_10.asset using Guid(90cc96742cfec054ba7a419568c3bdfd) Importer(815301076,1909f56bfc062723c751e8b465ee728b)  -> (artifact id: 'cb76293a71a3cfa685b943e84a683564') in 0.012823 seconds
Number of updated asset objects reloaded before import = 0
Number of asset objects unloaded after import = 2
========================================================================
Received Import Request.
  Time since last request: 0.000017 seconds.
  path: Assets/Mesh/Cube_11.asset
  artifactKey: Guid(886d1f3b04b267b4480d010bf4913f7f) Importer(815301076,1909f56bfc062723c751e8b465ee728b)
Start importing Assets/Mesh/Cube_11.asset using Guid(886d1f3b04b267b4480d010bf4913f7f) Importer(815301076,1909f56bfc062723c751e8b465ee728b)  -> (artifact id: '40b73564378d3b1e7036e018efac4aed') in 0.018857 seconds
Number of updated asset objects reloaded before import = 0
Number of asset objects unloaded after import = 2
========================================================================
Received Import Request.
  Time since last request: 0.000022 seconds.
  path: Assets/Mesh/Cube.001.asset
  artifactKey: Guid(1508136073586024d94b1b215a1ef458) Importer(815301076,1909f56bfc062723c751e8b465ee728b)
Start importing Assets/Mesh/Cube.001.asset using Guid(1508136073586024d94b1b215a1ef458) Importer(815301076,1909f56bfc062723c751e8b465ee728b)  -> (artifact id: 'e36782b29d0a5f2dd808f44def5155fa') in 0.013577 seconds
Number of updated asset objects reloaded before import = 0
Number of asset objects unloaded after import = 2
========================================================================
Received Import Request.
  Time since last request: 0.000071 seconds.
  path: Assets/Mesh/Cube.001_1.asset
  artifactKey: Guid(8ceaea27ec6c9364ab3210de1b5cd447) Importer(815301076,1909f56bfc062723c751e8b465ee728b)
Start importing Assets/Mesh/Cube.001_1.asset using Guid(8ceaea27ec6c9364ab3210de1b5cd447) Importer(815301076,1909f56bfc062723c751e8b465ee728b)  -> (artifact id: '19bb793e08ccfbc35092f0d4d18eaad3') in 0.015254 seconds
Number of updated asset objects reloaded before import = 0
Number of asset objects unloaded after import = 2
========================================================================
Received Import Request.
  Time since last request: 0.000048 seconds.
  path: Assets/Mesh/Cog2.asset
  artifactKey: Guid(d5fbb9867e7e38846a05cbee94970913) Importer(815301076,1909f56bfc062723c751e8b465ee728b)
Start importing Assets/Mesh/Cog2.asset using Guid(d5fbb9867e7e38846a05cbee94970913) Importer(815301076,1909f56bfc062723c751e8b465ee728b)  -> (artifact id: '3e48d2e4c06b07b1a44ee97bc0206b30') in 0.005601 seconds
Number of updated asset objects reloaded before import = 0
Number of asset objects unloaded after import = 2
========================================================================
Received Import Request.
  Time since last request: 0.000014 seconds.
  path: Assets/Mesh/Cube.001_4.asset
  artifactKey: Guid(84b48fda119495245a739d2c84257b66) Importer(815301076,1909f56bfc062723c751e8b465ee728b)
Start importing Assets/Mesh/Cube.001_4.asset using Guid(84b48fda119495245a739d2c84257b66) Importer(815301076,1909f56bfc062723c751e8b465ee728b)  -> (artifact id: '3b65457856903e141db842dc03a69979') in 0.014185 seconds
Number of updated asset objects reloaded before import = 0
Number of asset objects unloaded after import = 2
========================================================================
Received Import Request.
  Time since last request: 0.000054 seconds.
  path: Assets/Mesh/Cube_24.asset
  artifactKey: Guid(e33153840cf8a794bb3639699f14705d) Importer(815301076,1909f56bfc062723c751e8b465ee728b)
Start importing Assets/Mesh/Cube_24.asset using Guid(e33153840cf8a794bb3639699f14705d) Importer(815301076,1909f56bfc062723c751e8b465ee728b)  -> (artifact id: '3c147087c5179c4d4b9691ccf04c8074') in 0.014811 seconds
Number of updated asset objects reloaded before import = 0
Number of asset objects unloaded after import = 2
========================================================================
Received Import Request.
  Time since last request: 0.000039 seconds.
  path: Assets/Mesh/Cube_14.asset
  artifactKey: Guid(449b9b9ddb5e4854b929e6188af5c822) Importer(815301076,1909f56bfc062723c751e8b465ee728b)
Start importing Assets/Mesh/Cube_14.asset using Guid(449b9b9ddb5e4854b929e6188af5c822) Importer(815301076,1909f56bfc062723c751e8b465ee728b)  -> (artifact id: 'a4a7e711ba64cff82ad5560bd5ae6c3b') in 0.004876 seconds
Number of updated asset objects reloaded before import = 0
Number of asset objects unloaded after import = 2
========================================================================
Received Import Request.
  Time since last request: 0.000024 seconds.
  path: Assets/Mesh/Cube.asset
  artifactKey: Guid(a4514803caff51a44ba6aad094292179) Importer(815301076,1909f56bfc062723c751e8b465ee728b)
Start importing Assets/Mesh/Cube.asset using Guid(a4514803caff51a44ba6aad094292179) Importer(815301076,1909f56bfc062723c751e8b465ee728b)  -> (artifact id: '8048b2a461ed1502805197b4641851dc') in 0.016351 seconds
Number of updated asset objects reloaded before import = 0
Number of asset objects unloaded after import = 2
========================================================================
Received Import Request.
  Time since last request: 0.000023 seconds.
  path: Assets/Mesh/Cube_15.asset
  artifactKey: Guid(4c8f9e43054cf0e4d8a0d5f48d470cbd) Importer(815301076,1909f56bfc062723c751e8b465ee728b)
Start importing Assets/Mesh/Cube_15.asset using Guid(4c8f9e43054cf0e4d8a0d5f48d470cbd) Importer(815301076,1909f56bfc062723c751e8b465ee728b)  -> (artifact id: '735952bc25957162bb422f501fbd171b') in 0.016007 seconds
Number of updated asset objects reloaded before import = 0
Number of asset objects unloaded after import = 2
========================================================================
Received Import Request.
  Time since last request: 0.000043 seconds.
  path: Assets/Mesh/3.asset
  artifactKey: Guid(902319d81c1fd924c9cf8886e871e9b1) Importer(815301076,1909f56bfc062723c751e8b465ee728b)
Start importing Assets/Mesh/3.asset using Guid(902319d81c1fd924c9cf8886e871e9b1) Importer(815301076,1909f56bfc062723c751e8b465ee728b)  -> (artifact id: 'c8e5584446fa02b9bf9c0828719cff82') in 0.005203 seconds
Number of updated asset objects reloaded before import = 0
Number of asset objects unloaded after import = 2
========================================================================
Received Import Request.
  Time since last request: 0.000069 seconds.
  path: Assets/Mesh/Cube.002_0.asset
  artifactKey: Guid(81ce1a45f84b6bf4698317f0463ebcf4) Importer(815301076,1909f56bfc062723c751e8b465ee728b)
Start importing Assets/Mesh/Cube.002_0.asset using Guid(81ce1a45f84b6bf4698317f0463ebcf4) Importer(815301076,1909f56bfc062723c751e8b465ee728b)  -> (artifact id: '7623b212e9da2f9e86ac5dce43aab58b') in 0.011654 seconds
Number of updated asset objects reloaded before import = 0
Number of asset objects unloaded after import = 2
========================================================================
Received Import Request.
  Time since last request: 0.000012 seconds.
  path: Assets/Mesh/Cube.001_9.asset
  artifactKey: Guid(fa51d8a170d49914fade92b57f0ad95a) Importer(815301076,1909f56bfc062723c751e8b465ee728b)
Start importing Assets/Mesh/Cube.001_9.asset using Guid(fa51d8a170d49914fade92b57f0ad95a) Importer(815301076,1909f56bfc062723c751e8b465ee728b)  -> (artifact id: '26a356bcd897da4ab29719a061256d6d') in 0.013268 seconds
Number of updated asset objects reloaded before import = 0
Number of asset objects unloaded after import = 2
========================================================================
Received Import Request.
  Time since last request: 0.000011 seconds.
  path: Assets/Mesh/Cube_1.asset
  artifactKey: Guid(c7083800c8fa1bb468c9445689be0c81) Importer(815301076,1909f56bfc062723c751e8b465ee728b)
Start importing Assets/Mesh/Cube_1.asset using Guid(c7083800c8fa1bb468c9445689be0c81) Importer(815301076,1909f56bfc062723c751e8b465ee728b)  -> (artifact id: '73f80a7781fdd9ab0b52cb8675b19a61') in 0.012188 seconds
Number of updated asset objects reloaded before import = 0
Number of asset objects unloaded after import = 2
========================================================================
Received Import Request.
  Time since last request: 0.000093 seconds.
  path: Assets/Mesh/Cube_13.asset
  artifactKey: Guid(76042f6027db265469ce792f83577e72) Importer(815301076,1909f56bfc062723c751e8b465ee728b)
Start importing Assets/Mesh/Cube_13.asset using Guid(76042f6027db265469ce792f83577e72) Importer(815301076,1909f56bfc062723c751e8b465ee728b)  -> (artifact id: '2c0918e32b1faa4bab4215902d752db8') in 0.013463 seconds
Number of updated asset objects reloaded before import = 0
Number of asset objects unloaded after import = 2
========================================================================
Received Import Request.
  Time since last request: 0.000015 seconds.
  path: Assets/Mesh/Cube_19.asset
  artifactKey: Guid(085ecc5e9aa19fe41a44903c5982c25e) Importer(815301076,1909f56bfc062723c751e8b465ee728b)
Start importing Assets/Mesh/Cube_19.asset using Guid(085ecc5e9aa19fe41a44903c5982c25e) Importer(815301076,1909f56bfc062723c751e8b465ee728b)  -> (artifact id: '17f5ab1142a2faa759edc10b272ae51c') in 0.012646 seconds
Number of updated asset objects reloaded before import = 0
Number of asset objects unloaded after import = 2
========================================================================
Received Import Request.
  Time since last request: 0.000016 seconds.
  path: Assets/Mesh/Cube.003_1.asset
  artifactKey: Guid(54bdfdac03408c8488ddb8a9c1a554fe) Importer(815301076,1909f56bfc062723c751e8b465ee728b)
Start importing Assets/Mesh/Cube.003_1.asset using Guid(54bdfdac03408c8488ddb8a9c1a554fe) Importer(815301076,1909f56bfc062723c751e8b465ee728b)  -> (artifact id: '3ca3ef7b833934a253c63f3a74cf7a3c') in 0.015025 seconds
Number of updated asset objects reloaded before import = 0
Number of asset objects unloaded after import = 2
========================================================================
Received Import Request.
  Time since last request: 0.996075 seconds.
  path: Assets/Mesh/Cube_28.asset
  artifactKey: Guid(dc9290dce28dcf44fb6a164b24741397) Importer(815301076,1909f56bfc062723c751e8b465ee728b)
Start importing Assets/Mesh/Cube_28.asset using Guid(dc9290dce28dcf44fb6a164b24741397) Importer(815301076,1909f56bfc062723c751e8b465ee728b)  -> (artifact id: '4b9126bbbcb997c601f7f4bd267209be') in 0.016528 seconds
Number of updated asset objects reloaded before import = 0
Number of asset objects unloaded after import = 2
========================================================================
Received Import Request.
  Time since last request: 0.000020 seconds.
  path: Assets/Mesh/Cube_41.asset
  artifactKey: Guid(5e08fe8c85587754f91cd3ab4a6548b5) Importer(815301076,1909f56bfc062723c751e8b465ee728b)
Start importing Assets/Mesh/Cube_41.asset using Guid(5e08fe8c85587754f91cd3ab4a6548b5) Importer(815301076,1909f56bfc062723c751e8b465ee728b)  -> (artifact id: '227e1e26ec0c32d7cc75cc1008bbc2a2') in 0.014492 seconds
Number of updated asset objects reloaded before import = 0
Number of asset objects unloaded after import = 2
========================================================================
Received Import Request.
  Time since last request: 0.000014 seconds.
  path: Assets/Mesh/Cube_33.asset
  artifactKey: Guid(6907a5485b479124d972b171c5609059) Importer(815301076,1909f56bfc062723c751e8b465ee728b)
Start importing Assets/Mesh/Cube_33.asset using Guid(6907a5485b479124d972b171c5609059) Importer(815301076,1909f56bfc062723c751e8b465ee728b)  -> (artifact id: '7b414356e3b40d5fce0a647a628f98eb') in 0.012887 seconds
Number of updated asset objects reloaded before import = 0
Number of asset objects unloaded after import = 2
========================================================================
Received Import Request.
  Time since last request: 0.000046 seconds.
  path: Assets/Mesh/Cube_38.asset
  artifactKey: Guid(bcb8ffad3a976b3458c3476af4b9fd90) Importer(815301076,1909f56bfc062723c751e8b465ee728b)
Start importing Assets/Mesh/Cube_38.asset using Guid(bcb8ffad3a976b3458c3476af4b9fd90) Importer(815301076,1909f56bfc062723c751e8b465ee728b)  -> (artifact id: '19eb311c44139e67ad80ffd3f6140064') in 0.012435 seconds
Number of updated asset objects reloaded before import = 0
Number of asset objects unloaded after import = 2
========================================================================
Received Import Request.
  Time since last request: 0.000015 seconds.
  path: Assets/Mesh/Cube_31.asset
  artifactKey: Guid(4e4b17e04f0b77a429c994db2c05c7d6) Importer(815301076,1909f56bfc062723c751e8b465ee728b)
Start importing Assets/Mesh/Cube_31.asset using Guid(4e4b17e04f0b77a429c994db2c05c7d6) Importer(815301076,1909f56bfc062723c751e8b465ee728b)  -> (artifact id: 'b581fa9db645de5f974f82bd5908f3a2') in 0.014418 seconds
Number of updated asset objects reloaded before import = 0
Number of asset objects unloaded after import = 2
========================================================================
Received Import Request.
  Time since last request: 0.000033 seconds.
  path: Assets/Mesh/Cube_35.asset
  artifactKey: Guid(e210bc5904cac984fa2742c75f82c2fb) Importer(815301076,1909f56bfc062723c751e8b465ee728b)
Start importing Assets/Mesh/Cube_35.asset using Guid(e210bc5904cac984fa2742c75f82c2fb) Importer(815301076,1909f56bfc062723c751e8b465ee728b)  -> (artifact id: '288e2434b6757fc7b9d8f8ac4d760f46') in 0.013806 seconds
Number of updated asset objects reloaded before import = 0
Number of asset objects unloaded after import = 2
========================================================================
Received Import Request.
  Time since last request: 0.000015 seconds.
  path: Assets/Mesh/Cube_29.asset
  artifactKey: Guid(ada779f02426a0b48a32d609c3b9e141) Importer(815301076,1909f56bfc062723c751e8b465ee728b)
Start importing Assets/Mesh/Cube_29.asset using Guid(ada779f02426a0b48a32d609c3b9e141) Importer(815301076,1909f56bfc062723c751e8b465ee728b)  -> (artifact id: '0b5ef807ca8fcb5f0f03a1ca0175e36f') in 0.012282 seconds
Number of updated asset objects reloaded before import = 0
Number of asset objects unloaded after import = 2
========================================================================
Received Import Request.
  Time since last request: 0.000040 seconds.
  path: Assets/Mesh/Cube_34.asset
  artifactKey: Guid(107bb812f2eab3d4980d61427a2f7ac2) Importer(815301076,1909f56bfc062723c751e8b465ee728b)
Start importing Assets/Mesh/Cube_34.asset using Guid(107bb812f2eab3d4980d61427a2f7ac2) Importer(815301076,1909f56bfc062723c751e8b465ee728b)  -> (artifact id: 'f7e7dbaebe2b688dec1a76f566eaad70') in 0.015885 seconds
Number of updated asset objects reloaded before import = 0
Number of asset objects unloaded after import = 2
========================================================================
Received Import Request.
  Time since last request: 3.935584 seconds.
  path: Assets/Mesh/Cube_44.asset
  artifactKey: Guid(ff9ea8fcc69e42b4497f68e8504c4ee4) Importer(815301076,1909f56bfc062723c751e8b465ee728b)
Start importing Assets/Mesh/Cube_44.asset using Guid(ff9ea8fcc69e42b4497f68e8504c4ee4) Importer(815301076,1909f56bfc062723c751e8b465ee728b)  -> (artifact id: 'b0ff6c0b784ddb6a2e49cfcf94335056') in 0.026610 seconds
Number of updated asset objects reloaded before import = 0
Number of asset objects unloaded after import = 2
========================================================================
Received Import Request.
  Time since last request: 0.000014 seconds.
  path: Assets/Mesh/Cube_47.asset
  artifactKey: Guid(2f17d27a988ad5c438a2ff5f2430f7d6) Importer(815301076,1909f56bfc062723c751e8b465ee728b)
Start importing Assets/Mesh/Cube_47.asset using Guid(2f17d27a988ad5c438a2ff5f2430f7d6) Importer(815301076,1909f56bfc062723c751e8b465ee728b)  -> (artifact id: '0e9bb0de91402fe2461180c5e7a9e53a') in 0.027516 seconds
Number of updated asset objects reloaded before import = 0
Number of asset objects unloaded after import = 2
========================================================================
Received Import Request.
  Time since last request: 0.000013 seconds.
  path: Assets/Mesh/Cube_46.asset
  artifactKey: Guid(ab6fac636eae3f14c83235389f588a1b) Importer(815301076,1909f56bfc062723c751e8b465ee728b)
Start importing Assets/Mesh/Cube_46.asset using Guid(ab6fac636eae3f14c83235389f588a1b) Importer(815301076,1909f56bfc062723c751e8b465ee728b)  -> (artifact id: '227e74f5b505f604a25ba4708e984240') in 0.030893 seconds
Number of updated asset objects reloaded before import = 0
Number of asset objects unloaded after import = 2
========================================================================
Received Import Request.
  Time since last request: 0.000018 seconds.
  path: Assets/Mesh/Cube_51.asset
  artifactKey: Guid(13ba84425a902984fb9a0604e55c3047) Importer(815301076,1909f56bfc062723c751e8b465ee728b)
Start importing Assets/Mesh/Cube_51.asset using Guid(13ba84425a902984fb9a0604e55c3047) Importer(815301076,1909f56bfc062723c751e8b465ee728b)  -> (artifact id: 'c3e194941e6b9ef884bf1638be6f02b1') in 0.031254 seconds
Number of updated asset objects reloaded before import = 0
Number of asset objects unloaded after import = 2
========================================================================
Received Import Request.
  Time since last request: 0.000023 seconds.
  path: Assets/Mesh/Cylinder_2.asset
  artifactKey: Guid(a7c75ae9c2de1d145a7714ec55c4d85f) Importer(815301076,1909f56bfc062723c751e8b465ee728b)
Start importing Assets/Mesh/Cylinder_2.asset using Guid(a7c75ae9c2de1d145a7714ec55c4d85f) Importer(815301076,1909f56bfc062723c751e8b465ee728b)  -> (artifact id: 'de93c4fa3a35787148ef2be41e603f04') in 0.016103 seconds
Number of updated asset objects reloaded before import = 0
Number of asset objects unloaded after import = 2
========================================================================
Received Import Request.
  Time since last request: 0.000048 seconds.
  path: Assets/Mesh/Cylinder_3.asset
  artifactKey: Guid(20dfa0d0521cc1244b0eb8dde27c56b7) Importer(815301076,1909f56bfc062723c751e8b465ee728b)
Start importing Assets/Mesh/Cylinder_3.asset using Guid(20dfa0d0521cc1244b0eb8dde27c56b7) Importer(815301076,1909f56bfc062723c751e8b465ee728b)  -> (artifact id: '65435cc4517acaa0af6048da7d6feb93') in 0.012213 seconds
Number of updated asset objects reloaded before import = 0
Number of asset objects unloaded after import = 2
========================================================================
Received Import Request.
  Time since last request: 0.000058 seconds.
  path: Assets/Mesh/Cylinder_9.asset
  artifactKey: Guid(dee7651a384519a4a8e2e9f9cb575836) Importer(815301076,1909f56bfc062723c751e8b465ee728b)
Start importing Assets/Mesh/Cylinder_9.asset using Guid(dee7651a384519a4a8e2e9f9cb575836) Importer(815301076,1909f56bfc062723c751e8b465ee728b)  -> (artifact id: '6ce5eb3852aad6f4d4b995fcf7ccaad0') in 0.013750 seconds
Number of updated asset objects reloaded before import = 0
Number of asset objects unloaded after import = 2
========================================================================
Received Import Request.
  Time since last request: 0.000123 seconds.
  path: Assets/Mesh/Cube_54.asset
  artifactKey: Guid(518b6a93ee8aceb4581b78faf9faa62e) Importer(815301076,1909f56bfc062723c751e8b465ee728b)
Start importing Assets/Mesh/Cube_54.asset using Guid(518b6a93ee8aceb4581b78faf9faa62e) Importer(815301076,1909f56bfc062723c751e8b465ee728b)  -> (artifact id: '5355c257b34d56b33e05380b5fd400de') in 0.020101 seconds
Number of updated asset objects reloaded before import = 0
Number of asset objects unloaded after import = 2
========================================================================
Received Import Request.
  Time since last request: 0.000014 seconds.
  path: Assets/Mesh/Cylinder.001.asset
  artifactKey: Guid(d437f26e9ccec43459cc57a27330ab4a) Importer(815301076,1909f56bfc062723c751e8b465ee728b)
Start importing Assets/Mesh/Cylinder.001.asset using Guid(d437f26e9ccec43459cc57a27330ab4a) Importer(815301076,1909f56bfc062723c751e8b465ee728b)  -> (artifact id: '6795752e7c890ac08148af8ce8765a9b') in 0.014893 seconds
Number of updated asset objects reloaded before import = 0
Number of asset objects unloaded after import = 2
========================================================================
Received Prepare
Begin MonoManager ReloadAssembly
C:\build\output\Unity-Technologies\mono\mono\metadata\icall.c:1842:
C:\build\output\Unity-Technologies\mono\mono\metadata\icall.c:1842:
C:\build\output\Unity-Technologies\mono\mono\metadata\icall.c:1842:
C:\build\output\Unity-Technologies\mono\mono\metadata\icall.c:1842:
C:\build\output\Unity-Technologies\mono\mono\metadata\icall.c:1842:
C:\build\output\Unity-Technologies\mono\mono\metadata\icall.c:1842:
C:\build\output\Unity-Technologies\mono\mono\metadata\icall.c:1842:
C:\build\output\Unity-Technologies\mono\mono\metadata\icall.c:1842:
C:\build\output\Unity-Technologies\mono\mono\metadata\icall.c:1842:
C:\build\output\Unity-Technologies\mono\mono\metadata\icall.c:1842:
C:\build\output\Unity-Technologies\mono\mono\metadata\icall.c:1842:
C:\build\output\Unity-Technologies\mono\mono\metadata\icall.c:1842:
- Loaded All Assemblies, in  0.567 seconds
Refreshing native plugins compatible for Editor in 3.64 ms, found 3 plugins.
Native extension for Android target not found
Native extension for UWP target not found
Native extension for WindowsStandalone target not found
Native extension for WebGL target not found
Mono: successfully reloaded assembly
- Finished resetting the current domain, in  0.917 seconds
Domain Reload Profiling: 1484ms
	BeginReloadAssembly (151ms)
		ExecutionOrderSort (0ms)
		DisableScriptedObjects (4ms)
		BackupInstance (0ms)
		ReleaseScriptingObjects (0ms)
		CreateAndSetChildDomain (40ms)
	RebuildCommonClasses (26ms)
	RebuildNativeTypeToScriptingClass (11ms)
	initialDomainReloadingComplete (17ms)
	LoadAllAssembliesAndSetupDomain (362ms)
		LoadAssemblies (215ms)
		RebuildTransferFunctionScriptingTraits (0ms)
		AnalyzeDomain (223ms)
			TypeCache.Refresh (215ms)
				TypeCache.ScanAssembly (205ms)
			ScanForSourceGeneratedMonoScriptInfo (0ms)
			ResolveRequiredComponents (8ms)
	FinalizeReload (918ms)
		ReleaseScriptCaches (0ms)
		RebuildScriptCaches (0ms)
		SetupLoadedEditorAssemblies (275ms)
			LogAssemblyErrors (0ms)
			InitializePlatformSupportModulesInManaged (21ms)
			SetLoadedEditorAssemblies (3ms)
			BeforeProcessingInitializeOnLoad (60ms)
			ProcessInitializeOnLoadAttributes (167ms)
			ProcessInitializeOnLoadMethodAttributes (19ms)
			AfterProcessingInitializeOnLoad (4ms)
			EditorAssembliesLoaded (0ms)
		ExecutionOrderSort2 (0ms)
		AwakeInstancesAfterBackupRestoration (7ms)
Refreshing native plugins compatible for Editor in 3.75 ms, found 3 plugins.
Preloading 0 native plugins for Editor in 0.00 ms.
Unloading 1946 Unused Serialized files (Serialized files now loaded: 0)
Unloading 40 unused Assets / (1.0 MB). Loaded Objects now: 2542.
Memory consumption went from 105.6 MB to 104.6 MB.
Total: 6.358100 ms (FindLiveObjects: 0.240500 ms CreateObjectMapping: 0.125300 ms MarkObjects: 5.440300 ms  DeleteObjects: 0.549400 ms)

Prepare: number of updated asset objects reloaded= 0
AssetImportParameters requested are different than current active one (requested -> active):
  custom:container-demuxer-ogg: 62fdf1f143b41e24485cea50d1cbac27 -> 
  custom:framework-win-MediaFoundation: 216162199b28c13a410421893ffa2e32 -> 
  custom:scripting/monoscript/fileName/VSCodeDiscovery.cs: d83b4aff57b85f583bfc60cfbb7e527e -> 
  custom:video-decoder-webm-vp8: 9c59270c3fd7afecdb556c50c9e8de78 -> 
  custom:audio-encoder-webm-vorbis: bf7c407c2cedff20999df2af8eb42d56 -> 
  custom:video-decoder-ogg-theora: a1e56fd34408186e4bbccfd4996cb3dc -> 
  custom:scripting/monoscript/fileName/GUIDGenerator.cs: 6dd6e35608006bcfade7642e5de04c6b -> 
  custom:scripting/monoscript/fileName/AssemblyNameProvider.cs: 7145090b977b4a4af2c7ee452bb803ed -> 5210529ddc67cdb852122f447527c528
  custom:scripting/monoscript/fileName/VSCodeScriptEditor.cs: 976f19e81f1a1748ecd5ce0eeab6e373 -> 
  custom:container-muxer-webm: aa71ff27fc2769a1b78a27578f13a17b -> 
  custom:AudioImporter_EditorPlatform: d09bf68614088b80899f8185d706f6e7 -> 
  custom:audio-decoder-ogg-vorbis: bf7c407c2cedff20999df2af8eb42d56 -> 
  custom:video-codec-MediaFoundation-h265: 746d11721c4dcdbdad8f713fa42b33f4 -> 
  custom:scripting/monoscript/fileName/FileIO.cs: e12d7b1846fe00e4e229609939e0062b -> 
  custom:scripting/monoscript/fileName/ProjectGeneration.cs: 7c3150a04cd2de8ef9bdd48a0f99701a -> 9a60ae906ea060222f7967033c27f7ed
  custom:CustomObjectIndexerAttribute: 756ad292c208cfabdd7b50bc23989ffe -> 
  custom:container-demuxer-webm: 4f35f7cbe854078d1ac9338744f61a02 -> 
  custom:video-encoder-webm-vp8: eb34c28f22e8b96e1ab97ce403110664 -> 
Editor requested this worker to shutdown with reason: Scaling down because of idle timeout
AssetImportWorker is now disconnected from the server
Process exiting
Exiting without the bug reporter. Application will terminate with return code 0