Using pre-set license
Built from '2023.1/staging' branch; Version is '2023.1.7f1 (4f4e359ec3fc) revision 5197365'; Using compiler version '192829333'; Build Type 'Release'
OS: 'Windows 11  (10.0.22631) 64bit Education' Language: 'en' Physical Memory: 16053 MB
BatchMode: 1, IsHumanControllingUs: 0, StartBugReporterOnCrash: 0, Is64bit: 1, IsPro: 1

COMMAND LINE ARGUMENTS:
C:\Program Files\Unity 2023.1.7f1\Editor\Unity.exe
-adb2
-batchMode
-noUpm
-name
AssetImportWorker15
-projectPath
C:/Users/jasm076/Documents/GitHub/Muck
-logFile
Logs/AssetImportWorker15.log
-srvPort
62353
Successfully changed project path to: C:/Users/jasm076/Documents/GitHub/Muck
C:/Users/jasm076/Documents/GitHub/Muck
[UnityMemory] Configuration Parameters - Can be set up in boot.config
    "memorysetup-bucket-allocator-granularity=16"
    "memorysetup-bucket-allocator-bucket-count=8"
    "memorysetup-bucket-allocator-block-size=33554432"
    "memorysetup-bucket-allocator-block-count=8"
    "memorysetup-main-allocator-block-size=16777216"
    "memorysetup-thread-allocator-block-size=16777216"
    "memorysetup-gfx-main-allocator-block-size=16777216"
    "memorysetup-gfx-thread-allocator-block-size=16777216"
    "memorysetup-cache-allocator-block-size=4194304"
    "memorysetup-typetree-allocator-block-size=2097152"
    "memorysetup-profiler-bucket-allocator-granularity=16"
    "memorysetup-profiler-bucket-allocator-bucket-count=8"
    "memorysetup-profiler-bucket-allocator-block-size=33554432"
    "memorysetup-profiler-bucket-allocator-block-count=8"
    "memorysetup-profiler-allocator-block-size=16777216"
    "memorysetup-profiler-editor-allocator-block-size=1048576"
    "memorysetup-temp-allocator-size-main=16777216"
    "memorysetup-job-temp-allocator-block-size=2097152"
    "memorysetup-job-temp-allocator-block-size-background=1048576"
    "memorysetup-job-temp-allocator-reduction-small-platforms=262144"
    "memorysetup-allocator-temp-initial-block-size-main=262144"
    "memorysetup-allocator-temp-initial-block-size-worker=262144"
    "memorysetup-temp-allocator-size-background-worker=32768"
    "memorysetup-temp-allocator-size-job-worker=262144"
    "memorysetup-temp-allocator-size-preload-manager=33554432"
    "memorysetup-temp-allocator-size-nav-mesh-worker=65536"
    "memorysetup-temp-allocator-size-audio-worker=65536"
    "memorysetup-temp-allocator-size-cloud-worker=32768"
    "memorysetup-temp-allocator-size-gi-baking-worker=262144"
    "memorysetup-temp-allocator-size-gfx=262144"
Player connection [8344] Host "[IP] 10.10.22.141 [Port] 0 [Flags] 2 [Guid] 2786350153 [EditorId] 2786350153 [Version] 1048832 [Id] WindowsEditor(7,OA-CTC-A234-11) [Debug] 1 [PackageName] WindowsEditor [ProjectName] Editor" joined multi-casting on [225.0.0.222:54997]...

Player connection [8344] Host "[IP] 10.10.22.141 [Port] 0 [Flags] 2 [Guid] 2786350153 [EditorId] 2786350153 [Version] 1048832 [Id] WindowsEditor(7,OA-CTC-A234-11) [Debug] 1 [PackageName] WindowsEditor [ProjectName] Editor" joined alternative multi-casting on [225.0.0.222:34997]...

Library Redirect Path: Library/Refreshing native plugins compatible for Editor in 5.71 ms, found 3 plugins.
Preloading 0 native plugins for Editor in 0.00 ms.
Initialize engine version: 2023.1.7f1 (4f4e359ec3fc)
[Subsystems] Discovering subsystems at path C:/Program Files/Unity 2023.1.7f1/Editor/Data/Resources/UnitySubsystems
[Subsystems] Discovering subsystems at path C:/Users/jasm076/Documents/GitHub/Muck/Assets
GfxDevice: creating device client; threaded=0; jobified=0
Direct3D:
    Version:  Direct3D 11.0 [level 11.1]
    Renderer: NVIDIA GeForce RTX 3060 (ID=0x2504)
    Vendor:   NVIDIA
    VRAM:     12129 MB
    Driver:   31.0.15.3130
Initialize mono
Mono path[0] = 'C:/Program Files/Unity 2023.1.7f1/Editor/Data/Managed'
Mono path[1] = 'C:/Program Files/Unity 2023.1.7f1/Editor/Data/MonoBleedingEdge/lib/mono/unityjit-win32'
Mono config path = 'C:/Program Files/Unity 2023.1.7f1/Editor/Data/MonoBleedingEdge/etc'
Using monoOptions --debugger-agent=transport=dt_socket,embedding=1,server=y,suspend=n,address=127.0.0.1:56540
Begin MonoManager ReloadAssembly
C:\build\output\Unity-Technologies\mono\mono\metadata\icall.c:1842:
C:\build\output\Unity-Technologies\mono\mono\metadata\icall.c:1842:
C:\build\output\Unity-Technologies\mono\mono\metadata\icall.c:1842:
C:\build\output\Unity-Technologies\mono\mono\metadata\icall.c:1842:
C:\build\output\Unity-Technologies\mono\mono\metadata\icall.c:1842:
C:\build\output\Unity-Technologies\mono\mono\metadata\icall.c:1842:
C:\build\output\Unity-Technologies\mono\mono\metadata\icall.c:1842:
C:\build\output\Unity-Technologies\mono\mono\metadata\icall.c:1842:
C:\build\output\Unity-Technologies\mono\mono\metadata\icall.c:1842:
C:\build\output\Unity-Technologies\mono\mono\metadata\icall.c:1842:
Registering precompiled unity dll's ...
Register platform support module: C:/Program Files/Unity 2023.1.7f1/Editor/Data/PlaybackEngines/WebGLSupport/UnityEditor.WebGL.Extensions.dll
Register platform support module: C:/Program Files/Unity 2023.1.7f1/Editor/Data/PlaybackEngines/WindowsStandaloneSupport/UnityEditor.WindowsStandalone.Extensions.dll
Register platform support module: C:/Program Files/Unity 2023.1.7f1/Editor/Data/PlaybackEngines/MetroSupport/UnityEditor.UWP.Extensions.dll
Register platform support module: C:/Program Files/Unity 2023.1.7f1/Editor/Data/PlaybackEngines/AndroidPlayer/UnityEditor.Android.Extensions.dll
Registered in 0.004717 seconds.
- Loaded All Assemblies, in  0.276 seconds
Native extension for Android target not found
Native extension for UWP target not found
Native extension for WindowsStandalone target not found
Native extension for WebGL target not found
Mono: successfully reloaded assembly
C:\build\output\Unity-Technologies\mono\mono\metadata\icall.c:1842:
C:\build\output\Unity-Technologies\mono\mono\metadata\icall.c:1842:
- Finished resetting the current domain, in  0.252 seconds
Domain Reload Profiling: 527ms
	BeginReloadAssembly (87ms)
		ExecutionOrderSort (0ms)
		DisableScriptedObjects (0ms)
		BackupInstance (0ms)
		ReleaseScriptingObjects (0ms)
		CreateAndSetChildDomain (1ms)
	RebuildCommonClasses (24ms)
	RebuildNativeTypeToScriptingClass (8ms)
	initialDomainReloadingComplete (37ms)
	LoadAllAssembliesAndSetupDomain (119ms)
		LoadAssemblies (86ms)
		RebuildTransferFunctionScriptingTraits (0ms)
		AnalyzeDomain (115ms)
			TypeCache.Refresh (114ms)
				TypeCache.ScanAssembly (105ms)
			ScanForSourceGeneratedMonoScriptInfo (0ms)
			ResolveRequiredComponents (0ms)
	FinalizeReload (253ms)
		ReleaseScriptCaches (0ms)
		RebuildScriptCaches (0ms)
		SetupLoadedEditorAssemblies (218ms)
			LogAssemblyErrors (0ms)
			InitializePlatformSupportModulesInManaged (71ms)
			SetLoadedEditorAssemblies (2ms)
			BeforeProcessingInitializeOnLoad (5ms)
			ProcessInitializeOnLoadAttributes (97ms)
			ProcessInitializeOnLoadMethodAttributes (43ms)
			AfterProcessingInitializeOnLoad (0ms)
			EditorAssembliesLoaded (0ms)
		ExecutionOrderSort2 (0ms)
		AwakeInstancesAfterBackupRestoration (0ms)
========================================================================
Worker process is ready to serve import requests
Import Worker Mode flag is 0x00
Begin MonoManager ReloadAssembly
C:\build\output\Unity-Technologies\mono\mono\metadata\icall.c:1842:
C:\build\output\Unity-Technologies\mono\mono\metadata\icall.c:1842:
C:\build\output\Unity-Technologies\mono\mono\metadata\icall.c:1842:
C:\build\output\Unity-Technologies\mono\mono\metadata\icall.c:1842:
C:\build\output\Unity-Technologies\mono\mono\metadata\icall.c:1842:
C:\build\output\Unity-Technologies\mono\mono\metadata\icall.c:1842:
C:\build\output\Unity-Technologies\mono\mono\metadata\icall.c:1842:
C:\build\output\Unity-Technologies\mono\mono\metadata\icall.c:1842:
C:\build\output\Unity-Technologies\mono\mono\metadata\icall.c:1842:
C:\build\output\Unity-Technologies\mono\mono\metadata\icall.c:1842:
C:\build\output\Unity-Technologies\mono\mono\metadata\icall.c:1842:
C:\build\output\Unity-Technologies\mono\mono\metadata\icall.c:1842:
- Loaded All Assemblies, in  0.532 seconds
Refreshing native plugins compatible for Editor in 1.88 ms, found 3 plugins.
Native extension for Android target not found
Native extension for UWP target not found
Native extension for WindowsStandalone target not found
Native extension for WebGL target not found
Mono: successfully reloaded assembly
- Finished resetting the current domain, in  0.369 seconds
Domain Reload Profiling: 899ms
	BeginReloadAssembly (195ms)
		ExecutionOrderSort (0ms)
		DisableScriptedObjects (4ms)
		BackupInstance (0ms)
		ReleaseScriptingObjects (0ms)
		CreateAndSetChildDomain (24ms)
	RebuildCommonClasses (23ms)
	RebuildNativeTypeToScriptingClass (7ms)
	initialDomainReloadingComplete (27ms)
	LoadAllAssembliesAndSetupDomain (278ms)
		LoadAssemblies (185ms)
		RebuildTransferFunctionScriptingTraits (0ms)
		AnalyzeDomain (160ms)
			TypeCache.Refresh (151ms)
				TypeCache.ScanAssembly (142ms)
			ScanForSourceGeneratedMonoScriptInfo (6ms)
			ResolveRequiredComponents (4ms)
	FinalizeReload (369ms)
		ReleaseScriptCaches (0ms)
		RebuildScriptCaches (0ms)
		SetupLoadedEditorAssemblies (218ms)
			LogAssemblyErrors (0ms)
			InitializePlatformSupportModulesInManaged (16ms)
			SetLoadedEditorAssemblies (2ms)
			BeforeProcessingInitializeOnLoad (36ms)
			ProcessInitializeOnLoadAttributes (146ms)
			ProcessInitializeOnLoadMethodAttributes (16ms)
			AfterProcessingInitializeOnLoad (3ms)
			EditorAssembliesLoaded (0ms)
		ExecutionOrderSort2 (0ms)
		AwakeInstancesAfterBackupRestoration (5ms)
Launched and connected shader compiler UnityShaderCompiler.exe after 0.01 seconds
Refreshing native plugins compatible for Editor in 1.53 ms, found 3 plugins.
Preloading 0 native plugins for Editor in 0.00 ms.
Unloading 2002 Unused Serialized files (Serialized files now loaded: 0)
Unloading 46 unused Assets / (1.0 MB). Loaded Objects now: 2533.
Memory consumption went from 118.7 MB to 117.7 MB.
Total: 3.058300 ms (FindLiveObjects: 0.106500 ms CreateObjectMapping: 0.041100 ms MarkObjects: 2.705500 ms  DeleteObjects: 0.204600 ms)

AssetImportParameters requested are different than current active one (requested -> active):
  custom:container-demuxer-ogg: 62fdf1f143b41e24485cea50d1cbac27 -> 
  custom:framework-win-MediaFoundation: 216162199b28c13a410421893ffa2e32 -> 
  custom:video-decoder-webm-vp8: 9c59270c3fd7afecdb556c50c9e8de78 -> 
  custom:audio-encoder-webm-vorbis: bf7c407c2cedff20999df2af8eb42d56 -> 
  custom:video-decoder-ogg-theora: a1e56fd34408186e4bbccfd4996cb3dc -> 
  custom:container-muxer-webm: aa71ff27fc2769a1b78a27578f13a17b -> 
  custom:AudioImporter_EditorPlatform: d09bf68614088b80899f8185d706f6e7 -> 
  custom:audio-decoder-ogg-vorbis: bf7c407c2cedff20999df2af8eb42d56 -> 
  custom:video-codec-MediaFoundation-h265: 746d11721c4dcdbdad8f713fa42b33f4 -> 
  custom:CustomObjectIndexerAttribute: 756ad292c208cfabdd7b50bc23989ffe -> 
  custom:container-demuxer-webm: 4f35f7cbe854078d1ac9338744f61a02 -> 
  custom:video-encoder-webm-vp8: eb34c28f22e8b96e1ab97ce403110664 -> 
========================================================================
Received Prepare
Begin MonoManager ReloadAssembly
C:\build\output\Unity-Technologies\mono\mono\metadata\icall.c:1842:
C:\build\output\Unity-Technologies\mono\mono\metadata\icall.c:1842:
C:\build\output\Unity-Technologies\mono\mono\metadata\icall.c:1842:
C:\build\output\Unity-Technologies\mono\mono\metadata\icall.c:1842:
C:\build\output\Unity-Technologies\mono\mono\metadata\icall.c:1842:
C:\build\output\Unity-Technologies\mono\mono\metadata\icall.c:1842:
C:\build\output\Unity-Technologies\mono\mono\metadata\icall.c:1842:
C:\build\output\Unity-Technologies\mono\mono\metadata\icall.c:1842:
C:\build\output\Unity-Technologies\mono\mono\metadata\icall.c:1842:
C:\build\output\Unity-Technologies\mono\mono\metadata\icall.c:1842:
C:\build\output\Unity-Technologies\mono\mono\metadata\icall.c:1842:
C:\build\output\Unity-Technologies\mono\mono\metadata\icall.c:1842:
- Loaded All Assemblies, in  0.434 seconds
Refreshing native plugins compatible for Editor in 1.50 ms, found 3 plugins.
Native extension for Android target not found
Native extension for UWP target not found
Native extension for WindowsStandalone target not found
Native extension for WebGL target not found
Mono: successfully reloaded assembly
- Finished resetting the current domain, in  0.432 seconds
Domain Reload Profiling: 864ms
	BeginReloadAssembly (133ms)
		ExecutionOrderSort (0ms)
		DisableScriptedObjects (4ms)
		BackupInstance (0ms)
		ReleaseScriptingObjects (0ms)
		CreateAndSetChildDomain (32ms)
	RebuildCommonClasses (22ms)
	RebuildNativeTypeToScriptingClass (11ms)
	initialDomainReloadingComplete (18ms)
	LoadAllAssembliesAndSetupDomain (247ms)
		LoadAssemblies (169ms)
		RebuildTransferFunctionScriptingTraits (0ms)
		AnalyzeDomain (142ms)
			TypeCache.Refresh (138ms)
				TypeCache.ScanAssembly (131ms)
			ScanForSourceGeneratedMonoScriptInfo (0ms)
			ResolveRequiredComponents (4ms)
	FinalizeReload (433ms)
		ReleaseScriptCaches (0ms)
		RebuildScriptCaches (0ms)
		SetupLoadedEditorAssemblies (211ms)
			LogAssemblyErrors (0ms)
			InitializePlatformSupportModulesInManaged (19ms)
			SetLoadedEditorAssemblies (2ms)
			BeforeProcessingInitializeOnLoad (39ms)
			ProcessInitializeOnLoadAttributes (137ms)
			ProcessInitializeOnLoadMethodAttributes (13ms)
			AfterProcessingInitializeOnLoad (2ms)
			EditorAssembliesLoaded (0ms)
		ExecutionOrderSort2 (0ms)
		AwakeInstancesAfterBackupRestoration (4ms)
Refreshing native plugins compatible for Editor in 1.93 ms, found 3 plugins.
Preloading 0 native plugins for Editor in 0.00 ms.
Unloading 1947 Unused Serialized files (Serialized files now loaded: 0)
Unloading 40 unused Assets / (1.0 MB). Loaded Objects now: 2534.
Memory consumption went from 105.9 MB to 104.9 MB.
Total: 3.348800 ms (FindLiveObjects: 0.104400 ms CreateObjectMapping: 0.029000 ms MarkObjects: 2.968800 ms  DeleteObjects: 0.245500 ms)

Prepare: number of updated asset objects reloaded= 0
AssetImportParameters requested are different than current active one (requested -> active):
  custom:container-demuxer-ogg: 62fdf1f143b41e24485cea50d1cbac27 -> 
  custom:framework-win-MediaFoundation: 216162199b28c13a410421893ffa2e32 -> 
  custom:video-decoder-webm-vp8: 9c59270c3fd7afecdb556c50c9e8de78 -> 
  custom:audio-encoder-webm-vorbis: bf7c407c2cedff20999df2af8eb42d56 -> 
  custom:video-decoder-ogg-theora: a1e56fd34408186e4bbccfd4996cb3dc -> 
  custom:container-muxer-webm: aa71ff27fc2769a1b78a27578f13a17b -> 
  custom:AudioImporter_EditorPlatform: d09bf68614088b80899f8185d706f6e7 -> 
  custom:audio-decoder-ogg-vorbis: bf7c407c2cedff20999df2af8eb42d56 -> 
  custom:video-codec-MediaFoundation-h265: 746d11721c4dcdbdad8f713fa42b33f4 -> 
  custom:CustomObjectIndexerAttribute: 756ad292c208cfabdd7b50bc23989ffe -> 
  custom:container-demuxer-webm: 4f35f7cbe854078d1ac9338744f61a02 -> 
  custom:video-encoder-webm-vp8: eb34c28f22e8b96e1ab97ce403110664 -> 
========================================================================
Received Import Request.
  Time since last request: 9370.158437 seconds.
  path: Assets/PrefabInstance/DestroyShrine (1).prefab
  artifactKey: Guid(4bed2681315716f42a5db533ea0b4a40) Importer(815301076,1909f56bfc062723c751e8b465ee728b)
Start importing Assets/PrefabInstance/DestroyShrine (1).prefab using Guid(4bed2681315716f42a5db533ea0b4a40) Importer(815301076,1909f56bfc062723c751e8b465ee728b)  -> (artifact id: 'f839f06780ed9583d656725866d8c278') in 0.319809 seconds
Number of updated asset objects reloaded before import = 0
Number of asset objects unloaded after import = 33
========================================================================
Received Import Request.
  Time since last request: 1.396998 seconds.
  path: Assets/Scripts/Assembly-CSharp/DestroyObject.cs
  artifactKey: Guid(01384b743a150e04fb683a7c9f4c9d29) Importer(815301076,1909f56bfc062723c751e8b465ee728b)
Start importing Assets/Scripts/Assembly-CSharp/DestroyObject.cs using Guid(01384b743a150e04fb683a7c9f4c9d29) Importer(815301076,1909f56bfc062723c751e8b465ee728b)  -> (artifact id: '6aab05a03dc9e1a040716891eb5a5a2e') in 0.000574 seconds
Number of updated asset objects reloaded before import = 0
Number of asset objects unloaded after import = 0
========================================================================
Received Import Request.
  Time since last request: 262.371099 seconds.
  path: Assets/Material/Rope.mat
  artifactKey: Guid(f41333554baefd84c8801a032f3b4551) Importer(815301076,1909f56bfc062723c751e8b465ee728b)
Start importing Assets/Material/Rope.mat using Guid(f41333554baefd84c8801a032f3b4551) Importer(815301076,1909f56bfc062723c751e8b465ee728b)  -> (artifact id: 'ced52216f2ff2dc26951b185058f8d83') in 0.124697 seconds
Number of updated asset objects reloaded before import = 0
Number of asset objects unloaded after import = 4
========================================================================
Received Import Request.
  Time since last request: 0.000029 seconds.
  path: Assets/Material/Sand.mat
  artifactKey: Guid(5b56f59e623626346868c7ba8251a644) Importer(815301076,1909f56bfc062723c751e8b465ee728b)
Start importing Assets/Material/Sand.mat using Guid(5b56f59e623626346868c7ba8251a644) Importer(815301076,1909f56bfc062723c751e8b465ee728b)  -> (artifact id: 'da91a61ff08bb0aaac43f8e2af5803c2') in 0.124510 seconds
Number of updated asset objects reloaded before import = 0
Number of asset objects unloaded after import = 1
========================================================================
Received Import Request.
  Time since last request: 0.000055 seconds.
  path: Assets/Material/Smoke.mat
  artifactKey: Guid(76f20df6a69854b42a44c48990647ab0) Importer(815301076,1909f56bfc062723c751e8b465ee728b)
Start importing Assets/Material/Smoke.mat using Guid(76f20df6a69854b42a44c48990647ab0) Importer(815301076,1909f56bfc062723c751e8b465ee728b)  -> (artifact id: 'a0d89f9cb0ad37281574739714d47d0d') in 0.019900 seconds
Number of updated asset objects reloaded before import = 0
Number of asset objects unloaded after import = 1
========================================================================
Received Import Request.
  Time since last request: 0.000113 seconds.
  path: Assets/Material/Shovel_stone.mat
  artifactKey: Guid(318333247ba25f543b0e6dd2ee8d5581) Importer(815301076,1909f56bfc062723c751e8b465ee728b)
Start importing Assets/Material/Shovel_stone.mat using Guid(318333247ba25f543b0e6dd2ee8d5581) Importer(815301076,1909f56bfc062723c751e8b465ee728b)  -> (artifact id: 'dae052060c8597f4815b1b693ef9dfd6') in 0.038018 seconds
Number of updated asset objects reloaded before import = 0
Number of asset objects unloaded after import = 2
========================================================================
Received Import Request.
  Time since last request: 0.000018 seconds.
  path: Assets/Material/Sword_gold.mat
  artifactKey: Guid(2de94ac979335c240aef42ba758a25da) Importer(815301076,1909f56bfc062723c751e8b465ee728b)
Start importing Assets/Material/Sword_gold.mat using Guid(2de94ac979335c240aef42ba758a25da) Importer(815301076,1909f56bfc062723c751e8b465ee728b)  -> (artifact id: '2aaf19dbbd4f874aa1adec1870aa54d0') in 0.070916 seconds
Number of updated asset objects reloaded before import = 0
Number of asset objects unloaded after import = 3
========================================================================
Received Import Request.
  Time since last request: 0.000015 seconds.
  path: Assets/Material/Scope.mat
  artifactKey: Guid(9683c493d6929ba4983c9a1147cbc338) Importer(815301076,1909f56bfc062723c751e8b465ee728b)
Start importing Assets/Material/Scope.mat using Guid(9683c493d6929ba4983c9a1147cbc338) Importer(815301076,1909f56bfc062723c751e8b465ee728b)  -> (artifact id: 'd12e7706c47ff6ac25e817cd203b6eb9') in 0.036736 seconds
Number of updated asset objects reloaded before import = 0
Number of asset objects unloaded after import = 2
========================================================================
Received Import Request.
  Time since last request: 0.000017 seconds.
  path: Assets/Material/Shoes.mat
  artifactKey: Guid(9645f190576afaa47ab71b1d1240d280) Importer(815301076,1909f56bfc062723c751e8b465ee728b)
Start importing Assets/Material/Shoes.mat using Guid(9645f190576afaa47ab71b1d1240d280) Importer(815301076,1909f56bfc062723c751e8b465ee728b)  -> (artifact id: '1a11f82a5e669f40a232081328ce7d40') in 0.019911 seconds
Number of updated asset objects reloaded before import = 0
Number of asset objects unloaded after import = 1
========================================================================
Received Import Request.
  Time since last request: 0.000014 seconds.
  path: Assets/Material/Screen.mat
  artifactKey: Guid(a23a0e9374075494191bc239bd1bfeaa) Importer(815301076,1909f56bfc062723c751e8b465ee728b)
Start importing Assets/Material/Screen.mat using Guid(a23a0e9374075494191bc239bd1bfeaa) Importer(815301076,1909f56bfc062723c751e8b465ee728b)  -> (artifact id: 'cf565f98376a7d846e0fb64d56edcb3c') in 0.011843 seconds
Number of updated asset objects reloaded before import = 0
Number of asset objects unloaded after import = 1
========================================================================
Received Import Request.
  Time since last request: 0.000041 seconds.
  path: Assets/Material/UiOnTop.mat
  artifactKey: Guid(a9a31145aefcfe945b300540dbced56b) Importer(815301076,1909f56bfc062723c751e8b465ee728b)
Start importing Assets/Material/UiOnTop.mat using Guid(a9a31145aefcfe945b300540dbced56b) Importer(815301076,1909f56bfc062723c751e8b465ee728b)  -> (artifact id: '9ec6f0f9b304336597d3301d79c20eeb') in 0.021836 seconds
Number of updated asset objects reloaded before import = 0
Number of asset objects unloaded after import = 1
========================================================================
Received Import Request.
  Time since last request: 0.000036 seconds.
  path: Assets/Material/WoodHitFx.mat
  artifactKey: Guid(93c4bdf15666e814ca3aebc157afd2b5) Importer(815301076,1909f56bfc062723c751e8b465ee728b)
Start importing Assets/Material/WoodHitFx.mat using Guid(93c4bdf15666e814ca3aebc157afd2b5) Importer(815301076,1909f56bfc062723c751e8b465ee728b)  -> (artifact id: 'b6688a3d145fc9bbba87bf48df03526a') in 0.015420 seconds
Number of updated asset objects reloaded before import = 0
Number of asset objects unloaded after import = 2
========================================================================
Received Import Request.
  Time since last request: 0.000013 seconds.
  path: Assets/Material/Wood.mat
  artifactKey: Guid(e2a99a3839ed08941a38c93b2f8b6851) Importer(815301076,1909f56bfc062723c751e8b465ee728b)
Start importing Assets/Material/Wood.mat using Guid(e2a99a3839ed08941a38c93b2f8b6851) Importer(815301076,1909f56bfc062723c751e8b465ee728b)  -> (artifact id: 'f29d1243436ab29c86667afd463bccc5') in 0.012082 seconds
Number of updated asset objects reloaded before import = 0
Number of asset objects unloaded after import = 1
========================================================================
Received Import Request.
  Time since last request: 0.003948 seconds.
  path: Assets/Material/Sword_Obamium.mat
  artifactKey: Guid(9169d0631e226b744be61672ab251af4) Importer(815301076,1909f56bfc062723c751e8b465ee728b)
Start importing Assets/Material/Sword_Obamium.mat using Guid(9169d0631e226b744be61672ab251af4) Importer(815301076,1909f56bfc062723c751e8b465ee728b)  -> (artifact id: '791e83a6942e786ce5c91adc95c6c9d4') in 0.035703 seconds
Number of updated asset objects reloaded before import = 0
Number of asset objects unloaded after import = 3
========================================================================
Received Import Request.
  Time since last request: 0.000015 seconds.
  path: Assets/Material/Torso.mat
  artifactKey: Guid(3535605093c50b04ba9c1101bfd386a1) Importer(815301076,1909f56bfc062723c751e8b465ee728b)
Start importing Assets/Material/Torso.mat using Guid(3535605093c50b04ba9c1101bfd386a1) Importer(815301076,1909f56bfc062723c751e8b465ee728b)  -> (artifact id: '02fe9c1e6de5272045f34f85be346e2e') in 0.021423 seconds
Number of updated asset objects reloaded before import = 0
Number of asset objects unloaded after import = 1
========================================================================
Received Import Request.
  Time since last request: 0.000040 seconds.
  path: Assets/Material/TextMeshProSprite.mat
  artifactKey: Guid(3776a8070b882e145aa4d65321c9bccc) Importer(815301076,1909f56bfc062723c751e8b465ee728b)
Start importing Assets/Material/TextMeshProSprite.mat using Guid(3776a8070b882e145aa4d65321c9bccc) Importer(815301076,1909f56bfc062723c751e8b465ee728b)  -> (artifact id: '2a6f5cfb8e50f87623e7c509e4266170') in 0.012236 seconds
Number of updated asset objects reloaded before import = 0
Number of asset objects unloaded after import = 2
========================================================================
Received Import Request.
  Time since last request: 0.000013 seconds.
  path: Assets/Material/ShroomOrange.mat
  artifactKey: Guid(3292c6c2778cfbe4c93e0d221a3f2cbb) Importer(815301076,1909f56bfc062723c751e8b465ee728b)
Start importing Assets/Material/ShroomOrange.mat using Guid(3292c6c2778cfbe4c93e0d221a3f2cbb) Importer(815301076,1909f56bfc062723c751e8b465ee728b)  -> (artifact id: '9da6702cc15fa4b85417995f6bd700c0') in 0.030981 seconds
Number of updated asset objects reloaded before import = 0
Number of asset objects unloaded after import = 2
========================================================================
Received Import Request.
  Time since last request: 0.000075 seconds.
  path: Assets/Material/SWordGoblin.mat
  artifactKey: Guid(b3112b57778e8be45aa06cbf174da393) Importer(815301076,1909f56bfc062723c751e8b465ee728b)
Start importing Assets/Material/SWordGoblin.mat using Guid(b3112b57778e8be45aa06cbf174da393) Importer(815301076,1909f56bfc062723c751e8b465ee728b)  -> (artifact id: 'fc0ee32798bc8f62c2d9735ae1c215c5') in 0.036465 seconds
Number of updated asset objects reloaded before import = 0
Number of asset objects unloaded after import = 3
========================================================================
Received Import Request.
  Time since last request: 0.000013 seconds.
  path: Assets/Material/Stairs.mat
  artifactKey: Guid(e0115548e0cd4ab409f9afaf97ffb1aa) Importer(815301076,1909f56bfc062723c751e8b465ee728b)
Start importing Assets/Material/Stairs.mat using Guid(e0115548e0cd4ab409f9afaf97ffb1aa) Importer(815301076,1909f56bfc062723c751e8b465ee728b)  -> (artifact id: '53269a22d559108fddef266e1b942248') in 0.047052 seconds
Number of updated asset objects reloaded before import = 0
Number of asset objects unloaded after import = 2
========================================================================
Received Import Request.
  Time since last request: 0.000015 seconds.
  path: Assets/Material/Sword_steel.mat
  artifactKey: Guid(c59ab1775fcf7f046ac462acd979ff73) Importer(815301076,1909f56bfc062723c751e8b465ee728b)
Start importing Assets/Material/Sword_steel.mat using Guid(c59ab1775fcf7f046ac462acd979ff73) Importer(815301076,1909f56bfc062723c751e8b465ee728b)  -> (artifact id: '83e10dc4eeed7c2603a8d7765679bfdb') in 0.033967 seconds
Number of updated asset objects reloaded before import = 0
Number of asset objects unloaded after import = 3
========================================================================
Received Import Request.
  Time since last request: 0.000019 seconds.
  path: Assets/Material/Wings.mat
  artifactKey: Guid(c7fce250fee81224788069ff61c07226) Importer(815301076,1909f56bfc062723c751e8b465ee728b)
Start importing Assets/Material/Wings.mat using Guid(c7fce250fee81224788069ff61c07226) Importer(815301076,1909f56bfc062723c751e8b465ee728b)  -> (artifact id: '53f39754e0a235a0ba5facfb67367214') in 0.018336 seconds
Number of updated asset objects reloaded before import = 0
Number of asset objects unloaded after import = 1
========================================================================
Received Import Request.
  Time since last request: 0.000049 seconds.
  path: Assets/Material/Stew.mat
  artifactKey: Guid(e7c8923b91f60e545a84f142492686cd) Importer(815301076,1909f56bfc062723c751e8b465ee728b)
Start importing Assets/Material/Stew.mat using Guid(e7c8923b91f60e545a84f142492686cd) Importer(815301076,1909f56bfc062723c751e8b465ee728b)  -> (artifact id: '5898297c7708e0bdd218e1454f3e8d7e') in 0.031341 seconds
Number of updated asset objects reloaded before import = 0
Number of asset objects unloaded after import = 2
========================================================================
Received Import Request.
  Time since last request: 0.000015 seconds.
  path: Assets/Material/Wyvern.mat
  artifactKey: Guid(97c14c522ee2c7343a807734cce7973f) Importer(815301076,1909f56bfc062723c751e8b465ee728b)
Start importing Assets/Material/Wyvern.mat using Guid(97c14c522ee2c7343a807734cce7973f) Importer(815301076,1909f56bfc062723c751e8b465ee728b)  -> (artifact id: '31368bacbde605c23d0aa0bdb6cdd7d3') in 0.052485 seconds
Number of updated asset objects reloaded before import = 0
Number of asset objects unloaded after import = 4
========================================================================
Received Import Request.
  Time since last request: 0.000018 seconds.
  path: Assets/Material/ShroomSus.mat
  artifactKey: Guid(64e5cd7cc4b8dc5479e4f6f5abbaead0) Importer(815301076,1909f56bfc062723c751e8b465ee728b)
Start importing Assets/Material/ShroomSus.mat using Guid(64e5cd7cc4b8dc5479e4f6f5abbaead0) Importer(815301076,1909f56bfc062723c751e8b465ee728b)  -> (artifact id: 'e4c4d5c6512ec5145b93af80024358ff') in 0.032083 seconds
Number of updated asset objects reloaded before import = 0
Number of asset objects unloaded after import = 2
========================================================================
Received Import Request.
  Time since last request: 0.000013 seconds.
  path: Assets/Material/Sun.mat
  artifactKey: Guid(29f8063090400ec4faf3c16c73ba3aea) Importer(815301076,1909f56bfc062723c751e8b465ee728b)
Start importing Assets/Material/Sun.mat using Guid(29f8063090400ec4faf3c16c73ba3aea) Importer(815301076,1909f56bfc062723c751e8b465ee728b)  -> (artifact id: '8de7644dd4934c450ee687d3f148c264') in 0.023378 seconds
Number of updated asset objects reloaded before import = 0
Number of asset objects unloaded after import = 2
========================================================================
Received Import Request.
  Time since last request: 0.000011 seconds.
  path: Assets/Material/Tree_0.mat
  artifactKey: Guid(3830b7a79b36dc14c97d6b13e54dc149) Importer(815301076,1909f56bfc062723c751e8b465ee728b)
Start importing Assets/Material/Tree_0.mat using Guid(3830b7a79b36dc14c97d6b13e54dc149) Importer(815301076,1909f56bfc062723c751e8b465ee728b)  -> (artifact id: 'b65a54b06f642aaee4a3decf6bac8d44') in 0.164843 seconds
Number of updated asset objects reloaded before import = 0
Number of asset objects unloaded after import = 2
========================================================================
Received Import Request.
  Time since last request: 0.000022 seconds.
  path: Assets/Material/Torch.mat
  artifactKey: Guid(71ac2156237eb4c44bc27d6fa60d51f6) Importer(815301076,1909f56bfc062723c751e8b465ee728b)
Start importing Assets/Material/Torch.mat using Guid(71ac2156237eb4c44bc27d6fa60d51f6) Importer(815301076,1909f56bfc062723c751e8b465ee728b)  -> (artifact id: '1de024789843475a2eaef80d6b2c18dc') in 0.037776 seconds
Number of updated asset objects reloaded before import = 0
Number of asset objects unloaded after import = 2
========================================================================
Received Import Request.
  Time since last request: 0.000024 seconds.
  path: Assets/Material/sprite_0045.mat
  artifactKey: Guid(1b40c38d396dfb64b8ab3a7f5d1e01c3) Importer(815301076,1909f56bfc062723c751e8b465ee728b)
Start importing Assets/Material/sprite_0045.mat using Guid(1b40c38d396dfb64b8ab3a7f5d1e01c3) Importer(815301076,1909f56bfc062723c751e8b465ee728b)  -> (artifact id: 'b85237677bc84acbd821b081a28b85dd') in 0.013402 seconds
Number of updated asset objects reloaded before import = 0
Number of asset objects unloaded after import = 1
========================================================================
Received Import Request.
  Time since last request: 0.000110 seconds.
  path: Assets/Material/WyvernDagger.mat
  artifactKey: Guid(3599afe1e9618304a9bf9bf316698c20) Importer(815301076,1909f56bfc062723c751e8b465ee728b)
Start importing Assets/Material/WyvernDagger.mat using Guid(3599afe1e9618304a9bf9bf316698c20) Importer(815301076,1909f56bfc062723c751e8b465ee728b)  -> (artifact id: 'ec6f9acb2bf6a39111e9132361cab810') in 0.036623 seconds
Number of updated asset objects reloaded before import = 0
Number of asset objects unloaded after import = 2
========================================================================
Received Import Request.
  Time since last request: 0.000029 seconds.
  path: Assets/Material/Wind.mat
  artifactKey: Guid(c626e743bd8c60a4e81fb38d84277a9c) Importer(815301076,1909f56bfc062723c751e8b465ee728b)
Start importing Assets/Material/Wind.mat using Guid(c626e743bd8c60a4e81fb38d84277a9c) Importer(815301076,1909f56bfc062723c751e8b465ee728b)  -> (artifact id: '7e9c7e0f0f092b378f5c3046a22ca978') in 0.013646 seconds
Number of updated asset objects reloaded before import = 0
Number of asset objects unloaded after import = 1
========================================================================
Received Import Request.
  Time since last request: 0.000058 seconds.
  path: Assets/Material/Shoes_0.mat
  artifactKey: Guid(2b399cf53b989f4438feda1838882929) Importer(815301076,1909f56bfc062723c751e8b465ee728b)
Start importing Assets/Material/Shoes_0.mat using Guid(2b399cf53b989f4438feda1838882929) Importer(815301076,1909f56bfc062723c751e8b465ee728b)  -> (artifact id: 'de1aca1e8ff5528f1f16844f19b95970') in 0.013869 seconds
Number of updated asset objects reloaded before import = 0
Number of asset objects unloaded after import = 1
========================================================================
Received Import Request.
  Time since last request: 0.000077 seconds.
  path: Assets/Material/ShroomPink.mat
  artifactKey: Guid(95e8853b3924ce443953330031e27495) Importer(815301076,1909f56bfc062723c751e8b465ee728b)
Start importing Assets/Material/ShroomPink.mat using Guid(95e8853b3924ce443953330031e27495) Importer(815301076,1909f56bfc062723c751e8b465ee728b)  -> (artifact id: '76f7f016da1dc059a80326dae0bf4b70') in 0.035191 seconds
Number of updated asset objects reloaded before import = 0
Number of asset objects unloaded after import = 2
========================================================================
Received Import Request.
  Time since last request: 7.819834 seconds.
  path: Assets/Material/Pick_Mithril.mat
  artifactKey: Guid(14e8706bd8831bb4285953203f909e18) Importer(815301076,1909f56bfc062723c751e8b465ee728b)
Start importing Assets/Material/Pick_Mithril.mat using Guid(14e8706bd8831bb4285953203f909e18) Importer(815301076,1909f56bfc062723c751e8b465ee728b)  -> (artifact id: '8baad2661d07ef096439fe2b6161d113') in 0.044044 seconds
Number of updated asset objects reloaded before import = 0
Number of asset objects unloaded after import = 2
========================================================================
Received Import Request.
  Time since last request: 0.000018 seconds.
  path: Assets/Material/RockParticle.mat
  artifactKey: Guid(f4a07ad228015e04fb40c9a29fa54f70) Importer(815301076,1909f56bfc062723c751e8b465ee728b)
Start importing Assets/Material/RockParticle.mat using Guid(f4a07ad228015e04fb40c9a29fa54f70) Importer(815301076,1909f56bfc062723c751e8b465ee728b)  -> (artifact id: '982c31229dbf2a9bd4912d17e5575d95') in 0.012884 seconds
Number of updated asset objects reloaded before import = 0
Number of asset objects unloaded after import = 1
========================================================================
Received Import Request.
  Time since last request: 0.000063 seconds.
  path: Assets/Material/PillRed.mat
  artifactKey: Guid(41539422d60535545b846187595ad106) Importer(815301076,1909f56bfc062723c751e8b465ee728b)
Start importing Assets/Material/PillRed.mat using Guid(41539422d60535545b846187595ad106) Importer(815301076,1909f56bfc062723c751e8b465ee728b)  -> (artifact id: '36173d7de31319f116d55a0491146634') in 0.042789 seconds
Number of updated asset objects reloaded before import = 0
Number of asset objects unloaded after import = 2
========================================================================
Received Import Request.
  Time since last request: 0.000038 seconds.
  path: Assets/Material/OutlineRepair.mat
  artifactKey: Guid(0ecfa6663ac4de34ba173afb31da1a36) Importer(815301076,1909f56bfc062723c751e8b465ee728b)
Start importing Assets/Material/OutlineRepair.mat using Guid(0ecfa6663ac4de34ba173afb31da1a36) Importer(815301076,1909f56bfc062723c751e8b465ee728b)  -> (artifact id: 'c9595ae74ccb9ed1369b53268de3d63a') in 0.110250 seconds
Number of updated asset objects reloaded before import = 0
Number of asset objects unloaded after import = 2
========================================================================
Received Import Request.
  Time since last request: 0.000015 seconds.
  path: Assets/Material/Ore_Obamium_0.mat
  artifactKey: Guid(917e67d940c2ec143af9117695cbe570) Importer(815301076,1909f56bfc062723c751e8b465ee728b)
Start importing Assets/Material/Ore_Obamium_0.mat using Guid(917e67d940c2ec143af9117695cbe570) Importer(815301076,1909f56bfc062723c751e8b465ee728b)  -> (artifact id: '89b6ee7d9269bf2e6576347592dc63ad') in 0.135722 seconds
Number of updated asset objects reloaded before import = 0
Number of asset objects unloaded after import = 3
========================================================================
Received Import Request.
  Time since last request: 0.000016 seconds.
  path: Assets/Material/Material.002_0.mat
  artifactKey: Guid(5d5fb1db106056042beb6c56f123ec84) Importer(815301076,1909f56bfc062723c751e8b465ee728b)
Start importing Assets/Material/Material.002_0.mat using Guid(5d5fb1db106056042beb6c56f123ec84) Importer(815301076,1909f56bfc062723c751e8b465ee728b)  -> (artifact id: 'bc6f66a743f329ac46675ed4f456898f') in 0.013995 seconds
Number of updated asset objects reloaded before import = 0
Number of asset objects unloaded after import = 1
========================================================================
Received Import Request.
  Time since last request: 0.000077 seconds.
  path: Assets/Material/Material.003.mat
  artifactKey: Guid(b9f45384ea8a24843a5109b9f6348069) Importer(815301076,1909f56bfc062723c751e8b465ee728b)
Start importing Assets/Material/Material.003.mat using Guid(b9f45384ea8a24843a5109b9f6348069) Importer(815301076,1909f56bfc062723c751e8b465ee728b)  -> (artifact id: '68768231c9004ed026d97a02dc072dfb') in 0.011596 seconds
Number of updated asset objects reloaded before import = 0
Number of asset objects unloaded after import = 1
========================================================================
Received Import Request.
  Time since last request: 0.000094 seconds.
  path: Assets/Material/Ore_Obamium.mat
  artifactKey: Guid(80feeb86450f11242acca33cabb667e5) Importer(815301076,1909f56bfc062723c751e8b465ee728b)
Start importing Assets/Material/Ore_Obamium.mat using Guid(80feeb86450f11242acca33cabb667e5) Importer(815301076,1909f56bfc062723c751e8b465ee728b)  -> (artifact id: 'b5563ea746ed2d3a44bf1c8be1580ca4') in 0.055903 seconds
Number of updated asset objects reloaded before import = 0
Number of asset objects unloaded after import = 5
========================================================================
Received Import Request.
  Time since last request: 0.000015 seconds.
  path: Assets/Material/ProjectedCircle.mat
  artifactKey: Guid(9277a2ba2c7c10f4b907cc1335e844ac) Importer(815301076,1909f56bfc062723c751e8b465ee728b)
Start importing Assets/Material/ProjectedCircle.mat using Guid(9277a2ba2c7c10f4b907cc1335e844ac) Importer(815301076,1909f56bfc062723c751e8b465ee728b)  -> (artifact id: '45087e1c44c4c6c6a3b76b8b7191f8e7') in 0.014616 seconds
Number of updated asset objects reloaded before import = 0
Number of asset objects unloaded after import = 3
========================================================================
Received Import Request.
  Time since last request: 0.000013 seconds.
  path: Assets/Material/No Name_0.mat
  artifactKey: Guid(305f77f022b3e514c9fca7876f76d296) Importer(815301076,1909f56bfc062723c751e8b465ee728b)
Start importing Assets/Material/No Name_0.mat using Guid(305f77f022b3e514c9fca7876f76d296) Importer(815301076,1909f56bfc062723c751e8b465ee728b)  -> (artifact id: '2f54a1cb4900a0963b320f5b71e995b1') in 0.012235 seconds
Number of updated asset objects reloaded before import = 0
Number of asset objects unloaded after import = 1
========================================================================
Received Import Request.
  Time since last request: 0.000041 seconds.
  path: Assets/Material/Pick_wood.mat
  artifactKey: Guid(6671317a10b0dcc45bd4f64ac4b3193b) Importer(815301076,1909f56bfc062723c751e8b465ee728b)
Start importing Assets/Material/Pick_wood.mat using Guid(6671317a10b0dcc45bd4f64ac4b3193b) Importer(815301076,1909f56bfc062723c751e8b465ee728b)  -> (artifact id: 'd3a0016e833d8de762ff47ade20e4edd') in 0.035660 seconds
Number of updated asset objects reloaded before import = 0
Number of asset objects unloaded after import = 2
========================================================================
Received Import Request.
  Time since last request: 0.000018 seconds.
  path: Assets/Material/MeshMat.mat
  artifactKey: Guid(090cc1f0a93b02244b17c16afe71c9cd) Importer(815301076,1909f56bfc062723c751e8b465ee728b)
Start importing Assets/Material/MeshMat.mat using Guid(090cc1f0a93b02244b17c16afe71c9cd) Importer(815301076,1909f56bfc062723c751e8b465ee728b)  -> (artifact id: '9d82fe0be7911fb8d17c632094e3bf52') in 0.023353 seconds
Number of updated asset objects reloaded before import = 0
Number of asset objects unloaded after import = 1
========================================================================
Received Import Request.
  Time since last request: 0.000076 seconds.
  path: Assets/Material/Ore_Mithril.mat
  artifactKey: Guid(543d384361c477042ab8f897047f4571) Importer(815301076,1909f56bfc062723c751e8b465ee728b)
Start importing Assets/Material/Ore_Mithril.mat using Guid(543d384361c477042ab8f897047f4571) Importer(815301076,1909f56bfc062723c751e8b465ee728b)  -> (artifact id: '983456bf89d4e6730d3bc9ad407d8756') in 0.037442 seconds
Number of updated asset objects reloaded before import = 0
Number of asset objects unloaded after import = 5
========================================================================
Received Import Request.
  Time since last request: 0.000013 seconds.
  path: Assets/Material/Pick_Adamantite.mat
  artifactKey: Guid(b4c1060193dcd01418e202997efa2479) Importer(815301076,1909f56bfc062723c751e8b465ee728b)
Start importing Assets/Material/Pick_Adamantite.mat using Guid(b4c1060193dcd01418e202997efa2479) Importer(815301076,1909f56bfc062723c751e8b465ee728b)  -> (artifact id: '54a190f1124dcb044b70ce2b224ace8c') in 0.026365 seconds
Number of updated asset objects reloaded before import = 0
Number of asset objects unloaded after import = 2
========================================================================
Received Import Request.
  Time since last request: 0.000014 seconds.
  path: Assets/Material/Pants_1.mat
  artifactKey: Guid(13b2e5b1a4438e94c9dd323b31f63be0) Importer(815301076,1909f56bfc062723c751e8b465ee728b)
Start importing Assets/Material/Pants_1.mat using Guid(13b2e5b1a4438e94c9dd323b31f63be0) Importer(815301076,1909f56bfc062723c751e8b465ee728b)  -> (artifact id: '340c68dc6f5f799b64cb7257f89ab8c2') in 0.011217 seconds
Number of updated asset objects reloaded before import = 0
Number of asset objects unloaded after import = 1
========================================================================
Received Import Request.
  Time since last request: 0.000020 seconds.
  path: Assets/Material/Outline.mat
  artifactKey: Guid(877fc961db644f94da0b6540a654879f) Importer(815301076,1909f56bfc062723c751e8b465ee728b)
Start importing Assets/Material/Outline.mat using Guid(877fc961db644f94da0b6540a654879f) Importer(815301076,1909f56bfc062723c751e8b465ee728b)  -> (artifact id: '450937584e6f9f8558ff5bfb49ea3c8f') in 0.022559 seconds
Number of updated asset objects reloaded before import = 0
Number of asset objects unloaded after import = 2
========================================================================
Received Import Request.
  Time since last request: 0.000017 seconds.
  path: Assets/Material/Pants.mat
  artifactKey: Guid(34f2232c7c365d24089b243f0a49aebe) Importer(815301076,1909f56bfc062723c751e8b465ee728b)
Start importing Assets/Material/Pants.mat using Guid(34f2232c7c365d24089b243f0a49aebe) Importer(815301076,1909f56bfc062723c751e8b465ee728b)  -> (artifact id: '50e45b6409872174190c606ec9315e01') in 0.018468 seconds
Number of updated asset objects reloaded before import = 0
Number of asset objects unloaded after import = 1
========================================================================
Received Import Request.
  Time since last request: 0.000058 seconds.
  path: Assets/Material/pie.mat
  artifactKey: Guid(4db4bfde3b485ed43a8504c2e5e0c4ba) Importer(815301076,1909f56bfc062723c751e8b465ee728b)
Start importing Assets/Material/pie.mat using Guid(4db4bfde3b485ed43a8504c2e5e0c4ba) Importer(815301076,1909f56bfc062723c751e8b465ee728b)  -> (artifact id: '70645c8c1994ac397b0a5781066f851c') in 0.030414 seconds
Number of updated asset objects reloaded before import = 0
Number of asset objects unloaded after import = 2
========================================================================
Received Import Request.
  Time since last request: 0.000024 seconds.
  path: Assets/Material/Piggybank.mat
  artifactKey: Guid(5fa8dfb410c115c4f926865620dd35a7) Importer(815301076,1909f56bfc062723c751e8b465ee728b)
Start importing Assets/Material/Piggybank.mat using Guid(5fa8dfb410c115c4f926865620dd35a7) Importer(815301076,1909f56bfc062723c751e8b465ee728b)  -> (artifact id: '0f6b7760f4014b6edb4f9448e434a4b1') in 0.020421 seconds
Number of updated asset objects reloaded before import = 0
Number of asset objects unloaded after import = 1
========================================================================
Received Import Request.
  Time since last request: 0.000035 seconds.
  path: Assets/Material/No Name.mat
  artifactKey: Guid(fda1702d02cbcd0479f7d0fbe47d3601) Importer(815301076,1909f56bfc062723c751e8b465ee728b)
Start importing Assets/Material/No Name.mat using Guid(fda1702d02cbcd0479f7d0fbe47d3601) Importer(815301076,1909f56bfc062723c751e8b465ee728b)  -> (artifact id: '5185a4c62b678c9d431ccac8ab4c09a9') in 0.012060 seconds
Number of updated asset objects reloaded before import = 0
Number of asset objects unloaded after import = 1
========================================================================
Received Import Request.
  Time since last request: 0.000103 seconds.
  path: Assets/Material/Ore_Gold.mat
  artifactKey: Guid(0b59983db62a8c44c871352735a38248) Importer(815301076,1909f56bfc062723c751e8b465ee728b)
Start importing Assets/Material/Ore_Gold.mat using Guid(0b59983db62a8c44c871352735a38248) Importer(815301076,1909f56bfc062723c751e8b465ee728b)  -> (artifact id: 'c0f7c161e3c4bdbafcd1e6cc945895d9') in 0.039230 seconds
Number of updated asset objects reloaded before import = 0
Number of asset objects unloaded after import = 5
========================================================================
Received Import Request.
  Time since last request: 0.000015 seconds.
  path: Assets/Material/pEANUTbUTTER.mat
  artifactKey: Guid(fbedfbcca2af9554397745d8b3371050) Importer(815301076,1909f56bfc062723c751e8b465ee728b)
Start importing Assets/Material/pEANUTbUTTER.mat using Guid(fbedfbcca2af9554397745d8b3371050) Importer(815301076,1909f56bfc062723c751e8b465ee728b)  -> (artifact id: '8525f0dbd253edd376eb06e9a45b3f1e') in 0.031692 seconds
Number of updated asset objects reloaded before import = 0
Number of asset objects unloaded after import = 2
========================================================================
Received Import Request.
  Time since last request: 0.000017 seconds.
  path: Assets/Material/MeatCooked.mat
  artifactKey: Guid(e35e1a739778db84286b7d4ad02c0299) Importer(815301076,1909f56bfc062723c751e8b465ee728b)
Start importing Assets/Material/MeatCooked.mat using Guid(e35e1a739778db84286b7d4ad02c0299) Importer(815301076,1909f56bfc062723c751e8b465ee728b)  -> (artifact id: '43e9528c50ac071a5759982e6cc75060') in 0.027605 seconds
Number of updated asset objects reloaded before import = 0
Number of asset objects unloaded after import = 2
========================================================================
Received Import Request.
  Time since last request: 10.192785 seconds.
  path: Assets/Material/Hut.mat
  artifactKey: Guid(bd286c5ab80d29640bd467f76f65ee73) Importer(815301076,1909f56bfc062723c751e8b465ee728b)
Start importing Assets/Material/Hut.mat using Guid(bd286c5ab80d29640bd467f76f65ee73) Importer(815301076,1909f56bfc062723c751e8b465ee728b)  -> (artifact id: 'ca7e26e16da6420df024f51c6a31c05d') in 0.043003 seconds
Number of updated asset objects reloaded before import = 0
Number of asset objects unloaded after import = 2
========================================================================
Received Import Request.
  Time since last request: 0.000016 seconds.
  path: Assets/Material/Material.001_0.mat
  artifactKey: Guid(df868b956b7802e4a808c498c519e4db) Importer(815301076,1909f56bfc062723c751e8b465ee728b)
Start importing Assets/Material/Material.001_0.mat using Guid(df868b956b7802e4a808c498c519e4db) Importer(815301076,1909f56bfc062723c751e8b465ee728b)  -> (artifact id: 'dcb33d7be7ff1d8a112b43ffe94b95f2') in 0.012476 seconds
Number of updated asset objects reloaded before import = 0
Number of asset objects unloaded after import = 1
========================================================================
Received Import Request.
  Time since last request: 0.000049 seconds.
  path: Assets/Material/Fire.mat
  artifactKey: Guid(66b56a9833e4399498da9a1d7dbeeee8) Importer(815301076,1909f56bfc062723c751e8b465ee728b)
Start importing Assets/Material/Fire.mat using Guid(66b56a9833e4399498da9a1d7dbeeee8) Importer(815301076,1909f56bfc062723c751e8b465ee728b)  -> (artifact id: '9fb0cf2d5911aca5ddf068d31ceeab4f') in 0.020713 seconds
Number of updated asset objects reloaded before import = 0
Number of asset objects unloaded after import = 1
========================================================================
Received Import Request.
  Time since last request: 0.000035 seconds.
  path: Assets/Material/Gold.mat
  artifactKey: Guid(e7fd9f81dd83b7245b1c6d2ecc0d62ba) Importer(815301076,1909f56bfc062723c751e8b465ee728b)
Start importing Assets/Material/Gold.mat using Guid(e7fd9f81dd83b7245b1c6d2ecc0d62ba) Importer(815301076,1909f56bfc062723c751e8b465ee728b)  -> (artifact id: 'ddcda4d2aa336fbae9812aea58d2a0c7') in 0.020092 seconds
Number of updated asset objects reloaded before import = 0
Number of asset objects unloaded after import = 1
========================================================================
Received Import Request.
  Time since last request: 0.000069 seconds.
  path: Assets/Material/grassAtmosphere.mat
  artifactKey: Guid(69fd20a4c110a9b419950a2380a891e6) Importer(815301076,1909f56bfc062723c751e8b465ee728b)
Start importing Assets/Material/grassAtmosphere.mat using Guid(69fd20a4c110a9b419950a2380a891e6) Importer(815301076,1909f56bfc062723c751e8b465ee728b)  -> (artifact id: 'ce23a02b70b0fdec5ac7300592b8da13') in 0.113681 seconds
Number of updated asset objects reloaded before import = 0
Number of asset objects unloaded after import = 1
========================================================================
Received Import Request.
  Time since last request: 0.000072 seconds.
  path: Assets/Material/Fletching.mat
  artifactKey: Guid(359b1159c9903ff4c965a4439c4ea50f) Importer(815301076,1909f56bfc062723c751e8b465ee728b)
Start importing Assets/Material/Fletching.mat using Guid(359b1159c9903ff4c965a4439c4ea50f) Importer(815301076,1909f56bfc062723c751e8b465ee728b)  -> (artifact id: '2bacb822c89be4f44f9b70637c47daec') in 0.039537 seconds
Number of updated asset objects reloaded before import = 0
Number of asset objects unloaded after import = 2
========================================================================
Received Import Request.
  Time since last request: 0.000029 seconds.
  path: Assets/Material/Material.001.mat
  artifactKey: Guid(c959cef9c565e8c46b17a06ca7919445) Importer(815301076,1909f56bfc062723c751e8b465ee728b)
Start importing Assets/Material/Material.001.mat using Guid(c959cef9c565e8c46b17a06ca7919445) Importer(815301076,1909f56bfc062723c751e8b465ee728b)  -> (artifact id: '3cf4e9930dc4035782cc109f24020e7f') in 0.020190 seconds
Number of updated asset objects reloaded before import = 0
Number of asset objects unloaded after import = 1
========================================================================
Received Import Request.
  Time since last request: 0.000058 seconds.
  path: Assets/Material/GoldBar.mat
  artifactKey: Guid(31ea27c6e2ee1014ca7dbe7823cb3979) Importer(815301076,1909f56bfc062723c751e8b465ee728b)
Start importing Assets/Material/GoldBar.mat using Guid(31ea27c6e2ee1014ca7dbe7823cb3979) Importer(815301076,1909f56bfc062723c751e8b465ee728b)  -> (artifact id: '05eb29bb02c0a980a7828459d4c5d13e') in 0.048098 seconds
Number of updated asset objects reloaded before import = 0
Number of asset objects unloaded after import = 4
========================================================================
Received Import Request.
  Time since last request: 0.000018 seconds.
  path: Assets/Material/Guardian 1.mat
  artifactKey: Guid(8b9a4cdd6d6966741b7f282cdad3894f) Importer(815301076,1909f56bfc062723c751e8b465ee728b)
Start importing Assets/Material/Guardian 1.mat using Guid(8b9a4cdd6d6966741b7f282cdad3894f) Importer(815301076,1909f56bfc062723c751e8b465ee728b)  -> (artifact id: '6687a91bf60a39eb216280b01d325328') in 0.015771 seconds
Number of updated asset objects reloaded before import = 0
Number of asset objects unloaded after import = 1
========================================================================
Received Import Request.
  Time since last request: 0.000093 seconds.
  path: Assets/Material/HitParticle.mat
  artifactKey: Guid(3e0004aaba01cc949b0934b90d5cbae1) Importer(815301076,1909f56bfc062723c751e8b465ee728b)
Start importing Assets/Material/HitParticle.mat using Guid(3e0004aaba01cc949b0934b90d5cbae1) Importer(815301076,1909f56bfc062723c751e8b465ee728b)  -> (artifact id: '36aca1085151bbfc577987cf7677f85c') in 0.013540 seconds
Number of updated asset objects reloaded before import = 0
Number of asset objects unloaded after import = 2
========================================================================
Received Import Request.
  Time since last request: 0.000014 seconds.
  path: Assets/Material/Material.mat
  artifactKey: Guid(b41e802e26083074398554296f1687f3) Importer(815301076,1909f56bfc062723c751e8b465ee728b)
Start importing Assets/Material/Material.mat using Guid(b41e802e26083074398554296f1687f3) Importer(815301076,1909f56bfc062723c751e8b465ee728b)  -> (artifact id: 'c23d1186a5381b70e1d83a7fe4d716c0') in 0.025008 seconds
Number of updated asset objects reloaded before import = 0
Number of asset objects unloaded after import = 1
========================================================================
Received Import Request.
  Time since last request: 0.000066 seconds.
  path: Assets/Material/Guardian_Yellow 1.mat
  artifactKey: Guid(78a793e3e7c5d9445983806f10e476bc) Importer(815301076,1909f56bfc062723c751e8b465ee728b)
Start importing Assets/Material/Guardian_Yellow 1.mat using Guid(78a793e3e7c5d9445983806f10e476bc) Importer(815301076,1909f56bfc062723c751e8b465ee728b)  -> (artifact id: 'd7400c14974852db11349eda41fb2696') in 0.017597 seconds
Number of updated asset objects reloaded before import = 0
Number of asset objects unloaded after import = 1
========================================================================
Received Import Request.
  Time since last request: 0.000070 seconds.
  path: Assets/Material/Material.001_1.mat
  artifactKey: Guid(1d3ced5b7a222d04f9f77254cc6a9a91) Importer(815301076,1909f56bfc062723c751e8b465ee728b)
Start importing Assets/Material/Material.001_1.mat using Guid(1d3ced5b7a222d04f9f77254cc6a9a91) Importer(815301076,1909f56bfc062723c751e8b465ee728b)  -> (artifact id: 'ab756b0ccb1a0ea480d5ac3bb1abdc5b') in 0.012826 seconds
Number of updated asset objects reloaded before import = 0
Number of asset objects unloaded after import = 1
========================================================================
Received Import Request.
  Time since last request: 0.000092 seconds.
  path: Assets/Material/Guardian_Blue 1.mat
  artifactKey: Guid(94ed5dbf0e2ca9a40b84881480d23e23) Importer(815301076,1909f56bfc062723c751e8b465ee728b)
Start importing Assets/Material/Guardian_Blue 1.mat using Guid(94ed5dbf0e2ca9a40b84881480d23e23) Importer(815301076,1909f56bfc062723c751e8b465ee728b)  -> (artifact id: 'abbefa6e04633275c52454e7e67d668d') in 0.021297 seconds
Number of updated asset objects reloaded before import = 0
Number of asset objects unloaded after import = 1
========================================================================
Received Import Request.
  Time since last request: 0.000076 seconds.
  path: Assets/Material/GhostObject.mat
  artifactKey: Guid(9d5decd3eeceed446853492192c21583) Importer(815301076,1909f56bfc062723c751e8b465ee728b)
Start importing Assets/Material/GhostObject.mat using Guid(9d5decd3eeceed446853492192c21583) Importer(815301076,1909f56bfc062723c751e8b465ee728b)  -> (artifact id: 'a3920914ede99742ccf7297d51a17e90') in 0.033197 seconds
Number of updated asset objects reloaded before import = 0
Number of asset objects unloaded after import = 2
========================================================================
Received Import Request.
  Time since last request: 0.000025 seconds.
  path: Assets/Material/Goblin.mat
  artifactKey: Guid(57d3eac1487beb3419e5d90a52d11978) Importer(815301076,1909f56bfc062723c751e8b465ee728b)
Start importing Assets/Material/Goblin.mat using Guid(57d3eac1487beb3419e5d90a52d11978) Importer(815301076,1909f56bfc062723c751e8b465ee728b)  -> (artifact id: '461ebaf5dea73988f40672368eba9f54') in 0.034183 seconds
Number of updated asset objects reloaded before import = 0
Number of asset objects unloaded after import = 3
========================================================================
Received Import Request.
  Time since last request: 0.000021 seconds.
  path: Assets/Material/GemBlue.mat
  artifactKey: Guid(17b60e4dbd66aed46bedf4e3b0a2cbeb) Importer(815301076,1909f56bfc062723c751e8b465ee728b)
Start importing Assets/Material/GemBlue.mat using Guid(17b60e4dbd66aed46bedf4e3b0a2cbeb) Importer(815301076,1909f56bfc062723c751e8b465ee728b)  -> (artifact id: '0d906d6705180dde23aff8c2e09a95b0') in 0.045498 seconds
Number of updated asset objects reloaded before import = 0
Number of asset objects unloaded after import = 3
========================================================================
Received Import Request.
  Time since last request: 0.000015 seconds.
  path: Assets/Material/Hammer.mat
  artifactKey: Guid(a2cbade0e2546c1479870e0c874f7c5b) Importer(815301076,1909f56bfc062723c751e8b465ee728b)
Start importing Assets/Material/Hammer.mat using Guid(a2cbade0e2546c1479870e0c874f7c5b) Importer(815301076,1909f56bfc062723c751e8b465ee728b)  -> (artifact id: '3467d9f1f95493b9a978594234cb49d6') in 0.026319 seconds
Number of updated asset objects reloaded before import = 0
Number of asset objects unloaded after import = 2
========================================================================
Received Import Request.
  Time since last request: 0.000034 seconds.
  path: Assets/Material/GemRed.mat
  artifactKey: Guid(1f0ce42a607504e43ab63f165867b686) Importer(815301076,1909f56bfc062723c751e8b465ee728b)
Start importing Assets/Material/GemRed.mat using Guid(1f0ce42a607504e43ab63f165867b686) Importer(815301076,1909f56bfc062723c751e8b465ee728b)  -> (artifact id: 'f06940479766607fe338f07f45e60d5f') in 0.030135 seconds
Number of updated asset objects reloaded before import = 0
Number of asset objects unloaded after import = 3
========================================================================
Received Import Request.
  Time since last request: 0.000019 seconds.
  path: Assets/Material/Guardian_Green.mat
  artifactKey: Guid(bfacff87e65f942419266f19ed92cb81) Importer(815301076,1909f56bfc062723c751e8b465ee728b)
Start importing Assets/Material/Guardian_Green.mat using Guid(bfacff87e65f942419266f19ed92cb81) Importer(815301076,1909f56bfc062723c751e8b465ee728b)  -> (artifact id: 'cf7df6603330cc62aba4efcf3c72c91c') in 0.041982 seconds
Number of updated asset objects reloaded before import = 0
Number of asset objects unloaded after import = 3
========================================================================
Received Import Request.
  Time since last request: 2.192111 seconds.
  path: Assets/Texture2D/Rope_displace.png
  artifactKey: Guid(867e8ac8ca5e3834989563df464e2315) Importer(815301076,1909f56bfc062723c751e8b465ee728b)
Start importing Assets/Texture2D/Rope_displace.png using Guid(867e8ac8ca5e3834989563df464e2315) Importer(815301076,1909f56bfc062723c751e8b465ee728b)  -> (artifact id: '868e0e9aab0486a5687c58bd90ed0b1c') in 0.022510 seconds
Number of updated asset objects reloaded before import = 0
Number of asset objects unloaded after import = 2
========================================================================
Received Import Request.
  Time since last request: 181.630922 seconds.
  path: Assets/PrefabInstance/MushroomRed.prefab
  artifactKey: Guid(1d924f5407f513b44831667b094c9c46) Importer(815301076,1909f56bfc062723c751e8b465ee728b)
Start importing Assets/PrefabInstance/MushroomRed.prefab using Guid(1d924f5407f513b44831667b094c9c46) Importer(815301076,1909f56bfc062723c751e8b465ee728b)  -> (artifact id: '49de710c65df4ab1dda9b4a97818f683') in 0.391377 seconds
Number of updated asset objects reloaded before import = 0
Number of asset objects unloaded after import = 188
========================================================================
Received Import Request.
  Time since last request: 0.000018 seconds.
  path: Assets/PrefabInstance/Obamium.prefab
  artifactKey: Guid(5946cc9661f67054d905a1105dfaac5f) Importer(815301076,1909f56bfc062723c751e8b465ee728b)
Start importing Assets/PrefabInstance/Obamium.prefab using Guid(5946cc9661f67054d905a1105dfaac5f) Importer(815301076,1909f56bfc062723c751e8b465ee728b)  -> (artifact id: '2226b6cf3e13cd165c4ee66632b4fd08') in 0.142124 seconds
Number of updated asset objects reloaded before import = 0
Number of asset objects unloaded after import = 191
========================================================================
Received Import Request.
  Time since last request: 0.000033 seconds.
  path: Assets/PrefabInstance/RockPile.prefab
  artifactKey: Guid(29f2311d3e4d68c40b08859ec73f52e2) Importer(815301076,1909f56bfc062723c751e8b465ee728b)
Start importing Assets/PrefabInstance/RockPile.prefab using Guid(29f2311d3e4d68c40b08859ec73f52e2) Importer(815301076,1909f56bfc062723c751e8b465ee728b)  -> (artifact id: '3d1ff014114e14af61126499195dc7b9') in 0.155935 seconds
Number of updated asset objects reloaded before import = 0
Number of asset objects unloaded after import = 207
========================================================================
Received Import Request.
  Time since last request: 0.000020 seconds.
  path: Assets/PrefabInstance/PowerupParticles.prefab
  artifactKey: Guid(bda4dc5d7e283994ca5852a2aa6a0d5c) Importer(815301076,1909f56bfc062723c751e8b465ee728b)
Start importing Assets/PrefabInstance/PowerupParticles.prefab using Guid(bda4dc5d7e283994ca5852a2aa6a0d5c) Importer(815301076,1909f56bfc062723c751e8b465ee728b)  -> (artifact id: '95753ef48018848a682c10f49c41f0f9') in 0.012614 seconds
Number of updated asset objects reloaded before import = 0
Number of asset objects unloaded after import = 9
========================================================================
Received Import Request.
  Time since last request: 0.000023 seconds.
  path: Assets/PrefabInstance/SpikesAttack.prefab
  artifactKey: Guid(56072e0176ab037458c0e3b226130f4d) Importer(815301076,1909f56bfc062723c751e8b465ee728b)
Start importing Assets/PrefabInstance/SpikesAttack.prefab using Guid(56072e0176ab037458c0e3b226130f4d) Importer(815301076,1909f56bfc062723c751e8b465ee728b)  -> (artifact id: '26987e076f986da6db2271691c891930') in 0.022582 seconds
Number of updated asset objects reloaded before import = 0
Number of asset objects unloaded after import = 24
========================================================================
Received Import Request.
  Time since last request: 0.000019 seconds.
  path: Assets/PrefabInstance/Planks_Pole.prefab
  artifactKey: Guid(a5a4c0336066a014188c82d4b0f5d708) Importer(815301076,1909f56bfc062723c751e8b465ee728b)
Start importing Assets/PrefabInstance/Planks_Pole.prefab using Guid(a5a4c0336066a014188c82d4b0f5d708) Importer(815301076,1909f56bfc062723c751e8b465ee728b)  -> (artifact id: 'bd2e7b32a7251649bca06659ad3eecdc') in 0.037919 seconds
Number of updated asset objects reloaded before import = 0
Number of asset objects unloaded after import = 88
========================================================================
Received Import Request.
  Time since last request: 0.000019 seconds.
  path: Assets/PrefabInstance/ShrineCombat.prefab
  artifactKey: Guid(fbd8aa3dfb433634dab60d54d236b0df) Importer(815301076,1909f56bfc062723c751e8b465ee728b)
Start importing Assets/PrefabInstance/ShrineCombat.prefab using Guid(fbd8aa3dfb433634dab60d54d236b0df) Importer(815301076,1909f56bfc062723c751e8b465ee728b)  -> (artifact id: 'a17c5a3c4446fa55180e0b6d2e26b554') in 0.102213 seconds
Number of updated asset objects reloaded before import = 0
Number of asset objects unloaded after import = 62
========================================================================
Received Import Request.
  Time since last request: 0.000024 seconds.
  path: Assets/PrefabInstance/Ruby.prefab
  artifactKey: Guid(344dda3d9fa9e98438aedf0c87e3c57a) Importer(815301076,1909f56bfc062723c751e8b465ee728b)
Start importing Assets/PrefabInstance/Ruby.prefab using Guid(344dda3d9fa9e98438aedf0c87e3c57a) Importer(815301076,1909f56bfc062723c751e8b465ee728b)  -> (artifact id: '8fe0a2e11e8500100ff9b1cbb9bd9e53') in 0.072702 seconds
Number of updated asset objects reloaded before import = 0
Number of asset objects unloaded after import = 82
========================================================================
Received Import Request.
  Time since last request: 0.000014 seconds.
  path: Assets/PrefabInstance/Planks_Stairs.prefab
  artifactKey: Guid(91fa9f58843dbf54e8f0126a7eb4ff0e) Importer(815301076,1909f56bfc062723c751e8b465ee728b)
Start importing Assets/PrefabInstance/Planks_Stairs.prefab using Guid(91fa9f58843dbf54e8f0126a7eb4ff0e) Importer(815301076,1909f56bfc062723c751e8b465ee728b)  -> (artifact id: '6c51f83d8198cda81ccb9f29df0cb7c3') in 0.042246 seconds
Number of updated asset objects reloaded before import = 0
Number of asset objects unloaded after import = 88
========================================================================
Received Import Request.
  Time since last request: 0.000015 seconds.
  path: Assets/PrefabInstance/Planks_Roof.prefab
  artifactKey: Guid(ddfc9afcf85dcd645901beaca10ab3e6) Importer(815301076,1909f56bfc062723c751e8b465ee728b)
Start importing Assets/PrefabInstance/Planks_Roof.prefab using Guid(ddfc9afcf85dcd645901beaca10ab3e6) Importer(815301076,1909f56bfc062723c751e8b465ee728b)  -> (artifact id: '840424d66ec0e0923b2447518eacf76e') in 0.041091 seconds
Number of updated asset objects reloaded before import = 0
Number of asset objects unloaded after import = 88
========================================================================
Received Import Request.
  Time since last request: 0.000014 seconds.
  path: Assets/PrefabInstance/RockHitFx.prefab
  artifactKey: Guid(03a694be100640341a2516bc68e098d5) Importer(815301076,1909f56bfc062723c751e8b465ee728b)
Start importing Assets/PrefabInstance/RockHitFx.prefab using Guid(03a694be100640341a2516bc68e098d5) Importer(815301076,1909f56bfc062723c751e8b465ee728b)  -> (artifact id: '28f57ebe6bdf30145e4051a62535e2cf') in 0.021046 seconds
Number of updated asset objects reloaded before import = 0
Number of asset objects unloaded after import = 43
========================================================================
Received Import Request.
  Time since last request: 0.000016 seconds.
  path: Assets/PrefabInstance/StoneGolem.prefab
  artifactKey: Guid(dab91a1611bf949469ef0a864962c093) Importer(815301076,1909f56bfc062723c751e8b465ee728b)
Start importing Assets/PrefabInstance/StoneGolem.prefab using Guid(dab91a1611bf949469ef0a864962c093) Importer(815301076,1909f56bfc062723c751e8b465ee728b)  -> (artifact id: '8b3b71253dd4c3c889d30d079f2ae847') in 0.378557 seconds
Internal: There are remaining Allocations on the JobTempAlloc. This is a leak, and will impact performance
To Debug, run app with -diag-job-temp-memory-leak-validation cmd line argument. This will output the callstacks of the leaked allocations.
Number of updated asset objects reloaded before import = 0
Number of asset objects unloaded after import = 399
========================================================================
Received Import Request.
  Time since last request: 0.000029 seconds.
  path: Assets/PrefabInstance/ShovelSand.prefab
  artifactKey: Guid(ae75339bb6bce6746ab7d31e8190f5d5) Importer(815301076,1909f56bfc062723c751e8b465ee728b)
Start importing Assets/PrefabInstance/ShovelSand.prefab using Guid(ae75339bb6bce6746ab7d31e8190f5d5) Importer(815301076,1909f56bfc062723c751e8b465ee728b)  -> (artifact id: '2571beb6cf23dbe676dd6c6f38424bc6') in 0.033122 seconds
Internal: There are remaining Allocations on the JobTempAlloc. This is a leak, and will impact performance
To Debug, run app with -diag-job-temp-memory-leak-validation cmd line argument. This will output the callstacks of the leaked allocations.
Number of updated asset objects reloaded before import = 0
Number of asset objects unloaded after import = 48
========================================================================
Received Import Request.
  Time since last request: 0.000028 seconds.
  path: Assets/PrefabInstance/Planks_Pole_half.prefab
  artifactKey: Guid(342bb1eb6efb12e43bf44b4934a1144d) Importer(815301076,1909f56bfc062723c751e8b465ee728b)
Start importing Assets/PrefabInstance/Planks_Pole_half.prefab using Guid(342bb1eb6efb12e43bf44b4934a1144d) Importer(815301076,1909f56bfc062723c751e8b465ee728b)  -> (artifact id: 'a5e66d9f74dae058863441b0144c60b1') in 0.039333 seconds
Internal: There are remaining Allocations on the JobTempAlloc. This is a leak, and will impact performance
To Debug, run app with -diag-job-temp-memory-leak-validation cmd line argument. This will output the callstacks of the leaked allocations.
Number of updated asset objects reloaded before import = 0
Number of asset objects unloaded after import = 88
========================================================================
Received Import Request.
  Time since last request: 0.000014 seconds.
  path: Assets/PrefabInstance/Oak.prefab
  artifactKey: Guid(2ace6fe7012418543b6eb15556e5fe35) Importer(815301076,1909f56bfc062723c751e8b465ee728b)
Start importing Assets/PrefabInstance/Oak.prefab using Guid(2ace6fe7012418543b6eb15556e5fe35) Importer(815301076,1909f56bfc062723c751e8b465ee728b)  -> (artifact id: 'b15d4943a2f4fd4aea08880118727483') in 0.092022 seconds
Internal: There are remaining Allocations on the JobTempAlloc. This is a leak, and will impact performance
To Debug, run app with -diag-job-temp-memory-leak-validation cmd line argument. This will output the callstacks of the leaked allocations.
Number of updated asset objects reloaded before import = 0
Number of asset objects unloaded after import = 204
========================================================================
Received Import Request.
  Time since last request: 0.000014 seconds.
  path: Assets/PrefabInstance/SwordCharge.prefab
  artifactKey: Guid(6bf729b72c5fdd34b940c69784bf07b6) Importer(815301076,1909f56bfc062723c751e8b465ee728b)
Start importing Assets/PrefabInstance/SwordCharge.prefab using Guid(6bf729b72c5fdd34b940c69784bf07b6) Importer(815301076,1909f56bfc062723c751e8b465ee728b)  -> (artifact id: '4406ea51edd7a65883f695d5398ecb47') in 0.001679 seconds
Internal: There are remaining Allocations on the JobTempAlloc. This is a leak, and will impact performance
To Debug, run app with -diag-job-temp-memory-leak-validation cmd line argument. This will output the callstacks of the leaked allocations.
Number of updated asset objects reloaded before import = 0
Number of asset objects unloaded after import = 5
========================================================================
Received Import Request.
  Time since last request: 0.000011 seconds.
  path: Assets/PrefabInstance/Planks_floor.prefab
  artifactKey: Guid(cafaae6ec6602a44daeaba8dad7ccbf9) Importer(815301076,1909f56bfc062723c751e8b465ee728b)
Start importing Assets/PrefabInstance/Planks_floor.prefab using Guid(cafaae6ec6602a44daeaba8dad7ccbf9) Importer(815301076,1909f56bfc062723c751e8b465ee728b)  -> (artifact id: 'f5842d70aa8522694e52944445a64ced') in 0.052040 seconds
Internal: JobTempAlloc has allocations that are more than the maximum lifespan of 4 frames old - this is not allowed and likely a leak
To Debug, run app with -diag-job-temp-memory-leak-validation cmd line argument. This will output the callstacks of the leaked allocations.
Internal: There are remaining Allocations on the JobTempAlloc. This is a leak, and will impact performance
To Debug, run app with -diag-job-temp-memory-leak-validation cmd line argument. This will output the callstacks of the leaked allocations.
Number of updated asset objects reloaded before import = 0
Number of asset objects unloaded after import = 88
========================================================================
Received Import Request.
  Time since last request: 0.000014 seconds.
  path: Assets/PrefabInstance/SettingButton.prefab
  artifactKey: Guid(dc4bf5f904a4a74449afdbfcaf111bc5) Importer(815301076,1909f56bfc062723c751e8b465ee728b)
Start importing Assets/PrefabInstance/SettingButton.prefab using Guid(dc4bf5f904a4a74449afdbfcaf111bc5) Importer(815301076,1909f56bfc062723c751e8b465ee728b)  -> (artifact id: '73186b3b2b2c81c024a4530178924743') in 0.004234 seconds
Internal: There are remaining Allocations on the JobTempAlloc. This is a leak, and will impact performance
To Debug, run app with -diag-job-temp-memory-leak-validation cmd line argument. This will output the callstacks of the leaked allocations.
Number of updated asset objects reloaded before import = 0
Number of asset objects unloaded after import = 11
========================================================================
Received Import Request.
  Time since last request: 0.000013 seconds.
  path: Assets/PrefabInstance/StoneProjectile.prefab
  artifactKey: Guid(c341e24896c7b674dbb19523576bec7c) Importer(815301076,1909f56bfc062723c751e8b465ee728b)
Start importing Assets/PrefabInstance/StoneProjectile.prefab using Guid(c341e24896c7b674dbb19523576bec7c) Importer(815301076,1909f56bfc062723c751e8b465ee728b)  -> (artifact id: '0d1c20ce3f723ece5c687e5de1652f4a') in 0.026253 seconds
Internal: There are remaining Allocations on the JobTempAlloc. This is a leak, and will impact performance
To Debug, run app with -diag-job-temp-memory-leak-validation cmd line argument. This will output the callstacks of the leaked allocations.
Number of updated asset objects reloaded before import = 0
Number of asset objects unloaded after import = 84
========================================================================
Received Import Request.
  Time since last request: 0.000017 seconds.
  path: Assets/PrefabInstance/TitanShakeStep.prefab
  artifactKey: Guid(ff6e3f344e60800479db5f12b3aaafb3) Importer(815301076,1909f56bfc062723c751e8b465ee728b)
Start importing Assets/PrefabInstance/TitanShakeStep.prefab using Guid(ff6e3f344e60800479db5f12b3aaafb3) Importer(815301076,1909f56bfc062723c751e8b465ee728b)  -> (artifact id: 'bd83790a44568c0632d402850e609123') in 0.020400 seconds
Internal: There are remaining Allocations on the JobTempAlloc. This is a leak, and will impact performance
To Debug, run app with -diag-job-temp-memory-leak-validation cmd line argument. This will output the callstacks of the leaked allocations.
Number of updated asset objects reloaded before import = 0
Number of asset objects unloaded after import = 30
========================================================================
Received Import Request.
  Time since last request: 0.000024 seconds.
  path: Assets/PrefabInstance/SpikeChargeSfx.prefab
  artifactKey: Guid(680076782168ebc4eb4b2cd125d193d0) Importer(815301076,1909f56bfc062723c751e8b465ee728b)
Start importing Assets/PrefabInstance/SpikeChargeSfx.prefab using Guid(680076782168ebc4eb4b2cd125d193d0) Importer(815301076,1909f56bfc062723c751e8b465ee728b)  -> (artifact id: '39ed80f0603504ec27a3676117380d0d') in 0.001895 seconds
Internal: There are remaining Allocations on the JobTempAlloc. This is a leak, and will impact performance
To Debug, run app with -diag-job-temp-memory-leak-validation cmd line argument. This will output the callstacks of the leaked allocations.
Number of updated asset objects reloaded before import = 0
Number of asset objects unloaded after import = 5
========================================================================
Received Import Request.
  Time since last request: 0.000023 seconds.
  path: Assets/PrefabInstance/TitanRockRoll.prefab
  artifactKey: Guid(7249074b22496c54c83225deab493dab) Importer(815301076,1909f56bfc062723c751e8b465ee728b)
Start importing Assets/PrefabInstance/TitanRockRoll.prefab using Guid(7249074b22496c54c83225deab493dab) Importer(815301076,1909f56bfc062723c751e8b465ee728b)  -> (artifact id: '992ba7f25cafdb883318318ef922a4ea') in 0.042368 seconds
Internal: There are remaining Allocations on the JobTempAlloc. This is a leak, and will impact performance
To Debug, run app with -diag-job-temp-memory-leak-validation cmd line argument. This will output the callstacks of the leaked allocations.
Number of updated asset objects reloaded before import = 0
Number of asset objects unloaded after import = 81
========================================================================
Received Import Request.
  Time since last request: 0.000024 seconds.
  path: Assets/PrefabInstance/SpearProjectile.prefab
  artifactKey: Guid(c5acc496f75c15943a77bddd47420cee) Importer(815301076,1909f56bfc062723c751e8b465ee728b)
Start importing Assets/PrefabInstance/SpearProjectile.prefab using Guid(c5acc496f75c15943a77bddd47420cee) Importer(815301076,1909f56bfc062723c751e8b465ee728b)  -> (artifact id: '83e9586dbdd834506d578d21b12497df') in 0.072699 seconds
Internal: There are remaining Allocations on the JobTempAlloc. This is a leak, and will impact performance
To Debug, run app with -diag-job-temp-memory-leak-validation cmd line argument. This will output the callstacks of the leaked allocations.
Number of updated asset objects reloaded before import = 0
Number of asset objects unloaded after import = 78
========================================================================
Received Import Request.
  Time since last request: 0.000014 seconds.
  path: Assets/PrefabInstance/PickupFx.prefab
  artifactKey: Guid(30a58e279fa3c6343862e8e1e21b0edb) Importer(815301076,1909f56bfc062723c751e8b465ee728b)
Start importing Assets/PrefabInstance/PickupFx.prefab using Guid(30a58e279fa3c6343862e8e1e21b0edb) Importer(815301076,1909f56bfc062723c751e8b465ee728b)  -> (artifact id: '30d37a95c69616b7cf31e772b5d5cfc5') in 0.025374 seconds
Internal: There are remaining Allocations on the JobTempAlloc. This is a leak, and will impact performance
To Debug, run app with -diag-job-temp-memory-leak-validation cmd line argument. This will output the callstacks of the leaked allocations.
Number of updated asset objects reloaded before import = 0
Number of asset objects unloaded after import = 11
========================================================================
Received Import Request.
  Time since last request: 0.000014 seconds.
  path: Assets/PrefabInstance/Ping.prefab
  artifactKey: Guid(b3154e981a806294ca4ca1fd03bf9502) Importer(815301076,1909f56bfc062723c751e8b465ee728b)
Start importing Assets/PrefabInstance/Ping.prefab using Guid(b3154e981a806294ca4ca1fd03bf9502) Importer(815301076,1909f56bfc062723c751e8b465ee728b)  -> (artifact id: 'b48e6f825f044047004bd96e42fd8ccb') in 0.015829 seconds
Internal: There are remaining Allocations on the JobTempAlloc. This is a leak, and will impact performance
To Debug, run app with -diag-job-temp-memory-leak-validation cmd line argument. This will output the callstacks of the leaked allocations.
Number of updated asset objects reloaded before import = 0
Number of asset objects unloaded after import = 20
========================================================================
Received Import Request.
  Time since last request: 0.000012 seconds.
  path: Assets/PrefabInstance/ObjectivePing.prefab
  artifactKey: Guid(390c01b983fac234fad80409da00c889) Importer(815301076,1909f56bfc062723c751e8b465ee728b)
Start importing Assets/PrefabInstance/ObjectivePing.prefab using Guid(390c01b983fac234fad80409da00c889) Importer(815301076,1909f56bfc062723c751e8b465ee728b)  -> (artifact id: 'e606cb1fd1bcd7f774c279bcf60e8e79') in 0.002341 seconds
Internal: There are remaining Allocations on the JobTempAlloc. This is a leak, and will impact performance
To Debug, run app with -diag-job-temp-memory-leak-validation cmd line argument. This will output the callstacks of the leaked allocations.
Number of updated asset objects reloaded before import = 0
Number of asset objects unloaded after import = 21
