Using pre-set license
Built from '2023.1/staging' branch; Version is '2023.1.7f1 (4f4e359ec3fc) revision 5197365'; Using compiler version '192829333'; Build Type 'Release'
OS: 'Windows 11  (10.0.22631) 64bit Education' Language: 'en' Physical Memory: 16053 MB
BatchMode: 1, IsHumanControllingUs: 0, StartBugReporterOnCrash: 0, Is64bit: 1, IsPro: 1

COMMAND LINE ARGUMENTS:
C:\Program Files\Unity 2023.1.7f1\Editor\Unity.exe
-adb2
-batchMode
-noUpm
-name
AssetImportWorker0
-projectPath
C:/Users/jasm076/Documents/GitHub/Muck
-logFile
Logs/AssetImportWorker0.log
-srvPort
62353
Successfully changed project path to: C:/Users/jasm076/Documents/GitHub/Muck
C:/Users/jasm076/Documents/GitHub/Muck
[UnityMemory] Configuration Parameters - Can be set up in boot.config
    "memorysetup-bucket-allocator-granularity=16"
    "memorysetup-bucket-allocator-bucket-count=8"
    "memorysetup-bucket-allocator-block-size=33554432"
    "memorysetup-bucket-allocator-block-count=8"
    "memorysetup-main-allocator-block-size=16777216"
    "memorysetup-thread-allocator-block-size=16777216"
    "memorysetup-gfx-main-allocator-block-size=16777216"
    "memorysetup-gfx-thread-allocator-block-size=16777216"
    "memorysetup-cache-allocator-block-size=4194304"
    "memorysetup-typetree-allocator-block-size=2097152"
    "memorysetup-profiler-bucket-allocator-granularity=16"
    "memorysetup-profiler-bucket-allocator-bucket-count=8"
    "memorysetup-profiler-bucket-allocator-block-size=33554432"
    "memorysetup-profiler-bucket-allocator-block-count=8"
    "memorysetup-profiler-allocator-block-size=16777216"
    "memorysetup-profiler-editor-allocator-block-size=1048576"
    "memorysetup-temp-allocator-size-main=16777216"
    "memorysetup-job-temp-allocator-block-size=2097152"
    "memorysetup-job-temp-allocator-block-size-background=1048576"
    "memorysetup-job-temp-allocator-reduction-small-platforms=262144"
    "memorysetup-allocator-temp-initial-block-size-main=262144"
    "memorysetup-allocator-temp-initial-block-size-worker=262144"
    "memorysetup-temp-allocator-size-background-worker=32768"
    "memorysetup-temp-allocator-size-job-worker=262144"
    "memorysetup-temp-allocator-size-preload-manager=33554432"
    "memorysetup-temp-allocator-size-nav-mesh-worker=65536"
    "memorysetup-temp-allocator-size-audio-worker=65536"
    "memorysetup-temp-allocator-size-cloud-worker=32768"
    "memorysetup-temp-allocator-size-gi-baking-worker=262144"
    "memorysetup-temp-allocator-size-gfx=262144"
Player connection [24672] Host "[IP] 10.10.22.141 [Port] 0 [Flags] 2 [Guid] 440169653 [EditorId] 440169653 [Version] 1048832 [Id] WindowsEditor(7,OA-CTC-A234-11) [Debug] 1 [PackageName] WindowsEditor [ProjectName] Editor" joined multi-casting on [225.0.0.222:54997]...

Player connection [24672] Host "[IP] 10.10.22.141 [Port] 0 [Flags] 2 [Guid] 440169653 [EditorId] 440169653 [Version] 1048832 [Id] WindowsEditor(7,OA-CTC-A234-11) [Debug] 1 [PackageName] WindowsEditor [ProjectName] Editor" joined alternative multi-casting on [225.0.0.222:34997]...

Library Redirect Path: Library/Refreshing native plugins compatible for Editor in 1166.82 ms, found 3 plugins.
Preloading 0 native plugins for Editor in 0.00 ms.
Initialize engine version: 2023.1.7f1 (4f4e359ec3fc)
[Subsystems] Discovering subsystems at path C:/Program Files/Unity 2023.1.7f1/Editor/Data/Resources/UnitySubsystems
[Subsystems] Discovering subsystems at path C:/Users/jasm076/Documents/GitHub/Muck/Assets
GfxDevice: creating device client; threaded=0; jobified=0
Direct3D:
    Version:  Direct3D 11.0 [level 11.1]
    Renderer: NVIDIA GeForce RTX 3060 (ID=0x2504)
    Vendor:   NVIDIA
    VRAM:     12129 MB
    Driver:   31.0.15.3130
Initialize mono
Mono path[0] = 'C:/Program Files/Unity 2023.1.7f1/Editor/Data/Managed'
Mono path[1] = 'C:/Program Files/Unity 2023.1.7f1/Editor/Data/MonoBleedingEdge/lib/mono/unityjit-win32'
Mono config path = 'C:/Program Files/Unity 2023.1.7f1/Editor/Data/MonoBleedingEdge/etc'
Using monoOptions --debugger-agent=transport=dt_socket,embedding=1,server=y,suspend=n,address=127.0.0.1:56660
Begin MonoManager ReloadAssembly
C:\build\output\Unity-Technologies\mono\mono\metadata\icall.c:1842:
C:\build\output\Unity-Technologies\mono\mono\metadata\icall.c:1842:
C:\build\output\Unity-Technologies\mono\mono\metadata\icall.c:1842:
C:\build\output\Unity-Technologies\mono\mono\metadata\icall.c:1842:
C:\build\output\Unity-Technologies\mono\mono\metadata\icall.c:1842:
C:\build\output\Unity-Technologies\mono\mono\metadata\icall.c:1842:
C:\build\output\Unity-Technologies\mono\mono\metadata\icall.c:1842:
C:\build\output\Unity-Technologies\mono\mono\metadata\icall.c:1842:
C:\build\output\Unity-Technologies\mono\mono\metadata\icall.c:1842:
C:\build\output\Unity-Technologies\mono\mono\metadata\icall.c:1842:
Registering precompiled unity dll's ...
Register platform support module: C:/Program Files/Unity 2023.1.7f1/Editor/Data/PlaybackEngines/WebGLSupport/UnityEditor.WebGL.Extensions.dll
Register platform support module: C:/Program Files/Unity 2023.1.7f1/Editor/Data/PlaybackEngines/WindowsStandaloneSupport/UnityEditor.WindowsStandalone.Extensions.dll
Register platform support module: C:/Program Files/Unity 2023.1.7f1/Editor/Data/PlaybackEngines/MetroSupport/UnityEditor.UWP.Extensions.dll
Register platform support module: C:/Program Files/Unity 2023.1.7f1/Editor/Data/PlaybackEngines/AndroidPlayer/UnityEditor.Android.Extensions.dll
Registered in 0.383236 seconds.
- Loaded All Assemblies, in  7.758 seconds
Native extension for Android target not found
Native extension for UWP target not found
Native extension for WindowsStandalone target not found
Native extension for WebGL target not found
Mono: successfully reloaded assembly
C:\build\output\Unity-Technologies\mono\mono\metadata\icall.c:1842:
C:\build\output\Unity-Technologies\mono\mono\metadata\icall.c:1842:
- Finished resetting the current domain, in  0.337 seconds
Domain Reload Profiling: 8093ms
	BeginReloadAssembly (5501ms)
		ExecutionOrderSort (0ms)
		DisableScriptedObjects (0ms)
		BackupInstance (0ms)
		ReleaseScriptingObjects (0ms)
		CreateAndSetChildDomain (0ms)
	RebuildCommonClasses (430ms)
	RebuildNativeTypeToScriptingClass (11ms)
	initialDomainReloadingComplete (444ms)
	LoadAllAssembliesAndSetupDomain (1370ms)
		LoadAssemblies (5501ms)
		RebuildTransferFunctionScriptingTraits (0ms)
		AnalyzeDomain (1361ms)
			TypeCache.Refresh (1360ms)
				TypeCache.ScanAssembly (1083ms)
			ScanForSourceGeneratedMonoScriptInfo (1ms)
			ResolveRequiredComponents (1ms)
	FinalizeReload (337ms)
		ReleaseScriptCaches (0ms)
		RebuildScriptCaches (0ms)
		SetupLoadedEditorAssemblies (286ms)
			LogAssemblyErrors (0ms)
			InitializePlatformSupportModulesInManaged (95ms)
			SetLoadedEditorAssemblies (3ms)
			BeforeProcessingInitializeOnLoad (8ms)
			ProcessInitializeOnLoadAttributes (120ms)
			ProcessInitializeOnLoadMethodAttributes (60ms)
			AfterProcessingInitializeOnLoad (0ms)
			EditorAssembliesLoaded (0ms)
		ExecutionOrderSort2 (0ms)
		AwakeInstancesAfterBackupRestoration (0ms)
========================================================================
Worker process is ready to serve import requests
Import Worker Mode flag is 0x00
Begin MonoManager ReloadAssembly
C:\build\output\Unity-Technologies\mono\mono\metadata\icall.c:1842:
C:\build\output\Unity-Technologies\mono\mono\metadata\icall.c:1842:
C:\build\output\Unity-Technologies\mono\mono\metadata\icall.c:1842:
C:\build\output\Unity-Technologies\mono\mono\metadata\icall.c:1842:
C:\build\output\Unity-Technologies\mono\mono\metadata\icall.c:1842:
C:\build\output\Unity-Technologies\mono\mono\metadata\icall.c:1842:
C:\build\output\Unity-Technologies\mono\mono\metadata\icall.c:1842:
C:\build\output\Unity-Technologies\mono\mono\metadata\icall.c:1842:
C:\build\output\Unity-Technologies\mono\mono\metadata\icall.c:1842:
C:\build\output\Unity-Technologies\mono\mono\metadata\icall.c:1842:
C:\build\output\Unity-Technologies\mono\mono\metadata\icall.c:1842:
C:\build\output\Unity-Technologies\mono\mono\metadata\icall.c:1842:
- Loaded All Assemblies, in  4.807 seconds
Refreshing native plugins compatible for Editor in 2.50 ms, found 3 plugins.
Native extension for Android target not found
Native extension for UWP target not found
Native extension for WindowsStandalone target not found
Native extension for WebGL target not found
Mono: successfully reloaded assembly
- Finished resetting the current domain, in  0.449 seconds
Domain Reload Profiling: 5253ms
	BeginReloadAssembly (248ms)
		ExecutionOrderSort (0ms)
		DisableScriptedObjects (4ms)
		BackupInstance (0ms)
		ReleaseScriptingObjects (0ms)
		CreateAndSetChildDomain (32ms)
	RebuildCommonClasses (32ms)
	RebuildNativeTypeToScriptingClass (8ms)
	initialDomainReloadingComplete (29ms)
	LoadAllAssembliesAndSetupDomain (4488ms)
		LoadAssemblies (4068ms)
		RebuildTransferFunctionScriptingTraits (0ms)
		AnalyzeDomain (506ms)
			TypeCache.Refresh (494ms)
				TypeCache.ScanAssembly (430ms)
			ScanForSourceGeneratedMonoScriptInfo (7ms)
			ResolveRequiredComponents (5ms)
	FinalizeReload (449ms)
		ReleaseScriptCaches (0ms)
		RebuildScriptCaches (0ms)
		SetupLoadedEditorAssemblies (283ms)
			LogAssemblyErrors (0ms)
			InitializePlatformSupportModulesInManaged (19ms)
			SetLoadedEditorAssemblies (2ms)
			BeforeProcessingInitializeOnLoad (47ms)
			ProcessInitializeOnLoadAttributes (196ms)
			ProcessInitializeOnLoadMethodAttributes (15ms)
			AfterProcessingInitializeOnLoad (4ms)
			EditorAssembliesLoaded (0ms)
		ExecutionOrderSort2 (0ms)
		AwakeInstancesAfterBackupRestoration (5ms)
Launched and connected shader compiler UnityShaderCompiler.exe after 0.01 seconds
Refreshing native plugins compatible for Editor in 2.86 ms, found 3 plugins.
Preloading 0 native plugins for Editor in 0.00 ms.
Unloading 2002 Unused Serialized files (Serialized files now loaded: 0)
Unloading 46 unused Assets / (1.0 MB). Loaded Objects now: 2533.
Memory consumption went from 118.7 MB to 117.7 MB.
Total: 3.855200 ms (FindLiveObjects: 0.136300 ms CreateObjectMapping: 0.036700 ms MarkObjects: 3.359400 ms  DeleteObjects: 0.321600 ms)

AssetImportParameters requested are different than current active one (requested -> active):
  custom:container-demuxer-ogg: 62fdf1f143b41e24485cea50d1cbac27 -> 
  custom:framework-win-MediaFoundation: 216162199b28c13a410421893ffa2e32 -> 
  custom:video-decoder-webm-vp8: 9c59270c3fd7afecdb556c50c9e8de78 -> 
  custom:audio-encoder-webm-vorbis: bf7c407c2cedff20999df2af8eb42d56 -> 
  custom:video-decoder-ogg-theora: a1e56fd34408186e4bbccfd4996cb3dc -> 
  custom:container-muxer-webm: aa71ff27fc2769a1b78a27578f13a17b -> 
  custom:AudioImporter_EditorPlatform: d09bf68614088b80899f8185d706f6e7 -> 
  custom:audio-decoder-ogg-vorbis: bf7c407c2cedff20999df2af8eb42d56 -> 
  custom:video-codec-MediaFoundation-h265: 746d11721c4dcdbdad8f713fa42b33f4 -> 
  custom:CustomObjectIndexerAttribute: 756ad292c208cfabdd7b50bc23989ffe -> 
  custom:container-demuxer-webm: 4f35f7cbe854078d1ac9338744f61a02 -> 
  custom:video-encoder-webm-vp8: eb34c28f22e8b96e1ab97ce403110664 -> 
========================================================================
Received Import Request.
  Time since last request: 7309.125692 seconds.
  path: Assets/Texture2D/Wood_DarkOak.png
  artifactKey: Guid(dd20c867c149ca343865d76072b34ec2) Importer(815301076,1909f56bfc062723c751e8b465ee728b)
Start importing Assets/Texture2D/Wood_DarkOak.png using Guid(dd20c867c149ca343865d76072b34ec2) Importer(815301076,1909f56bfc062723c751e8b465ee728b)  -> (artifact id: '0463664acf3f55e4be68547c0440a258') in 0.101514 seconds
Number of updated asset objects reloaded before import = 0
Number of asset objects unloaded after import = 3
========================================================================
Received Import Request.
  Time since last request: 0.000021 seconds.
  path: Assets/Texture2D/Wood_wall.png
  artifactKey: Guid(972c0aa80f80cd14bb28648d006f630a) Importer(815301076,1909f56bfc062723c751e8b465ee728b)
Start importing Assets/Texture2D/Wood_wall.png using Guid(972c0aa80f80cd14bb28648d006f630a) Importer(815301076,1909f56bfc062723c751e8b465ee728b)  -> (artifact id: '37af12292d03408e970e55ea67704a4f') in 0.027412 seconds
Number of updated asset objects reloaded before import = 0
Number of asset objects unloaded after import = 3
========================================================================
Received Import Request.
  Time since last request: 0.000016 seconds.
  path: Assets/Texture2D/Wood_Floor.png
  artifactKey: Guid(b86aa82551bea664086501e3d152d146) Importer(815301076,1909f56bfc062723c751e8b465ee728b)
Start importing Assets/Texture2D/Wood_Floor.png using Guid(b86aa82551bea664086501e3d152d146) Importer(815301076,1909f56bfc062723c751e8b465ee728b)  -> (artifact id: 'cb7e68200fa1ab565ad04ffd811f7ce6') in 0.025242 seconds
Number of updated asset objects reloaded before import = 0
Number of asset objects unloaded after import = 3
========================================================================
Received Import Request.
  Time since last request: 0.000040 seconds.
  path: Assets/Texture2D/WyvvernDagger.png
  artifactKey: Guid(3145587fd8be5f048b996565eb3ba02c) Importer(815301076,1909f56bfc062723c751e8b465ee728b)
Start importing Assets/Texture2D/WyvvernDagger.png using Guid(3145587fd8be5f048b996565eb3ba02c) Importer(815301076,1909f56bfc062723c751e8b465ee728b)  -> (artifact id: 'd540cf09e924f6e1621af1317c442ccf') in 0.043198 seconds
Number of updated asset objects reloaded before import = 0
Number of asset objects unloaded after import = 2
========================================================================
Received Import Request.
  Time since last request: 0.000021 seconds.
  path: Assets/Texture2D/WorckbenchIcon.png
  artifactKey: Guid(a9a36e51fadae40418f4aba371bbec33) Importer(815301076,1909f56bfc062723c751e8b465ee728b)
Start importing Assets/Texture2D/WorckbenchIcon.png using Guid(a9a36e51fadae40418f4aba371bbec33) Importer(815301076,1909f56bfc062723c751e8b465ee728b)  -> (artifact id: '345cb12f30e84c74c4afefdcb7a8cb11') in 0.021731 seconds
Number of updated asset objects reloaded before import = 0
Number of asset objects unloaded after import = 3
========================================================================
Received Import Request.
  Time since last request: 0.000018 seconds.
  path: Assets/Texture2D/Torso_Wolf.png
  artifactKey: Guid(f8784f9ef9e435a4c82da2a0d33698f4) Importer(815301076,1909f56bfc062723c751e8b465ee728b)
Start importing Assets/Texture2D/Torso_Wolf.png using Guid(f8784f9ef9e435a4c82da2a0d33698f4) Importer(815301076,1909f56bfc062723c751e8b465ee728b)  -> (artifact id: '2a336bb915982d95e7591dce04d7a980') in 0.020308 seconds
Number of updated asset objects reloaded before import = 0
Number of asset objects unloaded after import = 3
========================================================================
Received Import Request.
  Time since last request: 0.000033 seconds.
  path: Assets/Texture2D/Wood_Normal.png
  artifactKey: Guid(090df6f664b6db64e9c775266ec2eed4) Importer(815301076,1909f56bfc062723c751e8b465ee728b)
Start importing Assets/Texture2D/Wood_Normal.png using Guid(090df6f664b6db64e9c775266ec2eed4) Importer(815301076,1909f56bfc062723c751e8b465ee728b)  -> (artifact id: '81df57d46abce92e400fd9a348249e02') in 0.020833 seconds
Number of updated asset objects reloaded before import = 0
Number of asset objects unloaded after import = 3
========================================================================
Received Import Request.
  Time since last request: 0.000020 seconds.
  path: Assets/Texture2D/Torso_Gold.png
  artifactKey: Guid(6f5ffd01f0af54846a96d5c3ecf84a1d) Importer(815301076,1909f56bfc062723c751e8b465ee728b)
Start importing Assets/Texture2D/Torso_Gold.png using Guid(6f5ffd01f0af54846a96d5c3ecf84a1d) Importer(815301076,1909f56bfc062723c751e8b465ee728b)  -> (artifact id: 'a366b57d849c9452ef27a660faf5b808') in 0.022029 seconds
Number of updated asset objects reloaded before import = 0
Number of asset objects unloaded after import = 3
========================================================================
Received Import Request.
  Time since last request: 0.000034 seconds.
  path: Assets/Texture2D/Torso_Mithril.png
  artifactKey: Guid(1f10140df6b6d6f4d82e09ad5f39ad11) Importer(815301076,1909f56bfc062723c751e8b465ee728b)
Start importing Assets/Texture2D/Torso_Mithril.png using Guid(1f10140df6b6d6f4d82e09ad5f39ad11) Importer(815301076,1909f56bfc062723c751e8b465ee728b)  -> (artifact id: '4783725e79669799e3c0b72d7ce33eaf') in 0.020972 seconds
Number of updated asset objects reloaded before import = 0
Number of asset objects unloaded after import = 3
========================================================================
Received Import Request.
  Time since last request: 0.000038 seconds.
  path: Assets/Texture2D/WyvernDagger.png
  artifactKey: Guid(1053ace120b4a714b8ada77a3a858074) Importer(815301076,1909f56bfc062723c751e8b465ee728b)
Start importing Assets/Texture2D/WyvernDagger.png using Guid(1053ace120b4a714b8ada77a3a858074) Importer(815301076,1909f56bfc062723c751e8b465ee728b)  -> (artifact id: 'c51f5c5fd593604f2d8e4c224ec96902') in 0.019480 seconds
Number of updated asset objects reloaded before import = 0
Number of asset objects unloaded after import = 3
========================================================================
Received Import Request.
  Time since last request: 0.000019 seconds.
  path: Assets/Texture2D/WoodTexture_AO.png
  artifactKey: Guid(6d69f31816252c64c9982c4b78ae526c) Importer(815301076,1909f56bfc062723c751e8b465ee728b)
Start importing Assets/Texture2D/WoodTexture_AO.png using Guid(6d69f31816252c64c9982c4b78ae526c) Importer(815301076,1909f56bfc062723c751e8b465ee728b)  -> (artifact id: 'ea9ca04acb25b11bf205ce39863a660b') in 0.019594 seconds
Number of updated asset objects reloaded before import = 0
Number of asset objects unloaded after import = 2
========================================================================
Received Import Request.
  Time since last request: 0.000077 seconds.
  path: Assets/Texture2D/WolfClaws_0.png
  artifactKey: Guid(e0f8920082364624ea190c795d50df6c) Importer(815301076,1909f56bfc062723c751e8b465ee728b)
Start importing Assets/Texture2D/WolfClaws_0.png using Guid(e0f8920082364624ea190c795d50df6c) Importer(815301076,1909f56bfc062723c751e8b465ee728b)  -> (artifact id: '782b20ecd0860b441030c7a1103bb827') in 0.020625 seconds
Number of updated asset objects reloaded before import = 0
Number of asset objects unloaded after import = 3
========================================================================
Received Import Request.
  Time since last request: 0.000017 seconds.
  path: Assets/Texture2D/WoodPole.png
  artifactKey: Guid(5f427048a55f1374fb7e994734ce9b37) Importer(815301076,1909f56bfc062723c751e8b465ee728b)
Start importing Assets/Texture2D/WoodPole.png using Guid(5f427048a55f1374fb7e994734ce9b37) Importer(815301076,1909f56bfc062723c751e8b465ee728b)  -> (artifact id: 'bcf836affb39079fe18be109318324bf') in 0.016989 seconds
Number of updated asset objects reloaded before import = 0
Number of asset objects unloaded after import = 3
========================================================================
Received Import Request.
  Time since last request: 0.000018 seconds.
  path: Assets/Texture2D/WoodTexture.png
  artifactKey: Guid(c5be9220439fb53478924e9b5f8de54b) Importer(815301076,1909f56bfc062723c751e8b465ee728b)
Start importing Assets/Texture2D/WoodTexture.png using Guid(c5be9220439fb53478924e9b5f8de54b) Importer(815301076,1909f56bfc062723c751e8b465ee728b)  -> (artifact id: '4114f0c002937a505b65e21389de9a4e') in 0.024404 seconds
Number of updated asset objects reloaded before import = 0
Number of asset objects unloaded after import = 2
========================================================================
Received Import Request.
  Time since last request: 0.000016 seconds.
  path: Assets/Texture2D/Wood_Fir.png
  artifactKey: Guid(dc473667fed5ac544828e6d2ed38942a) Importer(815301076,1909f56bfc062723c751e8b465ee728b)
Start importing Assets/Texture2D/Wood_Fir.png using Guid(dc473667fed5ac544828e6d2ed38942a) Importer(815301076,1909f56bfc062723c751e8b465ee728b)  -> (artifact id: 'cc1f520e5fcc9e51dec3270a1cd56130') in 0.016958 seconds
Number of updated asset objects reloaded before import = 0
Number of asset objects unloaded after import = 3
========================================================================
Received Import Request.
  Time since last request: 214.298514 seconds.
  path: Assets/PrefabInstance/=====NetworkControllerTEST=====.prefab
  artifactKey: Guid(f9f7e587d75eb69429777fcab96670c0) Importer(815301076,1909f56bfc062723c751e8b465ee728b)
Start importing Assets/PrefabInstance/=====NetworkControllerTEST=====.prefab using Guid(f9f7e587d75eb69429777fcab96670c0) Importer(815301076,1909f56bfc062723c751e8b465ee728b)  -> (artifact id: 'b120e4956a5a3dbcaaad6e998c543234') in 4.373747 seconds
Number of updated asset objects reloaded before import = 0
Number of asset objects unloaded after import = 1525
========================================================================
Received Import Request.
  Time since last request: 41.823839 seconds.
  path: Assets/Scripts/Assembly-CSharp/AchievementDisplay.cs
  artifactKey: Guid(47c84871c58b57c47981741565cf7edf) Importer(815301076,1909f56bfc062723c751e8b465ee728b)
Start importing Assets/Scripts/Assembly-CSharp/AchievementDisplay.cs using Guid(47c84871c58b57c47981741565cf7edf) Importer(815301076,1909f56bfc062723c751e8b465ee728b)  -> (artifact id: '314c17a91377cf5f71fcd36888e842a3') in 0.000647 seconds
Number of updated asset objects reloaded before import = 0
Number of asset objects unloaded after import = 0
========================================================================
Received Import Request.
  Time since last request: 12.030958 seconds.
  path: Assets/Scripts/Assembly-CSharp/SpawnStepSmoke.cs
  artifactKey: Guid(8c5f563411461f244875b771dd9373ad) Importer(815301076,1909f56bfc062723c751e8b465ee728b)
Start importing Assets/Scripts/Assembly-CSharp/SpawnStepSmoke.cs using Guid(8c5f563411461f244875b771dd9373ad) Importer(815301076,1909f56bfc062723c751e8b465ee728b)  -> (artifact id: '9357ea6fe7e3bc47ec078c407467cf70') in 0.000435 seconds
Number of updated asset objects reloaded before import = 0
Number of asset objects unloaded after import = 0
========================================================================
Received Import Request.
  Time since last request: 13.479971 seconds.
  path: Assets/Scripts/Assembly-CSharp-firstpass
  artifactKey: Guid(67c32fb2a4cc0184f9bdca83a4126dea) Importer(815301076,1909f56bfc062723c751e8b465ee728b)
Start importing Assets/Scripts/Assembly-CSharp-firstpass using Guid(67c32fb2a4cc0184f9bdca83a4126dea) Importer(815301076,1909f56bfc062723c751e8b465ee728b)  -> (artifact id: 'e2e4a9c0d4c01b1fc7f44f2d8c59155c') in 0.000556 seconds
Number of updated asset objects reloaded before import = 0
Number of asset objects unloaded after import = 0
========================================================================
Received Import Request.
  Time since last request: 0.810713 seconds.
  path: Assets/Scripts/Assembly-CSharp-firstpass/MilkShake
  artifactKey: Guid(e81a828f5dc229c4e9ca42dc66ed030a) Importer(815301076,1909f56bfc062723c751e8b465ee728b)
Start importing Assets/Scripts/Assembly-CSharp-firstpass/MilkShake using Guid(e81a828f5dc229c4e9ca42dc66ed030a) Importer(815301076,1909f56bfc062723c751e8b465ee728b)  -> (artifact id: 'feb2ada7726b70246bfeacdf55b7a71d') in 0.000465 seconds
Number of updated asset objects reloaded before import = 0
Number of asset objects unloaded after import = 0
========================================================================
Received Import Request.
  Time since last request: 21.674378 seconds.
  path: Assets/Scripts/Assembly-CSharp-firstpass/MilkShake/ShakeType.cs
  artifactKey: Guid(804de5728521a4a4aa8ce17962559f0e) Importer(815301076,1909f56bfc062723c751e8b465ee728b)
Start importing Assets/Scripts/Assembly-CSharp-firstpass/MilkShake/ShakeType.cs using Guid(804de5728521a4a4aa8ce17962559f0e) Importer(815301076,1909f56bfc062723c751e8b465ee728b)  -> (artifact id: '92e060fcf222f1977b8ddf0fe06cd7be') in 0.000428 seconds
Number of updated asset objects reloaded before import = 0
Number of asset objects unloaded after import = 0
========================================================================
Received Import Request.
  Time since last request: 0.765557 seconds.
  path: Assets/Scripts/Assembly-CSharp-firstpass/MilkShake/ShakePreset.cs
  artifactKey: Guid(1c26a1540e652c940957bace2cdb0f78) Importer(815301076,1909f56bfc062723c751e8b465ee728b)
Start importing Assets/Scripts/Assembly-CSharp-firstpass/MilkShake/ShakePreset.cs using Guid(1c26a1540e652c940957bace2cdb0f78) Importer(815301076,1909f56bfc062723c751e8b465ee728b)  -> (artifact id: 'd71122313b93f5a415b51679f2a288c9') in 0.000478 seconds
Number of updated asset objects reloaded before import = 0
Number of asset objects unloaded after import = 0
========================================================================
Received Prepare
Begin MonoManager ReloadAssembly
C:\build\output\Unity-Technologies\mono\mono\metadata\icall.c:1842:
C:\build\output\Unity-Technologies\mono\mono\metadata\icall.c:1842:
C:\build\output\Unity-Technologies\mono\mono\metadata\icall.c:1842:
C:\build\output\Unity-Technologies\mono\mono\metadata\icall.c:1842:
C:\build\output\Unity-Technologies\mono\mono\metadata\icall.c:1842:
C:\build\output\Unity-Technologies\mono\mono\metadata\icall.c:1842:
C:\build\output\Unity-Technologies\mono\mono\metadata\icall.c:1842:
C:\build\output\Unity-Technologies\mono\mono\metadata\icall.c:1842:
C:\build\output\Unity-Technologies\mono\mono\metadata\icall.c:1842:
C:\build\output\Unity-Technologies\mono\mono\metadata\icall.c:1842:
C:\build\output\Unity-Technologies\mono\mono\metadata\icall.c:1842:
C:\build\output\Unity-Technologies\mono\mono\metadata\icall.c:1842:
- Loaded All Assemblies, in  0.556 seconds
Refreshing native plugins compatible for Editor in 1.90 ms, found 3 plugins.
Native extension for Android target not found
Native extension for UWP target not found
Native extension for WindowsStandalone target not found
Native extension for WebGL target not found
Mono: successfully reloaded assembly
- Finished resetting the current domain, in  8.417 seconds
Domain Reload Profiling: 8972ms
	BeginReloadAssembly (142ms)
		ExecutionOrderSort (0ms)
		DisableScriptedObjects (3ms)
		BackupInstance (0ms)
		ReleaseScriptingObjects (0ms)
		CreateAndSetChildDomain (37ms)
	RebuildCommonClasses (22ms)
	RebuildNativeTypeToScriptingClass (8ms)
	initialDomainReloadingComplete (18ms)
	LoadAllAssembliesAndSetupDomain (365ms)
		LoadAssemblies (269ms)
		RebuildTransferFunctionScriptingTraits (0ms)
		AnalyzeDomain (168ms)
			TypeCache.Refresh (162ms)
				TypeCache.ScanAssembly (152ms)
			ScanForSourceGeneratedMonoScriptInfo (0ms)
			ResolveRequiredComponents (5ms)
	FinalizeReload (8417ms)
		ReleaseScriptCaches (0ms)
		RebuildScriptCaches (0ms)
		SetupLoadedEditorAssemblies (248ms)
			LogAssemblyErrors (0ms)
			InitializePlatformSupportModulesInManaged (20ms)
			SetLoadedEditorAssemblies (2ms)
			BeforeProcessingInitializeOnLoad (46ms)
			ProcessInitializeOnLoadAttributes (159ms)
			ProcessInitializeOnLoadMethodAttributes (17ms)
			AfterProcessingInitializeOnLoad (3ms)
			EditorAssembliesLoaded (0ms)
		ExecutionOrderSort2 (0ms)
		AwakeInstancesAfterBackupRestoration (7ms)
Refreshing native plugins compatible for Editor in 2.06 ms, found 3 plugins.
Preloading 0 native plugins for Editor in 0.00 ms.
Unloading 1946 Unused Serialized files (Serialized files now loaded: 0)
Unloading 40 unused Assets / (1.0 MB). Loaded Objects now: 2559.
Memory consumption went from 107.1 MB to 106.0 MB.
Total: 3.216000 ms (FindLiveObjects: 0.113900 ms CreateObjectMapping: 0.039400 ms MarkObjects: 2.868100 ms  DeleteObjects: 0.193800 ms)

Prepare: number of updated asset objects reloaded= 0
AssetImportParameters requested are different than current active one (requested -> active):
  custom:container-demuxer-ogg: 62fdf1f143b41e24485cea50d1cbac27 -> 
  custom:framework-win-MediaFoundation: 216162199b28c13a410421893ffa2e32 -> 
  custom:video-decoder-webm-vp8: 9c59270c3fd7afecdb556c50c9e8de78 -> 
  custom:audio-encoder-webm-vorbis: bf7c407c2cedff20999df2af8eb42d56 -> 
  custom:video-decoder-ogg-theora: a1e56fd34408186e4bbccfd4996cb3dc -> 
  custom:container-muxer-webm: aa71ff27fc2769a1b78a27578f13a17b -> 
  custom:AudioImporter_EditorPlatform: d09bf68614088b80899f8185d706f6e7 -> 
  custom:audio-decoder-ogg-vorbis: bf7c407c2cedff20999df2af8eb42d56 -> 
  custom:video-codec-MediaFoundation-h265: 746d11721c4dcdbdad8f713fa42b33f4 -> 
  custom:CustomObjectIndexerAttribute: 756ad292c208cfabdd7b50bc23989ffe -> 
  custom:container-demuxer-webm: 4f35f7cbe854078d1ac9338744f61a02 -> 
  custom:video-encoder-webm-vp8: eb34c28f22e8b96e1ab97ce403110664 -> 
========================================================================
Received Import Request.
  Time since last request: 592.331106 seconds.
  path: Assets/TextMesh Pro/Resources/Fonts & Materials/AlwaysOnTop.mat
  artifactKey: Guid(e9e2ee740124e914e9b115be9e61b9fa) Importer(815301076,1909f56bfc062723c751e8b465ee728b)
Start importing Assets/TextMesh Pro/Resources/Fonts & Materials/AlwaysOnTop.mat using Guid(e9e2ee740124e914e9b115be9e61b9fa) Importer(815301076,1909f56bfc062723c751e8b465ee728b)  -> (artifact id: '4a1f26970782a51224ce6f5e8f95fed8') in 0.104191 seconds
Number of updated asset objects reloaded before import = 0
Number of asset objects unloaded after import = 1
========================================================================
Received Import Request.
  Time since last request: 0.000019 seconds.
  path: Assets/AudioClip/Boat_Water.wav
  artifactKey: Guid(1f2269c1ee26ff4498cdf275e625e49c) Importer(815301076,1909f56bfc062723c751e8b465ee728b)
Start importing Assets/AudioClip/Boat_Water.wav using Guid(1f2269c1ee26ff4498cdf275e625e49c) Importer(815301076,1909f56bfc062723c751e8b465ee728b)  -> (artifact id: '54054f52b0dc997667bc7ee63effc11d') in 0.030199 seconds
Number of updated asset objects reloaded before import = 0
Number of asset objects unloaded after import = 2
========================================================================
Received Import Request.
  Time since last request: 0.000025 seconds.
  path: Assets/ScriptableObject/Items/PlanksWallTilted.asset
  artifactKey: Guid(43daa4dde28c8084c956334731fd9377) Importer(815301076,1909f56bfc062723c751e8b465ee728b)
Start importing Assets/ScriptableObject/Items/PlanksWallTilted.asset using Guid(43daa4dde28c8084c956334731fd9377) Importer(815301076,1909f56bfc062723c751e8b465ee728b)  -> (artifact id: '5d05eb71d2531ea6d2f899932e56555c') in 0.175252 seconds
Number of updated asset objects reloaded before import = 0
Number of asset objects unloaded after import = 91
========================================================================
Received Import Request.
  Time since last request: 0.000017 seconds.
  path: Assets/PrefabInstance/UnderwaterDamageFx.prefab
  artifactKey: Guid(e690cad4dd2c1634aa548bdebe77d5c0) Importer(815301076,1909f56bfc062723c751e8b465ee728b)
Start importing Assets/PrefabInstance/UnderwaterDamageFx.prefab using Guid(e690cad4dd2c1634aa548bdebe77d5c0) Importer(815301076,1909f56bfc062723c751e8b465ee728b)  -> (artifact id: '97a1fe4f28c7f25f57530c376db45a7d') in 0.064437 seconds
Number of updated asset objects reloaded before import = 0
Number of asset objects unloaded after import = 18
========================================================================
Received Import Request.
  Time since last request: 0.000015 seconds.
  path: Assets/Material/Water.mat
  artifactKey: Guid(13734d20aca68ee438f841ab9c3e5fb6) Importer(815301076,1909f56bfc062723c751e8b465ee728b)
Start importing Assets/Material/Water.mat using Guid(13734d20aca68ee438f841ab9c3e5fb6) Importer(815301076,1909f56bfc062723c751e8b465ee728b)  -> (artifact id: 'a407c4bf36900d9bb9e83016c2a642a7') in 0.102161 seconds
Number of updated asset objects reloaded before import = 0
Number of asset objects unloaded after import = 1
========================================================================
Received Import Request.
  Time since last request: 0.000020 seconds.
  path: Assets/Texture2D/DinobirdWater_col.png
  artifactKey: Guid(57bb7c7cc7b575946a2144099eb2f3a6) Importer(815301076,1909f56bfc062723c751e8b465ee728b)
Start importing Assets/Texture2D/DinobirdWater_col.png using Guid(57bb7c7cc7b575946a2144099eb2f3a6) Importer(815301076,1909f56bfc062723c751e8b465ee728b)  -> (artifact id: '128dd64546f64a470033e3cec7a82248') in 0.025083 seconds
Number of updated asset objects reloaded before import = 0
Number of asset objects unloaded after import = 2
========================================================================
Received Import Request.
  Time since last request: 0.000088 seconds.
  path: Assets/PrefabInstance/WaterDave.prefab
  artifactKey: Guid(1defc40b4ac5efb4a9a6ddfa870c74c3) Importer(815301076,1909f56bfc062723c751e8b465ee728b)
Start importing Assets/PrefabInstance/WaterDave.prefab using Guid(1defc40b4ac5efb4a9a6ddfa870c74c3) Importer(815301076,1909f56bfc062723c751e8b465ee728b)  -> (artifact id: '1f3ecb6d21237fdc4016314ca6dd50e0') in 0.514515 seconds
Internal: There are remaining Allocations on the JobTempAlloc. This is a leak, and will impact performance
To Debug, run app with -diag-job-temp-memory-leak-validation cmd line argument. This will output the callstacks of the leaked allocations.
Number of updated asset objects reloaded before import = 0
Number of asset objects unloaded after import = 396
========================================================================
Received Import Request.
  Time since last request: 0.000018 seconds.
  path: Assets/ScriptableObject/Bow/BowAncient_0.asset
  artifactKey: Guid(22b8d9007c60af74abfdfad15f125bec) Importer(815301076,1909f56bfc062723c751e8b465ee728b)
Start importing Assets/ScriptableObject/Bow/BowAncient_0.asset using Guid(22b8d9007c60af74abfdfad15f125bec) Importer(815301076,1909f56bfc062723c751e8b465ee728b)  -> (artifact id: '3f5c9b078bbd3e99086fbf09d2008153') in 0.005878 seconds
Internal: There are remaining Allocations on the JobTempAlloc. This is a leak, and will impact performance
To Debug, run app with -diag-job-temp-memory-leak-validation cmd line argument. This will output the callstacks of the leaked allocations.
Number of updated asset objects reloaded before import = 0
Number of asset objects unloaded after import = 1
========================================================================
Received Import Request.
  Time since last request: 0.000020 seconds.
  path: Assets/Material/Stylized Water 2.mat
  artifactKey: Guid(1b337e8e2d3803546969b22aca972574) Importer(815301076,1909f56bfc062723c751e8b465ee728b)
Start importing Assets/Material/Stylized Water 2.mat using Guid(1b337e8e2d3803546969b22aca972574) Importer(815301076,1909f56bfc062723c751e8b465ee728b)  -> (artifact id: '074dde0197a7aa0815816c1e2c8962fb') in 0.020039 seconds
Internal: There are remaining Allocations on the JobTempAlloc. This is a leak, and will impact performance
To Debug, run app with -diag-job-temp-memory-leak-validation cmd line argument. This will output the callstacks of the leaked allocations.
Number of updated asset objects reloaded before import = 0
Number of asset objects unloaded after import = 3
========================================================================
Received Import Request.
  Time since last request: 0.000015 seconds.
  path: Assets/PrefabInstance/Planks_WallWindow.prefab
  artifactKey: Guid(7e814dce9557c854590caf9d5888cdf8) Importer(815301076,1909f56bfc062723c751e8b465ee728b)
Start importing Assets/PrefabInstance/Planks_WallWindow.prefab using Guid(7e814dce9557c854590caf9d5888cdf8) Importer(815301076,1909f56bfc062723c751e8b465ee728b)  -> (artifact id: '2f35cabc6e7583b5f2a9efccaae8fb0c') in 0.050819 seconds
Internal: There are remaining Allocations on the JobTempAlloc. This is a leak, and will impact performance
To Debug, run app with -diag-job-temp-memory-leak-validation cmd line argument. This will output the callstacks of the leaked allocations.
Number of updated asset objects reloaded before import = 0
Number of asset objects unloaded after import = 88
========================================================================
Received Import Request.
  Time since last request: 0.000016 seconds.
  path: Assets/ScriptableObject/Items/PlanksWall.asset
  artifactKey: Guid(a2c74727a87233d4d8b1a917e168a76a) Importer(815301076,1909f56bfc062723c751e8b465ee728b)
Start importing Assets/ScriptableObject/Items/PlanksWall.asset using Guid(a2c74727a87233d4d8b1a917e168a76a) Importer(815301076,1909f56bfc062723c751e8b465ee728b)  -> (artifact id: 'b857e0e4bd6fc08c094ca9e27ea60d37') in 0.023398 seconds
Internal: There are remaining Allocations on the JobTempAlloc. This is a leak, and will impact performance
To Debug, run app with -diag-job-temp-memory-leak-validation cmd line argument. This will output the callstacks of the leaked allocations.
Number of updated asset objects reloaded before import = 0
Number of asset objects unloaded after import = 91
========================================================================
Received Import Request.
  Time since last request: 0.000016 seconds.
  path: Assets/Material/Warning.mat
  artifactKey: Guid(9f74277f1299bee4e906d9796799dcaf) Importer(815301076,1909f56bfc062723c751e8b465ee728b)
Start importing Assets/Material/Warning.mat using Guid(9f74277f1299bee4e906d9796799dcaf) Importer(815301076,1909f56bfc062723c751e8b465ee728b)  -> (artifact id: 'c8848f3435db0d4e48e7e519765f5e66') in 0.195829 seconds
Internal: There are remaining Allocations on the JobTempAlloc. This is a leak, and will impact performance
To Debug, run app with -diag-job-temp-memory-leak-validation cmd line argument. This will output the callstacks of the leaked allocations.
Number of updated asset objects reloaded before import = 0
Number of asset objects unloaded after import = 1
========================================================================
Received Import Request.
  Time since last request: 0.000106 seconds.
  path: Assets/Stylized Water/Textures/GentleWaves.bmp
  artifactKey: Guid(ed512d00c2b0c0748bcb5cf3fce1a4c8) Importer(815301076,1909f56bfc062723c751e8b465ee728b)
Start importing Assets/Stylized Water/Textures/GentleWaves.bmp using Guid(ed512d00c2b0c0748bcb5cf3fce1a4c8) Importer(815301076,1909f56bfc062723c751e8b465ee728b)  -> (artifact id: '7abbc63492df75a6731803785422adde') in 0.019339 seconds
Internal: There are remaining Allocations on the JobTempAlloc. This is a leak, and will impact performance
To Debug, run app with -diag-job-temp-memory-leak-validation cmd line argument. This will output the callstacks of the leaked allocations.
Number of updated asset objects reloaded before import = 0
Number of asset objects unloaded after import = 2
========================================================================
Received Import Request.
  Time since last request: 0.000016 seconds.
  path: Assets/ScriptableObject/Items/PlanksWallHalf.asset
  artifactKey: Guid(6edc6be103147ce48bc0c2280921542e) Importer(815301076,1909f56bfc062723c751e8b465ee728b)
Start importing Assets/ScriptableObject/Items/PlanksWallHalf.asset using Guid(6edc6be103147ce48bc0c2280921542e) Importer(815301076,1909f56bfc062723c751e8b465ee728b)  -> (artifact id: '40c70381d576b414ce32c84b7f8a5279') in 0.017020 seconds
Internal: There are remaining Allocations on the JobTempAlloc. This is a leak, and will impact performance
To Debug, run app with -diag-job-temp-memory-leak-validation cmd line argument. This will output the callstacks of the leaked allocations.
Number of updated asset objects reloaded before import = 0
Number of asset objects unloaded after import = 91
========================================================================
Received Import Request.
  Time since last request: 0.000009 seconds.
  path: Assets/AudioClip/UnderwaterDamage.wav
  artifactKey: Guid(10c250b3f9e0f4943b06b46649636066) Importer(815301076,1909f56bfc062723c751e8b465ee728b)
Start importing Assets/AudioClip/UnderwaterDamage.wav using Guid(10c250b3f9e0f4943b06b46649636066) Importer(815301076,1909f56bfc062723c751e8b465ee728b)  -> (artifact id: '9370520d199b7a1610336c48161327c2') in 0.013010 seconds
Internal: There are remaining Allocations on the JobTempAlloc. This is a leak, and will impact performance
To Debug, run app with -diag-job-temp-memory-leak-validation cmd line argument. This will output the callstacks of the leaked allocations.
Number of updated asset objects reloaded before import = 0
Number of asset objects unloaded after import = 2
========================================================================
Received Import Request.
  Time since last request: 0.000015 seconds.
  path: Assets/Material/DaveWater.mat
  artifactKey: Guid(2b9be5bb3623d8c45a0efca67cd650ea) Importer(815301076,1909f56bfc062723c751e8b465ee728b)
Start importing Assets/Material/DaveWater.mat using Guid(2b9be5bb3623d8c45a0efca67cd650ea) Importer(815301076,1909f56bfc062723c751e8b465ee728b)  -> (artifact id: '5ef8bf992e05b8fedd110770048e9ff7') in 0.037174 seconds
Internal: There are remaining Allocations on the JobTempAlloc. This is a leak, and will impact performance
To Debug, run app with -diag-job-temp-memory-leak-validation cmd line argument. This will output the callstacks of the leaked allocations.
Number of updated asset objects reloaded before import = 0
Number of asset objects unloaded after import = 4
========================================================================
Received Import Request.
  Time since last request: 0.000018 seconds.
  path: Assets/Stylized Water/Materials/Stylized Water 2.mat
  artifactKey: Guid(d78f9c14da82e8c45a076941a94d0f64) Importer(815301076,1909f56bfc062723c751e8b465ee728b)
Start importing Assets/Stylized Water/Materials/Stylized Water 2.mat using Guid(d78f9c14da82e8c45a076941a94d0f64) Importer(815301076,1909f56bfc062723c751e8b465ee728b)  -> (artifact id: '67da2964b2af0e37f84d6f7080d80c5e') in 0.017657 seconds
Internal: There are remaining Allocations on the JobTempAlloc. This is a leak, and will impact performance
To Debug, run app with -diag-job-temp-memory-leak-validation cmd line argument. This will output the callstacks of the leaked allocations.
Number of updated asset objects reloaded before import = 0
Number of asset objects unloaded after import = 3
========================================================================
Received Import Request.
  Time since last request: 0.000016 seconds.
  path: Assets/Stylized Water/Textures/SmallWaves.TGA
  artifactKey: Guid(fab6b5b579fb24c1aa6ddc2fa68e4333) Importer(815301076,1909f56bfc062723c751e8b465ee728b)
Start importing Assets/Stylized Water/Textures/SmallWaves.TGA using Guid(fab6b5b579fb24c1aa6ddc2fa68e4333) Importer(815301076,1909f56bfc062723c751e8b465ee728b)  -> (artifact id: '049dc4594681641d5d949b4235d518e4') in 0.015909 seconds
Internal: There are remaining Allocations on the JobTempAlloc. This is a leak, and will impact performance
To Debug, run app with -diag-job-temp-memory-leak-validation cmd line argument. This will output the callstacks of the leaked allocations.
Number of updated asset objects reloaded before import = 0
Number of asset objects unloaded after import = 2
========================================================================
Received Import Request.
  Time since last request: 0.000067 seconds.
  path: Assets/PrefabInstance/Planks_Wall.prefab
  artifactKey: Guid(b03ed672ca46cb04f8f40a271d39bd73) Importer(815301076,1909f56bfc062723c751e8b465ee728b)
Start importing Assets/PrefabInstance/Planks_Wall.prefab using Guid(b03ed672ca46cb04f8f40a271d39bd73) Importer(815301076,1909f56bfc062723c751e8b465ee728b)  -> (artifact id: 'af4b7d27ecc85c7831305d7c0e7d7867') in 0.032010 seconds
Internal: There are remaining Allocations on the JobTempAlloc. This is a leak, and will impact performance
To Debug, run app with -diag-job-temp-memory-leak-validation cmd line argument. This will output the callstacks of the leaked allocations.
Number of updated asset objects reloaded before import = 0
Number of asset objects unloaded after import = 88
========================================================================
Received Import Request.
  Time since last request: 0.000012 seconds.
  path: Assets/Material/Arrow_Water.mat
  artifactKey: Guid(5fa32989425e89e4f8d4eda4497919d3) Importer(815301076,1909f56bfc062723c751e8b465ee728b)
Start importing Assets/Material/Arrow_Water.mat using Guid(5fa32989425e89e4f8d4eda4497919d3) Importer(815301076,1909f56bfc062723c751e8b465ee728b)  -> (artifact id: 'b206c39885b9d022b44801c22ec1886d') in 0.026368 seconds
Internal: JobTempAlloc has allocations that are more than the maximum lifespan of 4 frames old - this is not allowed and likely a leak
To Debug, run app with -diag-job-temp-memory-leak-validation cmd line argument. This will output the callstacks of the leaked allocations.
Internal: There are remaining Allocations on the JobTempAlloc. This is a leak, and will impact performance
To Debug, run app with -diag-job-temp-memory-leak-validation cmd line argument. This will output the callstacks of the leaked allocations.
Number of updated asset objects reloaded before import = 0
Number of asset objects unloaded after import = 3
========================================================================
Received Import Request.
  Time since last request: 0.000018 seconds.
  path: Assets/AudioClip/Underwater_Player.wav
  artifactKey: Guid(05365cc64946fb6438c1b8b3d9d5b46b) Importer(815301076,1909f56bfc062723c751e8b465ee728b)
Start importing Assets/AudioClip/Underwater_Player.wav using Guid(05365cc64946fb6438c1b8b3d9d5b46b) Importer(815301076,1909f56bfc062723c751e8b465ee728b)  -> (artifact id: 'fe6d93105a7d78c0214370f81e0019fd') in 0.014540 seconds
Internal: There are remaining Allocations on the JobTempAlloc. This is a leak, and will impact performance
To Debug, run app with -diag-job-temp-memory-leak-validation cmd line argument. This will output the callstacks of the leaked allocations.
Number of updated asset objects reloaded before import = 0
Number of asset objects unloaded after import = 2
========================================================================
Received Import Request.
  Time since last request: 0.000016 seconds.
  path: Assets/PrefabInstance/Planks_Doorway.prefab
  artifactKey: Guid(4430143685ac5f64da3497aefce634cf) Importer(815301076,1909f56bfc062723c751e8b465ee728b)
Start importing Assets/PrefabInstance/Planks_Doorway.prefab using Guid(4430143685ac5f64da3497aefce634cf) Importer(815301076,1909f56bfc062723c751e8b465ee728b)  -> (artifact id: 'f7888fb06db14d1ac55ea8515dd7797a') in 0.026532 seconds
Internal: There are remaining Allocations on the JobTempAlloc. This is a leak, and will impact performance
To Debug, run app with -diag-job-temp-memory-leak-validation cmd line argument. This will output the callstacks of the leaked allocations.
Number of updated asset objects reloaded before import = 0
Number of asset objects unloaded after import = 88
========================================================================
Received Import Request.
  Time since last request: 0.000020 seconds.
  path: Assets/ScriptableObject/Mobs/Dave_Water.asset
  artifactKey: Guid(e8d69cf08b990c34c98ec2761b909299) Importer(815301076,1909f56bfc062723c751e8b465ee728b)
Start importing Assets/ScriptableObject/Mobs/Dave_Water.asset using Guid(e8d69cf08b990c34c98ec2761b909299) Importer(815301076,1909f56bfc062723c751e8b465ee728b)  -> (artifact id: 'a7747798bac3bd8ff4a73a4ec444e3b7') in 0.024063 seconds
Internal: There are remaining Allocations on the JobTempAlloc. This is a leak, and will impact performance
To Debug, run app with -diag-job-temp-memory-leak-validation cmd line argument. This will output the callstacks of the leaked allocations.
Number of updated asset objects reloaded before import = 0
Number of asset objects unloaded after import = 333
========================================================================
Received Prepare
Begin MonoManager ReloadAssembly
C:\build\output\Unity-Technologies\mono\mono\metadata\icall.c:1842:
C:\build\output\Unity-Technologies\mono\mono\metadata\icall.c:1842:
C:\build\output\Unity-Technologies\mono\mono\metadata\icall.c:1842:
C:\build\output\Unity-Technologies\mono\mono\metadata\icall.c:1842:
C:\build\output\Unity-Technologies\mono\mono\metadata\icall.c:1842:
C:\build\output\Unity-Technologies\mono\mono\metadata\icall.c:1842:
C:\build\output\Unity-Technologies\mono\mono\metadata\icall.c:1842:
C:\build\output\Unity-Technologies\mono\mono\metadata\icall.c:1842:
C:\build\output\Unity-Technologies\mono\mono\metadata\icall.c:1842:
C:\build\output\Unity-Technologies\mono\mono\metadata\icall.c:1842:
C:\build\output\Unity-Technologies\mono\mono\metadata\icall.c:1842:
C:\build\output\Unity-Technologies\mono\mono\metadata\icall.c:1842:
- Loaded All Assemblies, in  0.481 seconds
Refreshing native plugins compatible for Editor in 3.34 ms, found 3 plugins.
Native extension for Android target not found
Native extension for UWP target not found
Native extension for WindowsStandalone target not found
Native extension for WebGL target not found
Mono: successfully reloaded assembly
- Finished resetting the current domain, in  0.468 seconds
Domain Reload Profiling: 948ms
	BeginReloadAssembly (144ms)
		ExecutionOrderSort (0ms)
		DisableScriptedObjects (3ms)
		BackupInstance (0ms)
		ReleaseScriptingObjects (0ms)
		CreateAndSetChildDomain (42ms)
	RebuildCommonClasses (23ms)
	RebuildNativeTypeToScriptingClass (11ms)
	initialDomainReloadingComplete (16ms)
	LoadAllAssembliesAndSetupDomain (286ms)
		LoadAssemblies (184ms)
		RebuildTransferFunctionScriptingTraits (0ms)
		AnalyzeDomain (173ms)
			TypeCache.Refresh (167ms)
				TypeCache.ScanAssembly (160ms)
			ScanForSourceGeneratedMonoScriptInfo (0ms)
			ResolveRequiredComponents (5ms)
	FinalizeReload (469ms)
		ReleaseScriptCaches (0ms)
		RebuildScriptCaches (0ms)
		SetupLoadedEditorAssemblies (229ms)
			LogAssemblyErrors (0ms)
			InitializePlatformSupportModulesInManaged (18ms)
			SetLoadedEditorAssemblies (2ms)
			BeforeProcessingInitializeOnLoad (44ms)
			ProcessInitializeOnLoadAttributes (150ms)
			ProcessInitializeOnLoadMethodAttributes (13ms)
			AfterProcessingInitializeOnLoad (2ms)
			EditorAssembliesLoaded (0ms)
		ExecutionOrderSort2 (0ms)
		AwakeInstancesAfterBackupRestoration (5ms)
Refreshing native plugins compatible for Editor in 3.10 ms, found 3 plugins.
Preloading 0 native plugins for Editor in 0.00 ms.
Unloading 1946 Unused Serialized files (Serialized files now loaded: 0)
Unloading 42 unused Assets / (1.1 MB). Loaded Objects now: 2602.
Memory consumption went from 107.7 MB to 106.7 MB.
Total: 5.902100 ms (FindLiveObjects: 0.180400 ms CreateObjectMapping: 0.084700 ms MarkObjects: 5.108000 ms  DeleteObjects: 0.526500 ms)

Prepare: number of updated asset objects reloaded= 0
AssetImportParameters requested are different than current active one (requested -> active):
  custom:container-demuxer-ogg: 62fdf1f143b41e24485cea50d1cbac27 -> 
  custom:framework-win-MediaFoundation: 216162199b28c13a410421893ffa2e32 -> 
  custom:video-decoder-webm-vp8: 9c59270c3fd7afecdb556c50c9e8de78 -> 
  custom:audio-encoder-webm-vorbis: bf7c407c2cedff20999df2af8eb42d56 -> 
  custom:video-decoder-ogg-theora: a1e56fd34408186e4bbccfd4996cb3dc -> 
  custom:container-muxer-webm: aa71ff27fc2769a1b78a27578f13a17b -> 
  custom:AudioImporter_EditorPlatform: d09bf68614088b80899f8185d706f6e7 -> 
  custom:audio-decoder-ogg-vorbis: bf7c407c2cedff20999df2af8eb42d56 -> 
  custom:video-codec-MediaFoundation-h265: 746d11721c4dcdbdad8f713fa42b33f4 -> 
  custom:CustomObjectIndexerAttribute: 756ad292c208cfabdd7b50bc23989ffe -> 
  custom:container-demuxer-webm: 4f35f7cbe854078d1ac9338744f61a02 -> 
  custom:video-encoder-webm-vp8: eb34c28f22e8b96e1ab97ce403110664 -> 
========================================================================
Received Import Request.
  Time since last request: 18.126186 seconds.
  path: Assets/AudioClip/foot_wood0.wav
  artifactKey: Guid(5dc072d7a00a06f4ca941fe2f4533e4c) Importer(815301076,1909f56bfc062723c751e8b465ee728b)
Start importing Assets/AudioClip/foot_wood0.wav using Guid(5dc072d7a00a06f4ca941fe2f4533e4c) Importer(815301076,1909f56bfc062723c751e8b465ee728b)  -> (artifact id: '126226007036d7ef66d41a60ebba48f9') in 0.061742 seconds
Number of updated asset objects reloaded before import = 0
Number of asset objects unloaded after import = 2
========================================================================
Received Import Request.
  Time since last request: 0.000016 seconds.
  path: Assets/AudioClip/foot_wood3.wav
  artifactKey: Guid(c1ecd343b956732409aea16441a88d6b) Importer(815301076,1909f56bfc062723c751e8b465ee728b)
Start importing Assets/AudioClip/foot_wood3.wav using Guid(c1ecd343b956732409aea16441a88d6b) Importer(815301076,1909f56bfc062723c751e8b465ee728b)  -> (artifact id: 'b8d9a307a96e3567cbc2837cc0d53f54') in 0.016063 seconds
Number of updated asset objects reloaded before import = 0
Number of asset objects unloaded after import = 2
Editor requested this worker to shutdown with reason: Scaling down because of idle timeout
AssetImportWorker is now disconnected from the server
Process exiting
Exiting without the bug reporter. Application will terminate with return code 0